#
# A fatal error has been detected by the Java Runtime Environment:
#
#  SIGSEGV (0xb) at pc=0x00007f5efdf88788, pid=15839, tid=0x00007f5e9cfbd700
#
# JRE version: Java(TM) SE Runtime Environment (8.0_161-b12) (build 1.8.0_161-b12)
# Java VM: Java HotSpot(TM) 64-Bit Server VM (25.161-b12 mixed mode linux-amd64 compressed oops)
# Problematic frame:
# V  [libjvm.so+0x6d7788]  jni_invoke_nonstatic(JNIEnv_*, JavaValue*, _jobject*, JNICallType, _jmethodID*, JNI_ArgumentPusher*, Thread*)+0x38
#
# Failed to write core dump. Core dumps have been disabled. To enable core dumping, try "ulimit -c unlimited" before starting Java again
#
# If you would like to submit a bug report, please visit:
#   http://bugreport.java.com/bugreport/crash.jsp
#

---------------  T H R E A D  ---------------

Current thread (0x00007f5ef83a7000):  JavaThread "JavaFX Application Thread" [_thread_in_vm, id=15859, stack(0x00007f5e9cebd000,0x00007f5e9cfbe000)]

siginfo: si_signo: 11 (SIGSEGV), si_code: 128 (SI_KERNEL), si_addr: 0x0000000000000000

Registers:
RAX=0x00007f5e9cfbc470, RBX=0x00007f5e9cfbc380, RCX=0x0000000000000001, RDX=0x776172642d78666a
RSP=0x00007f5e9cfbc1d0, RBP=0x00007f5e9cfbc350, RSI=0x00007f5e9cfbc3e0, RDI=0x00007f5ef83a71f8
R8 =0x00007f5ef82f53e8, R9 =0x00007f5e9cfbc380, R10=0x00007f5e90000d30, R11=0x00007f5ee94e46e0
R12=0x00007f5ef83a7000, R13=0x00007f5ef82f53e8, R14=0x0000000000000001, R15=0x00007f5ef83a71f8
RIP=0x00007f5efdf88788, EFLAGS=0x0000000000010206, CSGSFS=0x002b000000000033, ERR=0x0000000000000000
  TRAPNO=0x000000000000000d

Top of Stack: (sp=0x00007f5e9cfbc1d0)
0x00007f5e9cfbc1d0:   00007f5e9cfbc8d0 00007f5e9cfbc4f0
0x00007f5e9cfbc1e0:   00007f5e9cfbc230 00007f5e9cfbc2b0
0x00007f5e9cfbc1f0:   00007f5e9cfbc380 00007f5e9cfbc3e0
0x00007f5e9cfbc200:   00007f5ef83a71f8 00007f5efdfa8290
0x00007f5e9cfbc210:   00007f5eb40011b0 00007f5eb40011c0
0x00007f5e9cfbc220:   00007f5eb4001598 00000000000003d8
0x00007f5e9cfbc230:   0000000000000000 0000000085561d70
0x00007f5e9cfbc240:   00007f5e0000006f 00007f5e0000000a
0x00007f5e9cfbc250:   00000000d83a1570 0000000000000000
0x00007f5e9cfbc260:   0000000000000000 0000000000000000
0x00007f5e9cfbc270:   00007f5ed3ce6c30 0000000100000100
0x00007f5e9cfbc280:   0000000000000000 00007f5e9cfbc238
0x00007f5e9cfbc290:   00007f5e9cfbc279 0000000800000005
0x00007f5e9cfbc2a0:   00007f5e9cfbc200 00007f5ef83a75b0
0x00007f5e9cfbc2b0:   00007f5efe81be70 00007f5eff354720
0x00007f5e9cfbc2c0:   00000000f83a7530 00007f5ef83a7000
0x00007f5e9cfbc2d0:   0000000000000000 00007f5efdf88b5b
0x00007f5e9cfbc2e0:   00007f5ed3cf0d78 00007f5ef83a7000
0x00007f5e9cfbc2f0:   00007f5ed3cf0d78 00007f5ef83a7000
0x00007f5e9cfbc300:   00007f5e9cfbc490 00007f5ed3cf0d78
0x00007f5e9cfbc310:   00007f5ed3cf0d78 00007f5ed3cf0d78
0x00007f5e9cfbc320:   00007f5eb40011b0 00007f5e9cfbc380
0x00007f5e9cfbc330:   00007f5ef83a7000 00007f5e9cfbc3c0
0x00007f5e9cfbc340:   00007f5ef82f53e8 00007f5ef83a71f8
0x00007f5e9cfbc350:   00007f5e9cfbc440 00007f5efdf8cf2f
0x00007f5e9cfbc360:   00007f5ef83a7000 00007f5ed129c4d4
0x00007f5e9cfbc370:   00007f5e9cfbc458 776172642d78666a
0x00007f5e9cfbc380:   00007f5efe81caf0 00007f5eff354720
0x00007f5e9cfbc390:   0000000000000000 00007f5e00000063
0x00007f5e9cfbc3a0:   0000000000000000 0000003000000018
0x00007f5e9cfbc3b0:   00007f5e9cfbc530 00007f5e9cfbc470
0x00007f5e9cfbc3c0:   00007f5ef83a7000 0000000000000000 

Instructions: (pc=0x00007f5efdf88788)
0x00007f5efdf88768:   00 00 48 85 d2 48 89 bd b0 fe ff ff 48 89 b5 a8
0x00007f5efdf88778:   fe ff ff 4c 89 8d a0 fe ff ff 0f 84 78 09 00 00
0x00007f5efdf88788:   4c 8b 22 4d 85 e4 0f 84 6c 09 00 00 48 8b 45 10
0x00007f5efdf88798:   48 8b 98 38 01 00 00 48 83 7b 18 f7 0f 87 16 07 

Register to memory mapping:

RAX=0x00007f5e9cfbc470 is pointing into the stack for thread: 0x00007f5ef83a7000
RBX=0x00007f5e9cfbc380 is pointing into the stack for thread: 0x00007f5ef83a7000
RCX=0x0000000000000001 is an unknown value
RDX=0x776172642d78666a is an unknown value
RSP=0x00007f5e9cfbc1d0 is pointing into the stack for thread: 0x00007f5ef83a7000
RBP=0x00007f5e9cfbc350 is pointing into the stack for thread: 0x00007f5ef83a7000
RSI=0x00007f5e9cfbc3e0 is pointing into the stack for thread: 0x00007f5ef83a7000
RDI=0x00007f5ef83a71f8 is an unknown value
R8 =0x00007f5ef82f53e8 is an unknown value
R9 =0x00007f5e9cfbc380 is pointing into the stack for thread: 0x00007f5ef83a7000
R10=0x00007f5e90000d30 is an unknown value
R11=0x00007f5ee94e46e0 is at entry_point+32 in (nmethod*)0x00007f5ee94e4550
R12=0x00007f5ef83a7000 is a thread
R13=0x00007f5ef82f53e8 is an unknown value
R14=0x0000000000000001 is an unknown value
R15=0x00007f5ef83a71f8 is an unknown value


Stack: [0x00007f5e9cebd000,0x00007f5e9cfbe000],  sp=0x00007f5e9cfbc1d0,  free space=1020k
Native frames: (J=compiled Java code, j=interpreted, Vv=VM code, C=native code)
V  [libjvm.so+0x6d7788]  jni_invoke_nonstatic(JNIEnv_*, JavaValue*, _jobject*, JNICallType, _jmethodID*, JNI_ArgumentPusher*, Thread*)+0x38
V  [libjvm.so+0x6dbf2f]  jni_CallVoidMethodV+0x10f
C  [libglass.so+0x18641]  JNIEnv_::CallVoidMethod(_jobject*, _jmethodID*, ...)+0x81
C  [libglass.so+0x14f0f]  WindowContextBase::process_key(_GdkEventKey*)+0x20f
C  [libglass.so+0x19f60]  WindowContextBase::im_filter_keypress(_GdkEventKey*)+0x1c0
C  [libglass.so+0x1a91c]  process_events(_GdkEvent*, void*)+0x22c
C  [libgdk-x11-2.0.so.0+0x5af0c]

Java frames: (J=compiled Java code, j=interpreted, Vv=VM code)
j  com.sun.glass.ui.gtk.GtkApplication._runLoop(Ljava/lang/Runnable;Z)V+0
j  com.sun.glass.ui.gtk.GtkApplication.lambda$null$48(Ljava/lang/Runnable;Z)V+7
j  com.sun.glass.ui.gtk.GtkApplication$$Lambda$41.run()V+12
j  java.lang.Thread.run()V+11
v  ~StubRoutines::call_stub

---------------  P R O C E S S  ---------------

Java Threads: ( => current thread )
  0x00007f5e8012e800 JavaThread "derby.rawStoreDaemon" daemon [_thread_blocked, id=15864, stack(0x00007f5e874f6000,0x00007f5e875f7000)]
  0x00007f5e800e8000 JavaThread "Timer-0" daemon [_thread_blocked, id=15863, stack(0x00007f5e8c0b3000,0x00007f5e8c1b4000)]
  0x00007f5e90297800 JavaThread "Prism Font Disposer" daemon [_thread_blocked, id=15861, stack(0x00007f5e8cb28000,0x00007f5e8cc29000)]
  0x00007f5ef83aa800 JavaThread "JavaFX-Launcher" [_thread_blocked, id=15860, stack(0x00007f5e9cdbc000,0x00007f5e9cebd000)]
=>0x00007f5ef83a7000 JavaThread "JavaFX Application Thread" [_thread_in_vm, id=15859, stack(0x00007f5e9cebd000,0x00007f5e9cfbe000)]
  0x00007f5ef83a4000 JavaThread "Thread-1" daemon [_thread_blocked, id=15858, stack(0x00007f5e9cfbe000,0x00007f5e9d0bf000)]
  0x00007f5ef82e0000 JavaThread "QuantumRenderer-0" daemon [_thread_blocked, id=15857, stack(0x00007f5ed1d0c000,0x00007f5ed1e0d000)]
  0x00007f5ef8188000 JavaThread "Service Thread" daemon [_thread_blocked, id=15855, stack(0x00007f5ed1f0e000,0x00007f5ed200f000)]
  0x00007f5ef8185800 JavaThread "C1 CompilerThread2" daemon [_thread_blocked, id=15854, stack(0x00007f5ed200f000,0x00007f5ed2110000)]
  0x00007f5ef8183800 JavaThread "C2 CompilerThread1" daemon [_thread_in_native, id=15853, stack(0x00007f5ed2110000,0x00007f5ed2211000)]
  0x00007f5ef8180800 JavaThread "C2 CompilerThread0" daemon [_thread_in_native, id=15852, stack(0x00007f5ed2211000,0x00007f5ed2312000)]
  0x00007f5ef817f000 JavaThread "Signal Dispatcher" daemon [_thread_blocked, id=15851, stack(0x00007f5ed2312000,0x00007f5ed2413000)]
  0x00007f5ef814c800 JavaThread "Finalizer" daemon [_thread_blocked, id=15850, stack(0x00007f5ed26ef000,0x00007f5ed27f0000)]
  0x00007f5ef8148000 JavaThread "Reference Handler" daemon [_thread_blocked, id=15849, stack(0x00007f5ed27f0000,0x00007f5ed28f1000)]
  0x00007f5ef800b800 JavaThread "main" [_thread_blocked, id=15842, stack(0x00007f5eff3d0000,0x00007f5eff4d1000)]

Other Threads:
  0x00007f5ef8140800 VMThread [stack: 0x00007f5ed28f1000,0x00007f5ed29f2000] [id=15848]
  0x00007f5ef818d800 WatcherThread [stack: 0x00007f5ed1e0d000,0x00007f5ed1f0e000] [id=15856]

VM state:not at safepoint (normal execution)

VM Mutex/Monitor currently owned by a thread: None

Heap:
 PSYoungGen      total 36864K, used 9154K [0x00000000d7100000, 0x00000000da400000, 0x0000000100000000)
  eden space 31744K, 12% used [0x00000000d7100000,0x00000000d74f5ab0,0x00000000d9000000)
  from space 5120K, 99% used [0x00000000d9000000,0x00000000d94fb100,0x00000000d9500000)
  to   space 5120K, 0% used [0x00000000d9f00000,0x00000000d9f00000,0x00000000da400000)
 ParOldGen       total 63488K, used 10568K [0x0000000085200000, 0x0000000089000000, 0x00000000d7100000)
  object space 63488K, 16% used [0x0000000085200000,0x0000000085c523f0,0x0000000089000000)
 Metaspace       used 29466K, capacity 30592K, committed 30640K, reserved 1075200K
  class space    used 4128K, capacity 4519K, committed 4528K, reserved 1048576K

Card table byte_map: [0x00007f5ee8c28000,0x00007f5ee9000000] byte_map_base: 0x00007f5ee87ff000

Marking Bits: (ParMarkBitMap*) 0x00007f5efe880920
 Begin Bits: [0x00007f5ed8290000, 0x00007f5eda148000)
 End Bits:   [0x00007f5eda148000, 0x00007f5edc000000)

Polling page: 0x00007f5eff4eb000

CodeCache: size=245760Kb used=8743Kb max_used=8745Kb free=237016Kb
 bounds [0x00007f5ee9000000, 0x00007f5ee9890000, 0x00007f5ef8000000]
 total_blobs=3767 nmethods=2898 adapters=780
 compilation: enabled

Compilation events (10 events):
Event: 5.812 Thread 0x00007f5ef8183800 2836       4       java.util.WeakHashMap::get (77 bytes)
Event: 5.815 Thread 0x00007f5ef8183800 nmethod 2836 0x00007f5ee987c0d0 code [0x00007f5ee987c240, 0x00007f5ee987c498]
Event: 5.815 Thread 0x00007f5ef8183800 2901       4       java.io.FilterInputStream::read (8 bytes)
Event: 5.816 Thread 0x00007f5ef8185800 nmethod 2891 0x00007f5ee9886e90 code [0x00007f5ee9887220, 0x00007f5ee9888c58]
Event: 5.816 Thread 0x00007f5ef8185800 2900       3       com.sun.javafx.iio.png.PNGImageLoader2::doSubFilter (35 bytes)
Event: 5.817 Thread 0x00007f5ef8185800 nmethod 2900 0x00007f5ee987bbd0 code [0x00007f5ee987bd40, 0x00007f5ee987bf90]
Event: 5.817 Thread 0x00007f5ef8185800 2902 %     3       com.sun.javafx.iio.common.RoughScaler::putSourceScanline @ 116 (261 bytes)
Event: 5.817 Thread 0x00007f5ef8185800 nmethod 2902% 0x00007f5ee987cc90 code [0x00007f5ee987cee0, 0x00007f5ee987d9f8]
Event: 5.817 Thread 0x00007f5ef8183800 nmethod 2901 0x00007f5ee988bad0 code [0x00007f5ee988bc40, 0x00007f5ee988c0c8]
Event: 5.817 Thread 0x00007f5ef8183800 2832       4       javafx.scene.CssStyleHelper::handleNoStyleFound (88 bytes)

GC Heap History (8 events):
Event: 0.975 GC heap before
{Heap before GC invocations=1 (full 0):
 PSYoungGen      total 36864K, used 31744K [0x00000000d7100000, 0x00000000d9a00000, 0x0000000100000000)
  eden space 31744K, 100% used [0x00000000d7100000,0x00000000d9000000,0x00000000d9000000)
  from space 5120K, 0% used [0x00000000d9500000,0x00000000d9500000,0x00000000d9a00000)
  to   space 5120K, 0% used [0x00000000d9000000,0x00000000d9000000,0x00000000d9500000)
 ParOldGen       total 84992K, used 0K [0x0000000085200000, 0x000000008a500000, 0x00000000d7100000)
  object space 84992K, 0% used [0x0000000085200000,0x0000000085200000,0x000000008a500000)
 Metaspace       used 16031K, capacity 16654K, committed 16896K, reserved 1062912K
  class space    used 2332K, capacity 2507K, committed 2560K, reserved 1048576K
Event: 0.981 GC heap after
Heap after GC invocations=1 (full 0):
 PSYoungGen      total 36864K, used 5088K [0x00000000d7100000, 0x00000000d9a00000, 0x0000000100000000)
  eden space 31744K, 0% used [0x00000000d7100000,0x00000000d7100000,0x00000000d9000000)
  from space 5120K, 99% used [0x00000000d9000000,0x00000000d94f8060,0x00000000d9500000)
  to   space 5120K, 0% used [0x00000000d9500000,0x00000000d9500000,0x00000000d9a00000)
 ParOldGen       total 84992K, used 418K [0x0000000085200000, 0x000000008a500000, 0x00000000d7100000)
  object space 84992K, 0% used [0x0000000085200000,0x0000000085268808,0x000000008a500000)
 Metaspace       used 16031K, capacity 16654K, committed 16896K, reserved 1062912K
  class space    used 2332K, capacity 2507K, committed 2560K, reserved 1048576K
}
Event: 1.244 GC heap before
{Heap before GC invocations=2 (full 0):
 PSYoungGen      total 36864K, used 19411K [0x00000000d7100000, 0x00000000d9a00000, 0x0000000100000000)
  eden space 31744K, 45% used [0x00000000d7100000,0x00000000d7efcbc8,0x00000000d9000000)
  from space 5120K, 99% used [0x00000000d9000000,0x00000000d94f8060,0x00000000d9500000)
  to   space 5120K, 0% used [0x00000000d9500000,0x00000000d9500000,0x00000000d9a00000)
 ParOldGen       total 84992K, used 418K [0x0000000085200000, 0x000000008a500000, 0x00000000d7100000)
  object space 84992K, 0% used [0x0000000085200000,0x0000000085268808,0x000000008a500000)
 Metaspace       used 20488K, capacity 21190K, committed 21296K, reserved 1067008K
  class space    used 2895K, capacity 3097K, committed 3120K, reserved 1048576K
Event: 1.251 GC heap after
Heap after GC invocations=2 (full 0):
 PSYoungGen      total 36864K, used 5108K [0x00000000d7100000, 0x00000000db900000, 0x0000000100000000)
  eden space 31744K, 0% used [0x00000000d7100000,0x00000000d7100000,0x00000000d9000000)
  from space 5120K, 99% used [0x00000000d9500000,0x00000000d99fd090,0x00000000d9a00000)
  to   space 5120K, 0% used [0x00000000d9000000,0x00000000d9000000,0x00000000d9500000)
 ParOldGen       total 84992K, used 3642K [0x0000000085200000, 0x000000008a500000, 0x00000000d7100000)
  object space 84992K, 4% used [0x0000000085200000,0x000000008558eb48,0x000000008a500000)
 Metaspace       used 20488K, capacity 21190K, committed 21296K, reserved 1067008K
  class space    used 2895K, capacity 3097K, committed 3120K, reserved 1048576K
}
Event: 1.251 GC heap before
{Heap before GC invocations=3 (full 1):
 PSYoungGen      total 36864K, used 5108K [0x00000000d7100000, 0x00000000db900000, 0x0000000100000000)
  eden space 31744K, 0% used [0x00000000d7100000,0x00000000d7100000,0x00000000d9000000)
  from space 5120K, 99% used [0x00000000d9500000,0x00000000d99fd090,0x00000000d9a00000)
  to   space 5120K, 0% used [0x00000000d9000000,0x00000000d9000000,0x00000000d9500000)
 ParOldGen       total 84992K, used 3642K [0x0000000085200000, 0x000000008a500000, 0x00000000d7100000)
  object space 84992K, 4% used [0x0000000085200000,0x000000008558eb48,0x000000008a500000)
 Metaspace       used 20488K, capacity 21190K, committed 21296K, reserved 1067008K
  class space    used 2895K, capacity 3097K, committed 3120K, reserved 1048576K
Event: 1.282 GC heap after
Heap after GC invocations=3 (full 1):
 PSYoungGen      total 36864K, used 0K [0x00000000d7100000, 0x00000000db900000, 0x0000000100000000)
  eden space 31744K, 0% used [0x00000000d7100000,0x00000000d7100000,0x00000000d9000000)
  from space 5120K, 0% used [0x00000000d9500000,0x00000000d9500000,0x00000000d9a00000)
  to   space 5120K, 0% used [0x00000000d9000000,0x00000000d9000000,0x00000000d9500000)
 ParOldGen       total 63488K, used 8305K [0x0000000085200000, 0x0000000089000000, 0x00000000d7100000)
  object space 63488K, 13% used [0x0000000085200000,0x0000000085a1c7d0,0x0000000089000000)
 Metaspace       used 20488K, capacity 21190K, committed 21296K, reserved 1067008K
  class space    used 2895K, capacity 3097K, committed 3120K, reserved 1048576K
}
Event: 5.712 GC heap before
{Heap before GC invocations=4 (full 1):
 PSYoungGen      total 36864K, used 31744K [0x00000000d7100000, 0x00000000db900000, 0x0000000100000000)
  eden space 31744K, 100% used [0x00000000d7100000,0x00000000d9000000,0x00000000d9000000)
  from space 5120K, 0% used [0x00000000d9500000,0x00000000d9500000,0x00000000d9a00000)
  to   space 5120K, 0% used [0x00000000d9000000,0x00000000d9000000,0x00000000d9500000)
 ParOldGen       total 63488K, used 8305K [0x0000000085200000, 0x0000000089000000, 0x00000000d7100000)
  object space 63488K, 13% used [0x0000000085200000,0x0000000085a1c7d0,0x0000000089000000)
 Metaspace       used 29170K, capacity 30272K, committed 30384K, reserved 1075200K
  class space    used 4075K, capacity 4455K, committed 4528K, reserved 1048576K
Event: 5.722 GC heap after
Heap after GC invocations=4 (full 1):
 PSYoungGen      total 36864K, used 5100K [0x00000000d7100000, 0x00000000da400000, 0x0000000100000000)
  eden space 31744K, 0% used [0x00000000d7100000,0x00000000d7100000,0x00000000d9000000)
  from space 5120K, 99% used [0x00000000d9000000,0x00000000d94fb100,0x00000000d9500000)
  to   space 5120K, 0% used [0x00000000d9f00000,0x00000000d9f00000,0x00000000da400000)
 ParOldGen       total 63488K, used 10568K [0x0000000085200000, 0x0000000089000000, 0x00000000d7100000)
  object space 63488K, 16% used [0x0000000085200000,0x0000000085c523f0,0x0000000089000000)
 Metaspace       used 29170K, capacity 30272K, committed 30384K, reserved 1075200K
  class space    used 4075K, capacity 4455K, committed 4528K, reserved 1048576K
}

Deoptimization events (10 events):
Event: 1.124 Thread 0x00007f5ef83a7000 Uncommon trap: reason=unstable_if action=reinterpret pc=0x00007f5ee92f2764 method=jdk.internal.org.objectweb.asm.Type.getArgumentsAndReturnSizes(Ljava/lang/String;)I @ 47
Event: 1.475 Thread 0x00007f5e903b9000 Uncommon trap: reason=unstable_if action=reinterpret pc=0x00007f5ee921e738 method=java.lang.AbstractStringBuilder.append(Ljava/lang/String;)Ljava/lang/AbstractStringBuilder; @ 1
Event: 1.866 Thread 0x00007f5e903b9000 Uncommon trap: reason=unstable_if action=reinterpret pc=0x00007f5ee9383114 method=java.lang.ClassLoader.checkName(Ljava/lang/String;)Z @ 36
Event: 1.866 Thread 0x00007f5e903b9000 Uncommon trap: reason=unstable_if action=reinterpret pc=0x00007f5ee9428230 method=java.util.concurrent.ConcurrentHashMap.putVal(Ljava/lang/Object;Ljava/lang/Object;Z)Ljava/lang/Object; @ 181
Event: 5.485 Thread 0x00007f5ef83a7000 Uncommon trap: reason=range_check action=make_not_entrant pc=0x00007f5ee96bc880 method=sun.reflect.generics.parser.SignatureParser.current()C @ 34
Event: 5.657 Thread 0x00007f5ef83a7000 Uncommon trap: reason=unstable_if action=reinterpret pc=0x00007f5ee95756f8 method=java.lang.StrictMath.floorOrCeil(DDDD)D @ 38
Event: 5.787 Thread 0x00007f5ef83a7000 Uncommon trap: reason=array_check action=maybe_recompile pc=0x00007f5ee9858170 method=com.sun.javafx.css.SimpleSelector.applies(Ljavafx/css/Styleable;[Ljava/util/Set;I)Z @ 37
Event: 5.787 Thread 0x00007f5ef83a7000 Uncommon trap: reason=array_check action=maybe_recompile pc=0x00007f5ee9858170 method=com.sun.javafx.css.SimpleSelector.applies(Ljavafx/css/Styleable;[Ljava/util/Set;I)Z @ 37
Event: 5.787 Thread 0x00007f5ef83a7000 Uncommon trap: reason=array_check action=maybe_recompile pc=0x00007f5ee9858170 method=com.sun.javafx.css.SimpleSelector.applies(Ljavafx/css/Styleable;[Ljava/util/Set;I)Z @ 37
Event: 5.787 Thread 0x00007f5ef83a7000 Uncommon trap: reason=array_check action=maybe_recompile pc=0x00007f5ee9858170 method=com.sun.javafx.css.SimpleSelector.applies(Ljavafx/css/Styleable;[Ljava/util/Set;I)Z @ 37

Classes redefined (0 events):
No events

Internal exceptions (10 events):
Event: 1.310 Thread 0x00007f5e903b9000 Exception <a 'java/lang/ArrayIndexOutOfBoundsException'> (0x00000000d727bdb8) thrown at [/HUDSON/workspace/8-2-build-linux-amd64/jdk8u161/10277/hotspot/src/share/vm/runtime/sharedRuntime.cpp, line 605]
Event: 1.321 Thread 0x00007f5e903b9000 Exception <a 'java/lang/ArrayIndexOutOfBoundsException'> (0x00000000d72a3bf8) thrown at [/HUDSON/workspace/8-2-build-linux-amd64/jdk8u161/10277/hotspot/src/share/vm/runtime/sharedRuntime.cpp, line 605]
Event: 1.321 Thread 0x00007f5e903b9000 Exception <a 'java/lang/ArrayIndexOutOfBoundsException'> (0x00000000d72a4de8) thrown at [/HUDSON/workspace/8-2-build-linux-amd64/jdk8u161/10277/hotspot/src/share/vm/runtime/sharedRuntime.cpp, line 605]
Event: 1.321 Thread 0x00007f5e903b9000 Exception <a 'java/lang/ArrayIndexOutOfBoundsException'> (0x00000000d72a6380) thrown at [/HUDSON/workspace/8-2-build-linux-amd64/jdk8u161/10277/hotspot/src/share/vm/runtime/sharedRuntime.cpp, line 605]
Event: 1.327 Thread 0x00007f5e903b9000 Exception <a 'java/lang/ArrayIndexOutOfBoundsException'> (0x00000000d72cc088) thrown at [/HUDSON/workspace/8-2-build-linux-amd64/jdk8u161/10277/hotspot/src/share/vm/runtime/sharedRuntime.cpp, line 605]
Event: 1.329 Thread 0x00007f5e903b9000 Exception <a 'java/lang/ArrayIndexOutOfBoundsException'> (0x00000000d72da488) thrown at [/HUDSON/workspace/8-2-build-linux-amd64/jdk8u161/10277/hotspot/src/share/vm/runtime/sharedRuntime.cpp, line 605]
Event: 1.475 Thread 0x00007f5e903b9000 Implicit null exception at 0x00007f5ee921e376 to 0x00007f5ee921e721
Event: 5.445 Thread 0x00007f5ef83a7000 Exception <a 'java/lang/ArrayIndexOutOfBoundsException'> (0x00000000d84c25a8) thrown at [/HUDSON/workspace/8-2-build-linux-amd64/jdk8u161/10277/hotspot/src/share/vm/runtime/sharedRuntime.cpp, line 605]
Event: 5.445 Thread 0x00007f5ef83a7000 Exception <a 'java/lang/ArrayIndexOutOfBoundsException'> (0x00000000d84c47b8) thrown at [/HUDSON/workspace/8-2-build-linux-amd64/jdk8u161/10277/hotspot/src/share/vm/runtime/sharedRuntime.cpp, line 605]
Event: 5.485 Thread 0x00007f5ef83a7000 Exception <a 'java/lang/ArrayIndexOutOfBoundsException': 65> (0x00000000d86550c8) thrown at [/HUDSON/workspace/8-2-build-linux-amd64/jdk8u161/10277/hotspot/src/share/vm/interpreter/interpreterRuntime.cpp, line 366]

Events (10 events):
Event: 5.807 loading class javafx/scene/shape/ArcTo$5
Event: 5.807 loading class javafx/scene/shape/ArcTo$5 done
Event: 5.807 loading class javafx/scene/shape/ArcTo$6
Event: 5.807 loading class javafx/scene/shape/ArcTo$6 done
Event: 5.807 loading class javafx/scene/shape/ArcTo$7
Event: 5.807 loading class javafx/scene/shape/ArcTo$7 done
Event: 5.807 loading class javafx/scene/shape/ArcTo$1
Event: 5.807 loading class javafx/scene/shape/ArcTo$1 done
Event: 5.807 loading class javafx/scene/shape/ArcTo$2
Event: 5.807 loading class javafx/scene/shape/ArcTo$2 done


Dynamic libraries:
00400000-00401000 r-xp 00000000 08:07 3282432                            /usr/lib/jvm/java-8-oracle/jre/bin/java
00600000-00601000 rw-p 00000000 08:07 3282432                            /usr/lib/jvm/java-8-oracle/jre/bin/java
01138000-01159000 rw-p 00000000 00:00 0                                  [heap]
40393000-40434000 rw-p 00000000 00:00 0 
41d0f000-41d11000 r-xs 00000000 08:07 524886                             /tmp/.glzDlnFJ (deleted)
85200000-89000000 rw-p 00000000 00:00 0 
89000000-d7100000 ---p 00000000 00:00 0 
d7100000-da400000 rw-p 00000000 00:00 0 
da400000-100000000 ---p 00000000 00:00 0 
100000000-10046c000 rw-p 00000000 00:00 0 
10046c000-140000000 ---p 00000000 00:00 0 
7f5e74000000-7f5e74021000 rw-p 00000000 00:00 0 
7f5e74021000-7f5e78000000 ---p 00000000 00:00 0 
7f5e7c000000-7f5e7c021000 rw-p 00000000 00:00 0 
7f5e7c021000-7f5e80000000 ---p 00000000 00:00 0 
7f5e80000000-7f5e80250000 rw-p 00000000 00:00 0 
7f5e80250000-7f5e84000000 ---p 00000000 00:00 0 
7f5e86ef6000-7f5e87076000 rw-p 00000000 00:00 0 
7f5e87076000-7f5e870f6000 ---p 00000000 00:00 0 
7f5e870f6000-7f5e872f6000 rw-p 00000000 00:00 0 
7f5e872f6000-7f5e874f6000 rw-p 00000000 00:00 0 
7f5e874f6000-7f5e874f9000 ---p 00000000 00:00 0 
7f5e874f9000-7f5e875f7000 rw-p 00000000 00:00 0 
7f5e875f7000-7f5e87600000 r-xp 00000000 08:07 3542415                    /usr/lib/jvm/java-8-oracle/jre/lib/amd64/libmanagement.so
7f5e87600000-7f5e877ff000 ---p 00009000 08:07 3542415                    /usr/lib/jvm/java-8-oracle/jre/lib/amd64/libmanagement.so
7f5e877ff000-7f5e87800000 rw-p 00008000 08:07 3542415                    /usr/lib/jvm/java-8-oracle/jre/lib/amd64/libmanagement.so
7f5e87800000-7f5e87a00000 rw-p 00000000 00:00 0 
7f5e87a00000-7f5e87c00000 rw-s 00000000 00:06 457                        /dev/nvidiactl
7f5e87c00000-7f5e88000000 rw-s 00000000 00:06 457                        /dev/nvidiactl
7f5e88000000-7f5e88021000 rw-p 00000000 00:00 0 
7f5e88021000-7f5e8c000000 ---p 00000000 00:00 0 
7f5e8c0b3000-7f5e8c0b6000 ---p 00000000 00:00 0 
7f5e8c0b6000-7f5e8c1b4000 rw-p 00000000 00:00 0 
7f5e8c1b4000-7f5e8c3b4000 rw-s 00000000 00:06 457                        /dev/nvidiactl
7f5e8c3b4000-7f5e8c5b4000 rw-p 00000000 00:00 0 
7f5e8c5b4000-7f5e8c5b7000 ---p 00000000 00:00 0 
7f5e8c5b7000-7f5e8c6b5000 rw-p 00000000 00:00 0 
7f5e8c6b5000-7f5e8c715000 rw-s 00000000 00:05 11993092                   /SYSV00000000 (deleted)
7f5e8c715000-7f5e8c728000 r--s 00345000 08:07 3282547                    /usr/lib/jvm/java-8-oracle/jre/lib/resources.jar
7f5e8c728000-7f5e8c928000 rw-p 00000000 00:00 0 
7f5e8c928000-7f5e8cb28000 rw-p 00000000 00:00 0 
7f5e8cb28000-7f5e8cb2b000 ---p 00000000 00:00 0 
7f5e8cb2b000-7f5e8cc29000 rw-p 00000000 00:00 0 
7f5e8cc29000-7f5e8cce2000 r--p 00000000 08:07 3801698                    /usr/share/fonts/truetype/dejavu/DejaVuSans.ttf
7f5e8cce2000-7f5e8cd1e000 r--p 00000000 08:07 3282581                    /usr/lib/jvm/java-8-oracle/jre/lib/fonts/LucidaTypewriterRegular.ttf
7f5e8cd1e000-7f5e8cd32000 r--p 00000000 08:07 3282575                    /usr/lib/jvm/java-8-oracle/jre/lib/fonts/LucidaBrightItalic.ttf
7f5e8cd32000-7f5e8cd45000 r--p 00000000 08:07 3282580                    /usr/lib/jvm/java-8-oracle/jre/lib/fonts/LucidaBrightDemiItalic.ttf
7f5e8cd45000-7f5e8cd9a000 r--p 00000000 08:07 3282577                    /usr/lib/jvm/java-8-oracle/jre/lib/fonts/LucidaBrightRegular.ttf
7f5e8cd9a000-7f5e8cde8000 r--p 00000000 08:07 3282578                    /usr/lib/jvm/java-8-oracle/jre/lib/fonts/LucidaSansDemiBold.ttf
7f5e8cde8000-7f5e8cdfb000 r--p 00000000 08:07 3282583                    /usr/lib/jvm/java-8-oracle/jre/lib/fonts/LucidaBrightDemiBold.ttf
7f5e8cdfb000-7f5e8cdff000 r-xp 00000000 08:07 3542362                    /usr/lib/jvm/java-8-oracle/jre/lib/amd64/libjavafx_font_pango.so
7f5e8cdff000-7f5e8cffe000 ---p 00004000 08:07 3542362                    /usr/lib/jvm/java-8-oracle/jre/lib/amd64/libjavafx_font_pango.so
7f5e8cffe000-7f5e8cfff000 rw-p 00003000 08:07 3542362                    /usr/lib/jvm/java-8-oracle/jre/lib/amd64/libjavafx_font_pango.so
7f5e8cfff000-7f5e90000000 rw-p 00000000 00:00 0 
7f5e90000000-7f5e90a5c000 rw-p 00000000 00:00 0 
7f5e90a5c000-7f5e94000000 ---p 00000000 00:00 0 
7f5e94000000-7f5e94021000 rw-p 00000000 00:00 0 
7f5e94021000-7f5e98000000 ---p 00000000 00:00 0 
7f5e98000000-7f5e98021000 rw-p 00000000 00:00 0 
7f5e98021000-7f5e9c000000 ---p 00000000 00:00 0 
7f5e9c004000-7f5e9c009000 r--s 00084000 08:07 3282440                    /usr/lib/jvm/java-8-oracle/jre/lib/jfr.jar
7f5e9c009000-7f5e9c0b4000 r--p 00000000 08:07 3282576                    /usr/lib/jvm/java-8-oracle/jre/lib/fonts/LucidaSansRegular.ttf
7f5e9c0b4000-7f5e9c0ee000 r--p 00000000 08:07 3282582                    /usr/lib/jvm/java-8-oracle/jre/lib/fonts/LucidaTypewriterBold.ttf
7f5e9c0ee000-7f5e9c117000 r--p 00000000 08:07 524897                     /tmp/+JXF5465680798028353604.tmp
7f5e9c117000-7f5e9c11c000 r--s 0009d000 08:07 3282548                    /usr/lib/jvm/java-8-oracle/jre/lib/jsse.jar
7f5e9c11c000-7f5e9c31c000 rw-p 00000000 00:00 0 
7f5e9c31c000-7f5e9c332000 r-xp 00000000 08:07 3542407                    /usr/lib/jvm/java-8-oracle/jre/lib/amd64/libnet.so
7f5e9c332000-7f5e9c532000 ---p 00016000 08:07 3542407                    /usr/lib/jvm/java-8-oracle/jre/lib/amd64/libnet.so
7f5e9c532000-7f5e9c533000 rw-p 00016000 08:07 3542407                    /usr/lib/jvm/java-8-oracle/jre/lib/amd64/libnet.so
7f5e9c533000-7f5e9c544000 r-xp 00000000 08:07 3542410                    /usr/lib/jvm/java-8-oracle/jre/lib/amd64/libnio.so
7f5e9c544000-7f5e9c743000 ---p 00011000 08:07 3542410                    /usr/lib/jvm/java-8-oracle/jre/lib/amd64/libnio.so
7f5e9c743000-7f5e9c744000 rw-p 00010000 08:07 3542410                    /usr/lib/jvm/java-8-oracle/jre/lib/amd64/libnio.so
7f5e9c744000-7f5e9c74f000 r--s 00000000 08:07 7340130                    /var/cache/fontconfig/945677eb7aeaf62f1d50efc3fb3ec7d8-le64.cache-6
7f5e9c74f000-7f5e9c755000 r--s 00000000 08:07 7340099                    /var/cache/fontconfig/2cd17615ca594fa2959ae173292e504c-le64.cache-6
7f5e9c755000-7f5e9c756000 r--s 00000000 08:07 7340092                    /var/cache/fontconfig/0d8c3b2ac0904cb8a57a757ad11a4a08-le64.cache-6
7f5e9c756000-7f5e9c76b000 r--s 00000000 08:07 7340088                    /var/cache/fontconfig/04aabc0a78ac019cf9454389977116d2-le64.cache-6
7f5e9c76b000-7f5e9c76c000 r--s 00000000 08:07 7340096                    /var/cache/fontconfig/1ac9eb803944fde146138c791f5cc56a-le64.cache-6
7f5e9c76c000-7f5e9c770000 r--s 00000000 08:07 7340105                    /var/cache/fontconfig/385c0604a188198f04d133e54aba7fe7-le64.cache-6
7f5e9c770000-7f5e9c771000 r--s 00000000 08:07 7340149                    /var/cache/fontconfig/dc05db6664285cc2f12bf69c139ae4c3-le64.cache-6
7f5e9c771000-7f5e9c773000 r--s 00000000 08:07 7340093                    /var/cache/fontconfig/14a5e22175779b556eaa434240950366-le64.cache-6
7f5e9c773000-7f5e9c774000 r--s 00000000 08:07 7340122                    /var/cache/fontconfig/660208299946a285a940457d1287da33-le64.cache-6
7f5e9c774000-7f5e9c776000 r--s 00000000 08:07 7340113                    /var/cache/fontconfig/4f3e3037c9980c83b53a9351efadef62-le64.cache-6
7f5e9c776000-7f5e9c779000 r--s 00000000 08:07 7340126                    /var/cache/fontconfig/767a8244fc0220cfb567a839d0392e0b-le64.cache-6
7f5e9c779000-7f5e9c77a000 r--s 00000000 08:07 7344708                    /var/cache/fontconfig/4794a0821666d79190d59a36cb4f44b5-le64.cache-6
7f5e9c77a000-7f5e9c77b000 r--s 00000000 08:07 7340090                    /var/cache/fontconfig/0bd3dc0958fa2205aaaa8ebb13e2872b-le64.cache-6
7f5e9c77b000-7f5e9c781000 r--s 00000000 08:07 7340129                    /var/cache/fontconfig/8801497958630a81b71ace7c5f9b32a8-le64.cache-6
7f5e9c781000-7f5e9c784000 r--s 00000000 08:07 7340134                    /var/cache/fontconfig/a015930274ffcd967d2ca1b57da47cc7-le64.cache-6
7f5e9c784000-7f5e9c785000 r--s 00000000 08:07 7340138                    /var/cache/fontconfig/b872e6e592da6075ffa4ab0a1fcc0c75-le64.cache-6
7f5e9c785000-7f5e9c786000 r--s 00000000 08:07 7340154                    /var/cache/fontconfig/f6d4eedfaab2589bde49f7a3ff831d22-le64.cache-6
7f5e9c786000-7f5e9c787000 r--s 00000000 08:07 7340120                    /var/cache/fontconfig/589f83ef4c36d296ce6e1c846f468f08-le64.cache-6
7f5e9c787000-7f5e9c788000 r--s 00000000 08:07 7340140                    /var/cache/fontconfig/bab58bb527bb656aaa9f116d68a48d89-le64.cache-6
7f5e9c788000-7f5e9c789000 r--s 00000000 08:07 7340097                    /var/cache/fontconfig/2171a34dccabdb6bcbbc728186263178-le64.cache-6
7f5e9c789000-7f5e9c78a000 r--s 00000000 08:07 7340141                    /var/cache/fontconfig/c5c45a61289222e0d30b1a26ef4effbe-le64.cache-6
7f5e9c78a000-7f5e9c78b000 r--s 00000000 08:07 7340136                    /var/cache/fontconfig/aec30016f93e1b46d1a973dce0d74068-le64.cache-6
7f5e9c78b000-7f5e9c78c000 r--s 00000000 08:07 7340106                    /var/cache/fontconfig/3f589640d34b7dc9042c8d453f7c8b9c-le64.cache-6
7f5e9c78c000-7f5e9c78d000 r--s 00000000 08:07 7340094                    /var/cache/fontconfig/16c2fda60d1b4b719f4b3d06fd951d25-le64.cache-6
7f5e9c78d000-7f5e9c793000 r--s 00000000 08:07 7340100                    /var/cache/fontconfig/3047814df9a2f067bd2d96a2b9c36e5a-le64.cache-6
7f5e9c793000-7f5e9c79b000 r--s 00000000 08:07 7345942                    /var/cache/fontconfig/bf3b770c553c462765856025a94f1ce6-le64.cache-6
7f5e9c79b000-7f5e9c7a1000 r--s 00000000 08:07 7340137                    /var/cache/fontconfig/b47c4e1ecd0709278f4910c18777a504-le64.cache-6
7f5e9c7a1000-7f5e9c7b4000 r--s 00000000 08:07 7340146                    /var/cache/fontconfig/d52a8644073d54c13679302ca1180695-le64.cache-6
7f5e9c7b4000-7f5e9c7b9000 r-xp 00000000 08:07 3542365                    /usr/lib/jvm/java-8-oracle/jre/lib/amd64/libjavafx_font_freetype.so
7f5e9c7b9000-7f5e9c9b8000 ---p 00005000 08:07 3542365                    /usr/lib/jvm/java-8-oracle/jre/lib/amd64/libjavafx_font_freetype.so
7f5e9c9b8000-7f5e9c9b9000 rw-p 00004000 08:07 3542365                    /usr/lib/jvm/java-8-oracle/jre/lib/amd64/libjavafx_font_freetype.so
7f5e9c9b9000-7f5e9c9bc000 r-xp 00000000 08:07 3542408                    /usr/lib/jvm/java-8-oracle/jre/lib/amd64/libjavafx_font.so
7f5e9c9bc000-7f5e9cbbb000 ---p 00003000 08:07 3542408                    /usr/lib/jvm/java-8-oracle/jre/lib/amd64/libjavafx_font.so
7f5e9cbbb000-7f5e9cbbc000 rw-p 00002000 08:07 3542408                    /usr/lib/jvm/java-8-oracle/jre/lib/amd64/libjavafx_font.so
7f5e9cbbc000-7f5e9cdbc000 rw-p 00000000 00:00 0 
7f5e9cdbc000-7f5e9cdbf000 ---p 00000000 00:00 0 
7f5e9cdbf000-7f5e9cebd000 rw-p 00000000 00:00 0 
7f5e9cebd000-7f5e9cec0000 ---p 00000000 00:00 0 
7f5e9cec0000-7f5e9cfbe000 rw-p 00000000 00:00 0 
7f5e9cfbe000-7f5e9cfc1000 ---p 00000000 00:00 0 
7f5e9cfc1000-7f5e9d0bf000 rw-p 00000000 00:00 0 
7f5e9d0bf000-7f5e9d0c6000 r-xp 00000000 08:07 2761297                    /usr/lib/x86_64-linux-gnu/libogg.so.0.8.2
7f5e9d0c6000-7f5e9d2c6000 ---p 00007000 08:07 2761297                    /usr/lib/x86_64-linux-gnu/libogg.so.0.8.2
7f5e9d2c6000-7f5e9d2c7000 r--p 00007000 08:07 2761297                    /usr/lib/x86_64-linux-gnu/libogg.so.0.8.2
7f5e9d2c7000-7f5e9d2c8000 rw-p 00008000 08:07 2761297                    /usr/lib/x86_64-linux-gnu/libogg.so.0.8.2
7f5e9d2c8000-7f5e9d2f2000 r-xp 00000000 08:07 2761592                    /usr/lib/x86_64-linux-gnu/libvorbis.so.0.4.8
7f5e9d2f2000-7f5e9d4f1000 ---p 0002a000 08:07 2761592                    /usr/lib/x86_64-linux-gnu/libvorbis.so.0.4.8
7f5e9d4f1000-7f5e9d4f2000 r--p 00029000 08:07 2761592                    /usr/lib/x86_64-linux-gnu/libvorbis.so.0.4.8
7f5e9d4f2000-7f5e9d4f3000 rw-p 0002a000 08:07 2761592                    /usr/lib/x86_64-linux-gnu/libvorbis.so.0.4.8
7f5e9d4f3000-7f5e9d4fc000 r-xp 00000000 08:07 2761191                    /usr/lib/x86_64-linux-gnu/libltdl.so.7.3.1
7f5e9d4fc000-7f5e9d6fb000 ---p 00009000 08:07 2761191                    /usr/lib/x86_64-linux-gnu/libltdl.so.7.3.1
7f5e9d6fb000-7f5e9d6fc000 r--p 00008000 08:07 2761191                    /usr/lib/x86_64-linux-gnu/libltdl.so.7.3.1
7f5e9d6fc000-7f5e9d6fd000 rw-p 00009000 08:07 2761191                    /usr/lib/x86_64-linux-gnu/libltdl.so.7.3.1
7f5e9d6fd000-7f5e9d711000 r-xp 00000000 08:07 2761526                    /usr/lib/x86_64-linux-gnu/libtdb.so.1.3.13
7f5e9d711000-7f5e9d911000 ---p 00014000 08:07 2761526                    /usr/lib/x86_64-linux-gnu/libtdb.so.1.3.13
7f5e9d911000-7f5e9d912000 r--p 00014000 08:07 2761526                    /usr/lib/x86_64-linux-gnu/libtdb.so.1.3.13
7f5e9d912000-7f5e9d913000 rw-p 00015000 08:07 2761526                    /usr/lib/x86_64-linux-gnu/libtdb.so.1.3.13
7f5e9d913000-7f5e9d91a000 r-xp 00000000 08:07 2761596                    /usr/lib/x86_64-linux-gnu/libvorbisfile.so.3.3.7
7f5e9d91a000-7f5e9db1a000 ---p 00007000 08:07 2761596                    /usr/lib/x86_64-linux-gnu/libvorbisfile.so.3.3.7
7f5e9db1a000-7f5e9db1b000 r--p 00007000 08:07 2761596                    /usr/lib/x86_64-linux-gnu/libvorbisfile.so.3.3.7
7f5e9db1b000-7f5e9db1c000 rw-p 00008000 08:07 2761596                    /usr/lib/x86_64-linux-gnu/libvorbisfile.so.3.3.7
7f5e9db1c000-7f5e9db2c000 r-xp 00000000 08:07 2760621                    /usr/lib/x86_64-linux-gnu/libcanberra.so.0.2.5
7f5e9db2c000-7f5e9dd2c000 ---p 00010000 08:07 2760621                    /usr/lib/x86_64-linux-gnu/libcanberra.so.0.2.5
7f5e9dd2c000-7f5e9dd2d000 r--p 00010000 08:07 2760621                    /usr/lib/x86_64-linux-gnu/libcanberra.so.0.2.5
7f5e9dd2d000-7f5e9dd2e000 rw-p 00011000 08:07 2760621                    /usr/lib/x86_64-linux-gnu/libcanberra.so.0.2.5
7f5e9dd2e000-7f5e9dd32000 r-xp 00000000 08:07 2760617                    /usr/lib/x86_64-linux-gnu/libcanberra-gtk.so.0.1.9
7f5e9dd32000-7f5e9df31000 ---p 00004000 08:07 2760617                    /usr/lib/x86_64-linux-gnu/libcanberra-gtk.so.0.1.9
7f5e9df31000-7f5e9df32000 r--p 00003000 08:07 2760617                    /usr/lib/x86_64-linux-gnu/libcanberra-gtk.so.0.1.9
7f5e9df32000-7f5e9df33000 rw-p 00004000 08:07 2760617                    /usr/lib/x86_64-linux-gnu/libcanberra-gtk.so.0.1.9
7f5e9df33000-7f5e9df38000 r-xp 00000000 08:07 3018050                    /usr/lib/x86_64-linux-gnu/gtk-2.0/modules/libcanberra-gtk-module.so
7f5e9df38000-7f5e9e137000 ---p 00005000 08:07 3018050                    /usr/lib/x86_64-linux-gnu/gtk-2.0/modules/libcanberra-gtk-module.so
7f5e9e137000-7f5e9e138000 r--p 00004000 08:07 3018050                    /usr/lib/x86_64-linux-gnu/gtk-2.0/modules/libcanberra-gtk-module.so
7f5e9e138000-7f5e9e139000 rw-p 00005000 08:07 3018050                    /usr/lib/x86_64-linux-gnu/gtk-2.0/modules/libcanberra-gtk-module.so
7f5e9e139000-7f5e9e169000 r-xp 00000000 08:07 3018032                    /usr/lib/x86_64-linux-gnu/gtk-2.0/2.10.0/engines/libmurrine.so
7f5e9e169000-7f5e9e369000 ---p 00030000 08:07 3018032                    /usr/lib/x86_64-linux-gnu/gtk-2.0/2.10.0/engines/libmurrine.so
7f5e9e369000-7f5e9e36a000 r--p 00030000 08:07 3018032                    /usr/lib/x86_64-linux-gnu/gtk-2.0/2.10.0/engines/libmurrine.so
7f5e9e36a000-7f5e9e36b000 rw-p 00031000 08:07 3018032                    /usr/lib/x86_64-linux-gnu/gtk-2.0/2.10.0/engines/libmurrine.so
7f5e9e36b000-7f5e9e37f000 r-xp 00000000 08:07 1577558                    /lib/x86_64-linux-gnu/libgpg-error.so.0.22.0
7f5e9e37f000-7f5e9e57e000 ---p 00014000 08:07 1577558                    /lib/x86_64-linux-gnu/libgpg-error.so.0.22.0
7f5e9e57e000-7f5e9e57f000 r--p 00013000 08:07 1577558                    /lib/x86_64-linux-gnu/libgpg-error.so.0.22.0
7f5e9e57f000-7f5e9e580000 rw-p 00014000 08:07 1577558                    /lib/x86_64-linux-gnu/libgpg-error.so.0.22.0
7f5e9e580000-7f5e9e597000 r-xp 00000000 08:07 2761199                    /usr/lib/x86_64-linux-gnu/liblz4.so.1.7.1
7f5e9e597000-7f5e9e796000 ---p 00017000 08:07 2761199                    /usr/lib/x86_64-linux-gnu/liblz4.so.1.7.1
7f5e9e796000-7f5e9e797000 r--p 00016000 08:07 2761199                    /usr/lib/x86_64-linux-gnu/liblz4.so.1.7.1
7f5e9e797000-7f5e9e798000 rw-p 00017000 08:07 2761199                    /usr/lib/x86_64-linux-gnu/liblz4.so.1.7.1
7f5e9e798000-7f5e9e7bc000 r-xp 00000000 08:07 1577577                    /lib/x86_64-linux-gnu/liblzma.so.5.2.2
7f5e9e7bc000-7f5e9e9bc000 ---p 00024000 08:07 1577577                    /lib/x86_64-linux-gnu/liblzma.so.5.2.2
7f5e9e9bc000-7f5e9e9bd000 r--p 00024000 08:07 1577577                    /lib/x86_64-linux-gnu/liblzma.so.5.2.2
7f5e9e9bd000-7f5e9e9be000 rw-p 00025000 08:07 1577577                    /lib/x86_64-linux-gnu/liblzma.so.5.2.2
7f5e9e9be000-7f5e9eac4000 r-xp 00000000 08:07 1577554                    /lib/x86_64-linux-gnu/libgcrypt.so.20.1.8
7f5e9eac4000-7f5e9ecc3000 ---p 00106000 08:07 1577554                    /lib/x86_64-linux-gnu/libgcrypt.so.20.1.8
7f5e9ecc3000-7f5e9ecc5000 r--p 00105000 08:07 1577554                    /lib/x86_64-linux-gnu/libgcrypt.so.20.1.8
7f5e9ecc5000-7f5e9eccb000 rw-p 00107000 08:07 1577554                    /lib/x86_64-linux-gnu/libgcrypt.so.20.1.8
7f5e9eccb000-7f5e9eccc000 rw-p 00000000 00:00 0 
7f5e9eccc000-7f5e9ed4d000 r-xp 00000000 08:07 1574589                    /lib/x86_64-linux-gnu/libsystemd.so.0.19.0
7f5e9ed4d000-7f5e9ef4c000 ---p 00081000 08:07 1574589                    /lib/x86_64-linux-gnu/libsystemd.so.0.19.0
7f5e9ef4c000-7f5e9ef4f000 r--p 00080000 08:07 1574589                    /lib/x86_64-linux-gnu/libsystemd.so.0.19.0
7f5e9ef4f000-7f5e9ef50000 rw-p 00083000 08:07 1574589                    /lib/x86_64-linux-gnu/libsystemd.so.0.19.0
7f5e9ef50000-7f5e9ef51000 rw-p 00000000 00:00 0 
7f5e9ef51000-7f5e9ef9b000 r-xp 00000000 08:07 1577530                    /lib/x86_64-linux-gnu/libdbus-1.so.3.14.13
7f5e9ef9b000-7f5e9f19b000 ---p 0004a000 08:07 1577530                    /lib/x86_64-linux-gnu/libdbus-1.so.3.14.13
7f5e9f19b000-7f5e9f19c000 r--p 0004a000 08:07 1577530                    /lib/x86_64-linux-gnu/libdbus-1.so.3.14.13
7f5e9f19c000-7f5e9f19d000 rw-p 0004b000 08:07 1577530                    /lib/x86_64-linux-gnu/libdbus-1.so.3.14.13
7f5e9f19d000-7f5e9f1c9000 r-xp 00000000 08:07 2760567                    /usr/lib/x86_64-linux-gnu/libatspi.so.0.0.1
7f5e9f1c9000-7f5e9f3c9000 ---p 0002c000 08:07 2760567                    /usr/lib/x86_64-linux-gnu/libatspi.so.0.0.1
7f5e9f3c9000-7f5e9f3cc000 r--p 0002c000 08:07 2760567                    /usr/lib/x86_64-linux-gnu/libatspi.so.0.0.1
7f5e9f3cc000-7f5e9f3cd000 rw-p 0002f000 08:07 2760567                    /usr/lib/x86_64-linux-gnu/libatspi.so.0.0.1
7f5e9f3cd000-7f5e9f3fa000 r-xp 00000000 08:07 2760563                    /usr/lib/x86_64-linux-gnu/libatk-bridge-2.0.so.0.0.0
7f5e9f3fa000-7f5e9f5f9000 ---p 0002d000 08:07 2760563                    /usr/lib/x86_64-linux-gnu/libatk-bridge-2.0.so.0.0.0
7f5e9f5f9000-7f5e9f5fa000 r--p 0002c000 08:07 2760563                    /usr/lib/x86_64-linux-gnu/libatk-bridge-2.0.so.0.0.0
7f5e9f5fa000-7f5e9f5fc000 rw-p 0002d000 08:07 2760563                    /usr/lib/x86_64-linux-gnu/libatk-bridge-2.0.so.0.0.0
7f5e9f5fc000-7f5e9f5fd000 r-xp 00000000 08:07 3018049                    /usr/lib/x86_64-linux-gnu/gtk-2.0/modules/libatk-bridge.so
7f5e9f5fd000-7f5e9f7fc000 ---p 00001000 08:07 3018049                    /usr/lib/x86_64-linux-gnu/gtk-2.0/modules/libatk-bridge.so
7f5e9f7fc000-7f5e9f7fd000 r--p 00000000 08:07 3018049                    /usr/lib/x86_64-linux-gnu/gtk-2.0/modules/libatk-bridge.so
7f5e9f7fd000-7f5e9f7fe000 rw-p 00001000 08:07 3018049                    /usr/lib/x86_64-linux-gnu/gtk-2.0/modules/libatk-bridge.so
7f5e9f7fe000-7f5e9f805000 r-xp 00000000 08:07 2760865                    /usr/lib/x86_64-linux-gnu/libgailutil.so.18.0.1
7f5e9f805000-7f5e9fa04000 ---p 00007000 08:07 2760865                    /usr/lib/x86_64-linux-gnu/libgailutil.so.18.0.1
7f5e9fa04000-7f5e9fa05000 r--p 00006000 08:07 2760865                    /usr/lib/x86_64-linux-gnu/libgailutil.so.18.0.1
7f5e9fa05000-7f5e9fa06000 rw-p 00007000 08:07 2760865                    /usr/lib/x86_64-linux-gnu/libgailutil.so.18.0.1
7f5e9fa06000-7f5e9fa53000 r-xp 00000000 08:07 3018052                    /usr/lib/x86_64-linux-gnu/gtk-2.0/modules/libgail.so
7f5e9fa53000-7f5e9fc53000 ---p 0004d000 08:07 3018052                    /usr/lib/x86_64-linux-gnu/gtk-2.0/modules/libgail.so
7f5e9fc53000-7f5e9fc54000 r--p 0004d000 08:07 3018052                    /usr/lib/x86_64-linux-gnu/gtk-2.0/modules/libgail.so
7f5e9fc54000-7f5e9fc56000 rw-p 0004e000 08:07 3018052                    /usr/lib/x86_64-linux-gnu/gtk-2.0/modules/libgail.so
7f5e9fc56000-7f5e9fc7f000 r-xp 00000000 08:07 3542383                    /usr/lib/jvm/java-8-oracle/jre/lib/amd64/libglass.so
7f5e9fc7f000-7f5e9fe7e000 ---p 00029000 08:07 3542383                    /usr/lib/jvm/java-8-oracle/jre/lib/amd64/libglass.so
7f5e9fe7e000-7f5e9fe81000 rw-p 00028000 08:07 3542383                    /usr/lib/jvm/java-8-oracle/jre/lib/amd64/libglass.so
7f5e9fe81000-7f5e9ff01000 rw-s 00000000 00:06 457                        /dev/nvidiactl
7f5e9ff01000-7f5e9ff81000 rw-s 00000000 00:06 457                        /dev/nvidiactl
7f5e9ffb8000-7f5ea0065000 r--p 00000000 08:07 3801697                    /usr/share/fonts/truetype/dejavu/DejaVuSans-Bold.ttf
7f5ea0065000-7f5ea0081000 r--s 00393000 08:07 3411546                    /usr/lib/jvm/java-8-oracle/jre/lib/ext/cldrdata.jar
7f5ea0081000-7f5ea0094000 r-xp 00000000 08:07 1577510                    /lib/x86_64-linux-gnu/libbsd.so.0.8.6
7f5ea0094000-7f5ea0293000 ---p 00013000 08:07 1577510                    /lib/x86_64-linux-gnu/libbsd.so.0.8.6
7f5ea0293000-7f5ea0294000 r--p 00012000 08:07 1577510                    /lib/x86_64-linux-gnu/libbsd.so.0.8.6
7f5ea0294000-7f5ea0295000 rw-p 00013000 08:07 1577510                    /lib/x86_64-linux-gnu/libbsd.so.0.8.6
7f5ea0295000-7f5ea0296000 rw-p 00000000 00:00 0 
7f5ea0296000-7f5ea029a000 r-xp 00000000 08:07 1577689                    /lib/x86_64-linux-gnu/libuuid.so.1.3.0
7f5ea029a000-7f5ea0499000 ---p 00004000 08:07 1577689                    /lib/x86_64-linux-gnu/libuuid.so.1.3.0
7f5ea0499000-7f5ea049a000 r--p 00003000 08:07 1577689                    /lib/x86_64-linux-gnu/libuuid.so.1.3.0
7f5ea049a000-7f5ea049b000 rw-p 00004000 08:07 1577689                    /lib/x86_64-linux-gnu/libuuid.so.1.3.0
7f5ea049b000-7f5ea04a1000 r-xp 00000000 08:07 2760698                    /usr/lib/x86_64-linux-gnu/libdatrie.so.1.3.3
7f5ea04a1000-7f5ea06a0000 ---p 00006000 08:07 2760698                    /usr/lib/x86_64-linux-gnu/libdatrie.so.1.3.3
7f5ea06a0000-7f5ea06a1000 r--p 00005000 08:07 2760698                    /usr/lib/x86_64-linux-gnu/libdatrie.so.1.3.3
7f5ea06a1000-7f5ea06a2000 rw-p 00006000 08:07 2760698                    /usr/lib/x86_64-linux-gnu/libdatrie.so.1.3.3
7f5ea06a2000-7f5ea06a7000 r-xp 00000000 08:07 2760485                    /usr/lib/x86_64-linux-gnu/libXdmcp.so.6.0.0
7f5ea06a7000-7f5ea08a6000 ---p 00005000 08:07 2760485                    /usr/lib/x86_64-linux-gnu/libXdmcp.so.6.0.0
7f5ea08a6000-7f5ea08a7000 r--p 00004000 08:07 2760485                    /usr/lib/x86_64-linux-gnu/libXdmcp.so.6.0.0
7f5ea08a7000-7f5ea08a8000 rw-p 00005000 08:07 2760485                    /usr/lib/x86_64-linux-gnu/libXdmcp.so.6.0.0
7f5ea08a8000-7f5ea08aa000 r-xp 00000000 08:07 2760474                    /usr/lib/x86_64-linux-gnu/libXau.so.6.0.0
7f5ea08aa000-7f5ea0aaa000 ---p 00002000 08:07 2760474                    /usr/lib/x86_64-linux-gnu/libXau.so.6.0.0
7f5ea0aaa000-7f5ea0aab000 r--p 00002000 08:07 2760474                    /usr/lib/x86_64-linux-gnu/libXau.so.6.0.0
7f5ea0aab000-7f5ea0aac000 rw-p 00003000 08:07 2760474                    /usr/lib/x86_64-linux-gnu/libXau.so.6.0.0
7f5ea0aac000-7f5ea0ad7000 r-xp 00000000 08:07 2760972                    /usr/lib/x86_64-linux-gnu/libgraphite2.so.3.0.1
7f5ea0ad7000-7f5ea0cd6000 ---p 0002b000 08:07 2760972                    /usr/lib/x86_64-linux-gnu/libgraphite2.so.3.0.1
7f5ea0cd6000-7f5ea0cd8000 r--p 0002a000 08:07 2760972                    /usr/lib/x86_64-linux-gnu/libgraphite2.so.3.0.1
7f5ea0cd8000-7f5ea0cd9000 rw-p 0002c000 08:07 2760972                    /usr/lib/x86_64-linux-gnu/libgraphite2.so.3.0.1
7f5ea0cd9000-7f5ea0d1d000 r-xp 00000000 08:07 1577506                    /lib/x86_64-linux-gnu/libblkid.so.1.1.0
7f5ea0d1d000-7f5ea0f1c000 ---p 00044000 08:07 1577506                    /lib/x86_64-linux-gnu/libblkid.so.1.1.0
7f5ea0f1c000-7f5ea0f20000 r--p 00043000 08:07 1577506                    /lib/x86_64-linux-gnu/libblkid.so.1.1.0
7f5ea0f20000-7f5ea0f21000 rw-p 00047000 08:07 1577506                    /lib/x86_64-linux-gnu/libblkid.so.1.1.0
7f5ea0f21000-7f5ea0f22000 rw-p 00000000 00:00 0 
7f5ea0f22000-7f5ea2340000 r-xp 00000000 08:07 6451782                    /usr/lib/nvidia-390/libnvidia-glcore.so.390.25
7f5ea2340000-7f5ea2361000 rwxp 0141e000 08:07 6451782                    /usr/lib/nvidia-390/libnvidia-glcore.so.390.25
7f5ea2361000-7f5ea2759000 r-xp 0143f000 08:07 6451782                    /usr/lib/nvidia-390/libnvidia-glcore.so.390.25
7f5ea2759000-7f5ea2959000 ---p 01837000 08:07 6451782                    /usr/lib/nvidia-390/libnvidia-glcore.so.390.25
7f5ea2959000-7f5ea2ccc000 rw-p 01837000 08:07 6451782                    /usr/lib/nvidia-390/libnvidia-glcore.so.390.25
7f5ea2ccc000-7f5ea2ce5000 rw-p 00000000 00:00 0 
7f5ea2ce5000-7f5ea2ce8000 r-xp 00000000 08:07 6451789                    /usr/lib/nvidia-390/tls/libnvidia-tls.so.390.25
7f5ea2ce8000-7f5ea2ee8000 ---p 00003000 08:07 6451789                    /usr/lib/nvidia-390/tls/libnvidia-tls.so.390.25
7f5ea2ee8000-7f5ea2ee9000 rw-p 00003000 08:07 6451789                    /usr/lib/nvidia-390/tls/libnvidia-tls.so.390.25
7f5ea2ee9000-7f5ea2f59000 r-xp 00000000 08:07 1577638                    /lib/x86_64-linux-gnu/libpcre.so.3.13.3
7f5ea2f59000-7f5ea3159000 ---p 00070000 08:07 1577638                    /lib/x86_64-linux-gnu/libpcre.so.3.13.3
7f5ea3159000-7f5ea315a000 r--p 00070000 08:07 1577638                    /lib/x86_64-linux-gnu/libpcre.so.3.13.3
7f5ea315a000-7f5ea315b000 rw-p 00071000 08:07 1577638                    /lib/x86_64-linux-gnu/libpcre.so.3.13.3
7f5ea315b000-7f5ea3162000 r-xp 00000000 08:07 2760809                    /usr/lib/x86_64-linux-gnu/libffi.so.6.0.4
7f5ea3162000-7f5ea3361000 ---p 00007000 08:07 2760809                    /usr/lib/x86_64-linux-gnu/libffi.so.6.0.4
7f5ea3361000-7f5ea3362000 r--p 00006000 08:07 2760809                    /usr/lib/x86_64-linux-gnu/libffi.so.6.0.4
7f5ea3362000-7f5ea3363000 rw-p 00007000 08:07 2760809                    /usr/lib/x86_64-linux-gnu/libffi.so.6.0.4
7f5ea3363000-7f5ea338b000 r-xp 00000000 08:07 1577545                    /lib/x86_64-linux-gnu/libexpat.so.1.6.5
7f5ea338b000-7f5ea358b000 ---p 00028000 08:07 1577545                    /lib/x86_64-linux-gnu/libexpat.so.1.6.5
7f5ea358b000-7f5ea358d000 r--p 00028000 08:07 1577545                    /lib/x86_64-linux-gnu/libexpat.so.1.6.5
7f5ea358d000-7f5ea358e000 rw-p 0002a000 08:07 1577545                    /lib/x86_64-linux-gnu/libexpat.so.1.6.5
7f5ea358e000-7f5ea3596000 r-xp 00000000 08:07 2761534                    /usr/lib/x86_64-linux-gnu/libthai.so.0.3.0
7f5ea3596000-7f5ea3795000 ---p 00008000 08:07 2761534                    /usr/lib/x86_64-linux-gnu/libthai.so.0.3.0
7f5ea3795000-7f5ea3796000 r--p 00007000 08:07 2761534                    /usr/lib/x86_64-linux-gnu/libthai.so.0.3.0
7f5ea3796000-7f5ea3797000 rw-p 00008000 08:07 2761534                    /usr/lib/x86_64-linux-gnu/libthai.so.0.3.0
7f5ea3797000-7f5ea37bd000 r-xp 00000000 08:07 2761719                    /usr/lib/x86_64-linux-gnu/libxcb.so.1.1.0
7f5ea37bd000-7f5ea39bc000 ---p 00026000 08:07 2761719                    /usr/lib/x86_64-linux-gnu/libxcb.so.1.1.0
7f5ea39bc000-7f5ea39bd000 r--p 00025000 08:07 2761719                    /usr/lib/x86_64-linux-gnu/libxcb.so.1.1.0
7f5ea39bd000-7f5ea39be000 rw-p 00026000 08:07 2761719                    /usr/lib/x86_64-linux-gnu/libxcb.so.1.1.0
7f5ea39be000-7f5ea39ca000 r-xp 00000000 08:07 2761701                    /usr/lib/x86_64-linux-gnu/libxcb-render.so.0.0.0
7f5ea39ca000-7f5ea3bc9000 ---p 0000c000 08:07 2761701                    /usr/lib/x86_64-linux-gnu/libxcb-render.so.0.0.0
7f5ea3bc9000-7f5ea3bca000 r--p 0000b000 08:07 2761701                    /usr/lib/x86_64-linux-gnu/libxcb-render.so.0.0.0
7f5ea3bca000-7f5ea3bcb000 rw-p 0000c000 08:07 2761701                    /usr/lib/x86_64-linux-gnu/libxcb-render.so.0.0.0
7f5ea3bcb000-7f5ea3bcd000 r-xp 00000000 08:07 2761707                    /usr/lib/x86_64-linux-gnu/libxcb-shm.so.0.0.0
7f5ea3bcd000-7f5ea3dcc000 ---p 00002000 08:07 2761707                    /usr/lib/x86_64-linux-gnu/libxcb-shm.so.0.0.0
7f5ea3dcc000-7f5ea3dcd000 r--p 00001000 08:07 2761707                    /usr/lib/x86_64-linux-gnu/libxcb-shm.so.0.0.0
7f5ea3dcd000-7f5ea3dce000 rw-p 00002000 08:07 2761707                    /usr/lib/x86_64-linux-gnu/libxcb-shm.so.0.0.0
7f5ea3dce000-7f5ea3dff000 r-xp 00000000 08:07 2761358                    /usr/lib/x86_64-linux-gnu/libpng16.so.16.34.0
7f5ea3dff000-7f5ea3ffe000 ---p 00031000 08:07 2761358                    /usr/lib/x86_64-linux-gnu/libpng16.so.16.34.0
7f5ea3ffe000-7f5ea3fff000 r--p 00030000 08:07 2761358                    /usr/lib/x86_64-linux-gnu/libpng16.so.16.34.0
7f5ea3fff000-7f5ea4000000 rw-p 00031000 08:07 2761358                    /usr/lib/x86_64-linux-gnu/libpng16.so.16.34.0
7f5ea4000000-7f5ea49b6000 rw-p 00000000 00:00 0 
7f5ea49b6000-7f5ea8000000 ---p 00000000 00:00 0 
7f5ea8000000-7f5ea8001000 r--s 00000000 08:07 7340135                    /var/cache/fontconfig/a48eab177a16e4f3713381162db2f3e9-le64.cache-6
7f5ea8001000-7f5ea8002000 r--s 00000000 08:07 7340116                    /var/cache/fontconfig/564b2e68ac9bc4e36a6f7f6d6125ec1c-le64.cache-6
7f5ea8002000-7f5ea8003000 r--s 00000000 08:07 7340117                    /var/cache/fontconfig/56cf4f4769d0f4abc89a4895d7bd3ae1-le64.cache-6
7f5ea8003000-7f5ea8004000 r--s 00000000 08:07 7340139                    /var/cache/fontconfig/b9d506c9ac06c20b433354fa67a72993-le64.cache-6
7f5ea8004000-7f5ea8005000 r--s 00000000 08:07 7340103                    /var/cache/fontconfig/370e5b74bf5dafc30834de68e24a87a4-le64.cache-6
7f5ea8005000-7f5ea8006000 r--s 00000000 08:07 7340124                    /var/cache/fontconfig/6b2c5944714ca7831b25bed9e85cb5c8-le64.cache-6
7f5ea8006000-7f5ea8007000 r--s 00000000 08:07 7340145                    /var/cache/fontconfig/d5178ab6d91b49bf20a416737dcea9e8-le64.cache-6
7f5ea8007000-7f5ea8008000 r--s 00000000 08:07 7340115                    /var/cache/fontconfig/551ecf3b0e8b0bca0f25c0944f561853-le64.cache-6
7f5ea8008000-7f5ea800b000 r--s 00000000 08:07 7340153                    /var/cache/fontconfig/f259c2cffa685e28062317905db73c4a-le64.cache-6
7f5ea800b000-7f5ea800e000 r--s 00000000 08:07 7340123                    /var/cache/fontconfig/674d1711f2d1d2a09646eb0bdcadee49-le64.cache-6
7f5ea800e000-7f5ea803d000 r--s 002e5000 08:07 4468820                    /home/deven/Desktop/mylib/dist/run811750244/lib/derby.jar
7f5ea803d000-7f5ea8142000 rw-s 00000000 00:06 457                        /dev/nvidiactl
7f5ea8142000-7f5ea81e0000 r-xp 00000000 08:07 2761352                    /usr/lib/x86_64-linux-gnu/libpixman-1.so.0.34.0
7f5ea81e0000-7f5ea83df000 ---p 0009e000 08:07 2761352                    /usr/lib/x86_64-linux-gnu/libpixman-1.so.0.34.0
7f5ea83df000-7f5ea83e7000 r--p 0009d000 08:07 2761352                    /usr/lib/x86_64-linux-gnu/libpixman-1.so.0.34.0
7f5ea83e7000-7f5ea83e8000 rw-p 000a5000 08:07 2761352                    /usr/lib/x86_64-linux-gnu/libpixman-1.so.0.34.0
7f5ea83e8000-7f5ea847a000 r-xp 00000000 08:07 2761057                    /usr/lib/x86_64-linux-gnu/libharfbuzz.so.0.10400.2
7f5ea847a000-7f5ea8679000 ---p 00092000 08:07 2761057                    /usr/lib/x86_64-linux-gnu/libharfbuzz.so.0.10400.2
7f5ea8679000-7f5ea867b000 r--p 00091000 08:07 2761057                    /usr/lib/x86_64-linux-gnu/libharfbuzz.so.0.10400.2
7f5ea867b000-7f5ea867c000 rw-p 00093000 08:07 2761057                    /usr/lib/x86_64-linux-gnu/libharfbuzz.so.0.10400.2
7f5ea867c000-7f5ea86ca000 r-xp 00000000 08:07 1577586                    /lib/x86_64-linux-gnu/libmount.so.1.1.0
7f5ea86ca000-7f5ea88ca000 ---p 0004e000 08:07 1577586                    /lib/x86_64-linux-gnu/libmount.so.1.1.0
7f5ea88ca000-7f5ea88cc000 r--p 0004e000 08:07 1577586                    /lib/x86_64-linux-gnu/libmount.so.1.1.0
7f5ea88cc000-7f5ea88cd000 rw-p 00050000 08:07 1577586                    /lib/x86_64-linux-gnu/libmount.so.1.1.0
7f5ea88cd000-7f5ea88ce000 rw-p 00000000 00:00 0 
7f5ea88ce000-7f5ea88e4000 r-xp 00000000 08:07 1577406                    /lib/x86_64-linux-gnu/libresolv-2.26.so
7f5ea88e4000-7f5ea8ae4000 ---p 00016000 08:07 1577406                    /lib/x86_64-linux-gnu/libresolv-2.26.so
7f5ea8ae4000-7f5ea8ae5000 r--p 00016000 08:07 1577406                    /lib/x86_64-linux-gnu/libresolv-2.26.so
7f5ea8ae5000-7f5ea8ae6000 rw-p 00017000 08:07 1577406                    /lib/x86_64-linux-gnu/libresolv-2.26.so
7f5ea8ae6000-7f5ea8ae8000 rw-p 00000000 00:00 0 
7f5ea8ae8000-7f5ea8b0d000 r-xp 00000000 08:07 1577665                    /lib/x86_64-linux-gnu/libselinux.so.1
7f5ea8b0d000-7f5ea8d0c000 ---p 00025000 08:07 1577665                    /lib/x86_64-linux-gnu/libselinux.so.1
7f5ea8d0c000-7f5ea8d0d000 r--p 00024000 08:07 1577665                    /lib/x86_64-linux-gnu/libselinux.so.1
7f5ea8d0d000-7f5ea8d0e000 rw-p 00025000 08:07 1577665                    /lib/x86_64-linux-gnu/libselinux.so.1
7f5ea8d0e000-7f5ea8d10000 rw-p 00000000 00:00 0 
7f5ea8d10000-7f5ea8d2c000 r-xp 00000000 08:07 1577693                    /lib/x86_64-linux-gnu/libz.so.1.2.11
7f5ea8d2c000-7f5ea8f2b000 ---p 0001c000 08:07 1577693                    /lib/x86_64-linux-gnu/libz.so.1.2.11
7f5ea8f2b000-7f5ea8f2c000 r--p 0001b000 08:07 1577693                    /lib/x86_64-linux-gnu/libz.so.1.2.11
7f5ea8f2c000-7f5ea8f2d000 rw-p 0001c000 08:07 1577693                    /lib/x86_64-linux-gnu/libz.so.1.2.11
7f5ea8f2d000-7f5ea8f3e000 r-xp 00000000 08:07 2760487                    /usr/lib/x86_64-linux-gnu/libXext.so.6.4.0
7f5ea8f3e000-7f5ea913d000 ---p 00011000 08:07 2760487                    /usr/lib/x86_64-linux-gnu/libXext.so.6.4.0
7f5ea913d000-7f5ea913e000 r--p 00010000 08:07 2760487                    /usr/lib/x86_64-linux-gnu/libXext.so.6.4.0
7f5ea913e000-7f5ea913f000 rw-p 00011000 08:07 2760487                    /usr/lib/x86_64-linux-gnu/libXext.so.6.4.0
7f5ea913f000-7f5ea9141000 r-xp 00000000 08:07 2760483                    /usr/lib/x86_64-linux-gnu/libXdamage.so.1.1.0
7f5ea9141000-7f5ea9340000 ---p 00002000 08:07 2760483                    /usr/lib/x86_64-linux-gnu/libXdamage.so.1.1.0
7f5ea9340000-7f5ea9341000 r--p 00001000 08:07 2760483                    /usr/lib/x86_64-linux-gnu/libXdamage.so.1.1.0
7f5ea9341000-7f5ea9342000 rw-p 00002000 08:07 2760483                    /usr/lib/x86_64-linux-gnu/libXdamage.so.1.1.0
7f5ea9342000-7f5ea9344000 r-xp 00000000 08:07 2760479                    /usr/lib/x86_64-linux-gnu/libXcomposite.so.1.0.0
7f5ea9344000-7f5ea9543000 ---p 00002000 08:07 2760479                    /usr/lib/x86_64-linux-gnu/libXcomposite.so.1.0.0
7f5ea9543000-7f5ea9544000 r--p 00001000 08:07 2760479                    /usr/lib/x86_64-linux-gnu/libXcomposite.so.1.0.0
7f5ea9544000-7f5ea9545000 rw-p 00002000 08:07 2760479                    /usr/lib/x86_64-linux-gnu/libXcomposite.so.1.0.0
7f5ea9545000-7f5ea954e000 r-xp 00000000 08:07 2753553                    /usr/lib/x86_64-linux-gnu/libXcursor.so.1.0.2
7f5ea954e000-7f5ea974d000 ---p 00009000 08:07 2753553                    /usr/lib/x86_64-linux-gnu/libXcursor.so.1.0.2
7f5ea974d000-7f5ea974e000 r--p 00008000 08:07 2753553                    /usr/lib/x86_64-linux-gnu/libXcursor.so.1.0.2
7f5ea974e000-7f5ea974f000 rw-p 00009000 08:07 2753553                    /usr/lib/x86_64-linux-gnu/libXcursor.so.1.0.2
7f5ea974f000-7f5ea9759000 r-xp 00000000 08:07 2760507                    /usr/lib/x86_64-linux-gnu/libXrandr.so.2.2.0
7f5ea9759000-7f5ea9958000 ---p 0000a000 08:07 2760507                    /usr/lib/x86_64-linux-gnu/libXrandr.so.2.2.0
7f5ea9958000-7f5ea9959000 r--p 00009000 08:07 2760507                    /usr/lib/x86_64-linux-gnu/libXrandr.so.2.2.0
7f5ea9959000-7f5ea995a000 rw-p 0000a000 08:07 2760507                    /usr/lib/x86_64-linux-gnu/libXrandr.so.2.2.0
7f5ea995a000-7f5ea9969000 r-xp 00000000 08:07 2760497                    /usr/lib/x86_64-linux-gnu/libXi.so.6.1.0
7f5ea9969000-7f5ea9b68000 ---p 0000f000 08:07 2760497                    /usr/lib/x86_64-linux-gnu/libXi.so.6.1.0
7f5ea9b68000-7f5ea9b69000 r--p 0000e000 08:07 2760497                    /usr/lib/x86_64-linux-gnu/libXi.so.6.1.0
7f5ea9b69000-7f5ea9b6a000 rw-p 0000f000 08:07 2760497                    /usr/lib/x86_64-linux-gnu/libXi.so.6.1.0
7f5ea9b6a000-7f5ea9b6c000 r-xp 00000000 08:07 2760499                    /usr/lib/x86_64-linux-gnu/libXinerama.so.1.0.0
7f5ea9b6c000-7f5ea9d6b000 ---p 00002000 08:07 2760499                    /usr/lib/x86_64-linux-gnu/libXinerama.so.1.0.0
7f5ea9d6b000-7f5ea9d6c000 r--p 00001000 08:07 2760499                    /usr/lib/x86_64-linux-gnu/libXinerama.so.1.0.0
7f5ea9d6c000-7f5ea9d6d000 rw-p 00002000 08:07 2760499                    /usr/lib/x86_64-linux-gnu/libXinerama.so.1.0.0
7f5ea9d6d000-7f5ea9d76000 r-xp 00000000 08:07 2760509                    /usr/lib/x86_64-linux-gnu/libXrender.so.1.3.0
7f5ea9d76000-7f5ea9f75000 ---p 00009000 08:07 2760509                    /usr/lib/x86_64-linux-gnu/libXrender.so.1.3.0
7f5ea9f75000-7f5ea9f76000 r--p 00008000 08:07 2760509                    /usr/lib/x86_64-linux-gnu/libXrender.so.1.3.0
7f5ea9f76000-7f5ea9f77000 rw-p 00009000 08:07 2760509                    /usr/lib/x86_64-linux-gnu/libXrender.so.1.3.0
7f5ea9f77000-7f5ea9f7c000 r-xp 00000000 08:07 2760489                    /usr/lib/x86_64-linux-gnu/libXfixes.so.3.1.0
7f5ea9f7c000-7f5eaa17b000 ---p 00005000 08:07 2760489                    /usr/lib/x86_64-linux-gnu/libXfixes.so.3.1.0
7f5eaa17b000-7f5eaa17c000 r--p 00004000 08:07 2760489                    /usr/lib/x86_64-linux-gnu/libXfixes.so.3.1.0
7f5eaa17c000-7f5eaa17d000 rw-p 00005000 08:07 2760489                    /usr/lib/x86_64-linux-gnu/libXfixes.so.3.1.0
7f5eaa17d000-7f5eaa193000 r-xp 00000000 08:07 1577552                    /lib/x86_64-linux-gnu/libgcc_s.so.1
7f5eaa193000-7f5eaa392000 ---p 00016000 08:07 1577552                    /lib/x86_64-linux-gnu/libgcc_s.so.1
7f5eaa392000-7f5eaa393000 r--p 00015000 08:07 1577552                    /lib/x86_64-linux-gnu/libgcc_s.so.1
7f5eaa393000-7f5eaa394000 rw-p 00016000 08:07 1577552                    /lib/x86_64-linux-gnu/libgcc_s.so.1
7f5eaa394000-7f5eaa50c000 r-xp 00000000 08:07 2761510                    /usr/lib/x86_64-linux-gnu/libstdc++.so.6.0.24
7f5eaa50c000-7f5eaa70b000 ---p 00178000 08:07 2761510                    /usr/lib/x86_64-linux-gnu/libstdc++.so.6.0.24
7f5eaa70b000-7f5eaa715000 r--p 00177000 08:07 2761510                    /usr/lib/x86_64-linux-gnu/libstdc++.so.6.0.24
7f5eaa715000-7f5eaa717000 rw-p 00181000 08:07 2761510                    /usr/lib/x86_64-linux-gnu/libstdc++.so.6.0.24
7f5eaa717000-7f5eaa71a000 rw-p 00000000 00:00 0 
7f5eaa71a000-7f5eaa7e3000 r-xp 00000000 08:07 6451765                    /usr/lib/nvidia-390/libGL.so.390.25
7f5eaa7e3000-7f5eaa817000 rwxp 000c9000 08:07 6451765                    /usr/lib/nvidia-390/libGL.so.390.25
7f5eaa817000-7f5eaa82b000 r-xp 000fd000 08:07 6451765                    /usr/lib/nvidia-390/libGL.so.390.25
7f5eaa82b000-7f5eaaa2b000 ---p 00111000 08:07 6451765                    /usr/lib/nvidia-390/libGL.so.390.25
7f5eaaa2b000-7f5eaaa50000 rw-p 00111000 08:07 6451765                    /usr/lib/nvidia-390/libGL.so.390.25
7f5eaaa50000-7f5eaaa57000 rw-p 00000000 00:00 0 
7f5eaaa57000-7f5eaaa5c000 r-xp 00000000 08:07 2760525                    /usr/lib/x86_64-linux-gnu/libXxf86vm.so.1.0.0
7f5eaaa5c000-7f5eaac5b000 ---p 00005000 08:07 2760525                    /usr/lib/x86_64-linux-gnu/libXxf86vm.so.1.0.0
7f5eaac5b000-7f5eaac5c000 r--p 00004000 08:07 2760525                    /usr/lib/x86_64-linux-gnu/libXxf86vm.so.1.0.0
7f5eaac5c000-7f5eaac5d000 rw-p 00005000 08:07 2760525                    /usr/lib/x86_64-linux-gnu/libXxf86vm.so.1.0.0
7f5eaac5d000-7f5eaad91000 r-xp 00000000 08:07 2760470                    /usr/lib/x86_64-linux-gnu/libX11.so.6.3.0
7f5eaad91000-7f5eaaf91000 ---p 00134000 08:07 2760470                    /usr/lib/x86_64-linux-gnu/libX11.so.6.3.0
7f5eaaf91000-7f5eaaf92000 r--p 00134000 08:07 2760470                    /usr/lib/x86_64-linux-gnu/libX11.so.6.3.0
7f5eaaf92000-7f5eaaf96000 rw-p 00135000 08:07 2760470                    /usr/lib/x86_64-linux-gnu/libX11.so.6.3.0
7f5eaaf96000-7f5eaaf9b000 r-xp 00000000 08:07 2760515                    /usr/lib/x86_64-linux-gnu/libXtst.so.6.1.0
7f5eaaf9b000-7f5eab19a000 ---p 00005000 08:07 2760515                    /usr/lib/x86_64-linux-gnu/libXtst.so.6.1.0
7f5eab19a000-7f5eab19b000 r--p 00004000 08:07 2760515                    /usr/lib/x86_64-linux-gnu/libXtst.so.6.1.0
7f5eab19b000-7f5eab19c000 rw-p 00005000 08:07 2760515                    /usr/lib/x86_64-linux-gnu/libXtst.so.6.1.0
7f5eab19c000-7f5eab2ad000 r-xp 00000000 08:07 1577556                    /lib/x86_64-linux-gnu/libglib-2.0.so.0.5400.1
7f5eab2ad000-7f5eab4ad000 ---p 00111000 08:07 1577556                    /lib/x86_64-linux-gnu/libglib-2.0.so.0.5400.1
7f5eab4ad000-7f5eab4ae000 r--p 00111000 08:07 1577556                    /lib/x86_64-linux-gnu/libglib-2.0.so.0.5400.1
7f5eab4ae000-7f5eab4af000 rw-p 00112000 08:07 1577556                    /lib/x86_64-linux-gnu/libglib-2.0.so.0.5400.1
7f5eab4af000-7f5eab4b0000 rw-p 00000000 00:00 0 
7f5eab4b0000-7f5eab4b1000 r-xp 00000000 08:07 2761024                    /usr/lib/x86_64-linux-gnu/libgthread-2.0.so.0.5400.1
7f5eab4b1000-7f5eab6b0000 ---p 00001000 08:07 2761024                    /usr/lib/x86_64-linux-gnu/libgthread-2.0.so.0.5400.1
7f5eab6b0000-7f5eab6b1000 r--p 00000000 08:07 2761024                    /usr/lib/x86_64-linux-gnu/libgthread-2.0.so.0.5400.1
7f5eab6b1000-7f5eab6b2000 rw-p 00001000 08:07 2761024                    /usr/lib/x86_64-linux-gnu/libgthread-2.0.so.0.5400.1
7f5eab6b2000-7f5eab6b5000 r-xp 00000000 08:07 2760929                    /usr/lib/x86_64-linux-gnu/libgmodule-2.0.so.0.5400.1
7f5eab6b5000-7f5eab8b4000 ---p 00003000 08:07 2760929                    /usr/lib/x86_64-linux-gnu/libgmodule-2.0.so.0.5400.1
7f5eab8b4000-7f5eab8b5000 r--p 00002000 08:07 2760929                    /usr/lib/x86_64-linux-gnu/libgmodule-2.0.so.0.5400.1
7f5eab8b5000-7f5eab8b6000 rw-p 00003000 08:07 2760929                    /usr/lib/x86_64-linux-gnu/libgmodule-2.0.so.0.5400.1
7f5eab8b6000-7f5eab908000 r-xp 00000000 08:07 2760953                    /usr/lib/x86_64-linux-gnu/libgobject-2.0.so.0.5400.1
7f5eab908000-7f5eabb08000 ---p 00052000 08:07 2760953                    /usr/lib/x86_64-linux-gnu/libgobject-2.0.so.0.5400.1
7f5eabb08000-7f5eabb09000 r--p 00052000 08:07 2760953                    /usr/lib/x86_64-linux-gnu/libgobject-2.0.so.0.5400.1
7f5eabb09000-7f5eabb0a000 rw-p 00053000 08:07 2760953                    /usr/lib/x86_64-linux-gnu/libgobject-2.0.so.0.5400.1
7f5eabb0a000-7f5eabb47000 r-xp 00000000 08:07 2760823                    /usr/lib/x86_64-linux-gnu/libfontconfig.so.1.9.0
7f5eabb47000-7f5eabd46000 ---p 0003d000 08:07 2760823                    /usr/lib/x86_64-linux-gnu/libfontconfig.so.1.9.0
7f5eabd46000-7f5eabd48000 r--p 0003c000 08:07 2760823                    /usr/lib/x86_64-linux-gnu/libfontconfig.so.1.9.0
7f5eabd48000-7f5eabd4d000 rw-p 0003e000 08:07 2760823                    /usr/lib/x86_64-linux-gnu/libfontconfig.so.1.9.0
7f5eabd4d000-7f5eabdf9000 r-xp 00000000 08:07 2760855                    /usr/lib/x86_64-linux-gnu/libfreetype.so.6.14.0
7f5eabdf9000-7f5eabff8000 ---p 000ac000 08:07 2760855                    /usr/lib/x86_64-linux-gnu/libfreetype.so.6.14.0
7f5eabff8000-7f5eabfff000 r--p 000ab000 08:07 2760855                    /usr/lib/x86_64-linux-gnu/libfreetype.so.6.14.0
7f5eabfff000-7f5eac000000 rw-p 000b2000 08:07 2760855                    /usr/lib/x86_64-linux-gnu/libfreetype.so.6.14.0
7f5eac000000-7f5eac021000 rw-p 00000000 00:00 0 
7f5eac021000-7f5eb0000000 ---p 00000000 00:00 0 
7f5eb0000000-7f5eb0021000 rw-p 00000000 00:00 0 
7f5eb0021000-7f5eb4000000 ---p 00000000 00:00 0 
7f5eb4000000-7f5eb4535000 rw-p 00000000 00:00 0 
7f5eb4535000-7f5eb8000000 ---p 00000000 00:00 0 
7f5eb8000000-7f5eb84da000 rw-p 00000000 00:00 0 
7f5eb84da000-7f5ebc000000 ---p 00000000 00:00 0 
7f5ebc000000-7f5ebc021000 rw-p 00000000 00:00 0 
7f5ebc021000-7f5ec0000000 ---p 00000000 00:00 0 
7f5ec0000000-7f5ec05e6000 rw-p 00000000 00:00 0 
7f5ec05e6000-7f5ec4000000 ---p 00000000 00:00 0 
7f5ec4000000-7f5ec4021000 rw-p 00000000 00:00 0 
7f5ec4021000-7f5ec8000000 ---p 00000000 00:00 0 
7f5ec8000000-7f5ec8021000 rw-p 00000000 00:00 0 
7f5ec8021000-7f5ecc000000 ---p 00000000 00:00 0 
7f5ecc000000-7f5ecc032000 rw-p 00000000 00:00 0 
7f5ecc032000-7f5ed0000000 ---p 00000000 00:00 0 
7f5ed0000000-7f5ed0002000 r--s 00000000 08:07 7340114                    /var/cache/fontconfig/550f3886151c940c12a5ed35f6a00586-le64.cache-6
7f5ed0002000-7f5ed0003000 r--s 00000000 08:07 7340107                    /var/cache/fontconfig/3f7329c5293ffd510edef78f73874cfd-le64.cache-6
7f5ed0003000-7f5ed0007000 r--s 00000000 08:07 7347078                    /var/cache/fontconfig/d589a48862398ed80a3d6066f4f56f4c-le64.cache-6
7f5ed0007000-7f5ed0015000 r--s 00000000 08:07 7340132                    /var/cache/fontconfig/9b89f8e3dae116d678bbf48e5f21f69b-le64.cache-6
7f5ed0015000-7f5ed0022000 r--s 00000000 08:07 7348021                    /var/cache/fontconfig/e13b20fdb08344e0e664864cc2ede53d-le64.cache-6
7f5ed0022000-7f5ed00a2000 rw-s 00000000 00:06 457                        /dev/nvidiactl
7f5ed00a2000-7f5ed00ed000 r-xp 00000000 08:07 2761322                    /usr/lib/x86_64-linux-gnu/libpango-1.0.so.0.4000.12
7f5ed00ed000-7f5ed02ec000 ---p 0004b000 08:07 2761322                    /usr/lib/x86_64-linux-gnu/libpango-1.0.so.0.4000.12
7f5ed02ec000-7f5ed02ef000 r--p 0004a000 08:07 2761322                    /usr/lib/x86_64-linux-gnu/libpango-1.0.so.0.4000.12
7f5ed02ef000-7f5ed02f0000 rw-p 0004d000 08:07 2761322                    /usr/lib/x86_64-linux-gnu/libpango-1.0.so.0.4000.12
7f5ed02f0000-7f5ed03fb000 r-xp 00000000 08:07 2760611                    /usr/lib/x86_64-linux-gnu/libcairo.so.2.11400.10
7f5ed03fb000-7f5ed05fb000 ---p 0010b000 08:07 2760611                    /usr/lib/x86_64-linux-gnu/libcairo.so.2.11400.10
7f5ed05fb000-7f5ed05fe000 r--p 0010b000 08:07 2760611                    /usr/lib/x86_64-linux-gnu/libcairo.so.2.11400.10
7f5ed05fe000-7f5ed05ff000 rw-p 0010e000 08:07 2760611                    /usr/lib/x86_64-linux-gnu/libcairo.so.2.11400.10
7f5ed05ff000-7f5ed0601000 rw-p 00000000 00:00 0 
7f5ed0601000-7f5ed060d000 r-xp 00000000 08:07 2761324                    /usr/lib/x86_64-linux-gnu/libpangocairo-1.0.so.0.4000.12
7f5ed060d000-7f5ed080c000 ---p 0000c000 08:07 2761324                    /usr/lib/x86_64-linux-gnu/libpangocairo-1.0.so.0.4000.12
7f5ed080c000-7f5ed080d000 r--p 0000b000 08:07 2761324                    /usr/lib/x86_64-linux-gnu/libpangocairo-1.0.so.0.4000.12
7f5ed080d000-7f5ed080e000 rw-p 0000c000 08:07 2761324                    /usr/lib/x86_64-linux-gnu/libpangocairo-1.0.so.0.4000.12
7f5ed080e000-7f5ed0830000 r-xp 00000000 08:07 2752571                    /usr/lib/x86_64-linux-gnu/libgdk_pixbuf-2.0.so.0.3611.0
7f5ed0830000-7f5ed0a30000 ---p 00022000 08:07 2752571                    /usr/lib/x86_64-linux-gnu/libgdk_pixbuf-2.0.so.0.3611.0
7f5ed0a30000-7f5ed0a31000 r--p 00022000 08:07 2752571                    /usr/lib/x86_64-linux-gnu/libgdk_pixbuf-2.0.so.0.3611.0
7f5ed0a31000-7f5ed0a32000 rw-p 00023000 08:07 2752571                    /usr/lib/x86_64-linux-gnu/libgdk_pixbuf-2.0.so.0.3611.0
7f5ed0a32000-7f5ed0a46000 r-xp 00000000 08:07 2761326                    /usr/lib/x86_64-linux-gnu/libpangoft2-1.0.so.0.4000.12
7f5ed0a46000-7f5ed0c46000 ---p 00014000 08:07 2761326                    /usr/lib/x86_64-linux-gnu/libpangoft2-1.0.so.0.4000.12
7f5ed0c46000-7f5ed0c47000 r--p 00014000 08:07 2761326                    /usr/lib/x86_64-linux-gnu/libpangoft2-1.0.so.0.4000.12
7f5ed0c47000-7f5ed0c48000 rw-p 00015000 08:07 2761326                    /usr/lib/x86_64-linux-gnu/libpangoft2-1.0.so.0.4000.12
7f5ed0c48000-7f5ed0dd9000 r-xp 00000000 08:07 2760913                    /usr/lib/x86_64-linux-gnu/libgio-2.0.so.0.5400.1
7f5ed0dd9000-7f5ed0fd9000 ---p 00191000 08:07 2760913                    /usr/lib/x86_64-linux-gnu/libgio-2.0.so.0.5400.1
7f5ed0fd9000-7f5ed0fe0000 r--p 00191000 08:07 2760913                    /usr/lib/x86_64-linux-gnu/libgio-2.0.so.0.5400.1
7f5ed0fe0000-7f5ed0fe1000 rw-p 00198000 08:07 2760913                    /usr/lib/x86_64-linux-gnu/libgio-2.0.so.0.5400.1
7f5ed0fe1000-7f5ed0fe3000 rw-p 00000000 00:00 0 
7f5ed0fe3000-7f5ed1006000 r-xp 00000000 08:07 2760561                    /usr/lib/x86_64-linux-gnu/libatk-1.0.so.0.22609.1
7f5ed1006000-7f5ed1205000 ---p 00023000 08:07 2760561                    /usr/lib/x86_64-linux-gnu/libatk-1.0.so.0.22609.1
7f5ed1205000-7f5ed1208000 r--p 00022000 08:07 2760561                    /usr/lib/x86_64-linux-gnu/libatk-1.0.so.0.22609.1
7f5ed1208000-7f5ed1209000 rw-p 00025000 08:07 2760561                    /usr/lib/x86_64-linux-gnu/libatk-1.0.so.0.22609.1
7f5ed1209000-7f5ed12b8000 r-xp 00000000 08:07 2760891                    /usr/lib/x86_64-linux-gnu/libgdk-x11-2.0.so.0.2400.31
7f5ed12b8000-7f5ed14b8000 ---p 000af000 08:07 2760891                    /usr/lib/x86_64-linux-gnu/libgdk-x11-2.0.so.0.2400.31
7f5ed14b8000-7f5ed14bc000 r--p 000af000 08:07 2760891                    /usr/lib/x86_64-linux-gnu/libgdk-x11-2.0.so.0.2400.31
7f5ed14bc000-7f5ed14be000 rw-p 000b3000 08:07 2760891                    /usr/lib/x86_64-linux-gnu/libgdk-x11-2.0.so.0.2400.31
7f5ed14be000-7f5ed18f3000 r-xp 00000000 08:07 2761028                    /usr/lib/x86_64-linux-gnu/libgtk-x11-2.0.so.0.2400.31
7f5ed18f3000-7f5ed1af2000 ---p 00435000 08:07 2761028                    /usr/lib/x86_64-linux-gnu/libgtk-x11-2.0.so.0.2400.31
7f5ed1af2000-7f5ed1af9000 r--p 00434000 08:07 2761028                    /usr/lib/x86_64-linux-gnu/libgtk-x11-2.0.so.0.2400.31
7f5ed1af9000-7f5ed1afd000 rw-p 0043b000 08:07 2761028                    /usr/lib/x86_64-linux-gnu/libgtk-x11-2.0.so.0.2400.31
7f5ed1afd000-7f5ed1b00000 rw-p 00000000 00:00 0 
7f5ed1b00000-7f5ed1b0c000 r-xp 00000000 08:07 3542411                    /usr/lib/jvm/java-8-oracle/jre/lib/amd64/libprism_es2.so
7f5ed1b0c000-7f5ed1d0b000 ---p 0000c000 08:07 3542411                    /usr/lib/jvm/java-8-oracle/jre/lib/amd64/libprism_es2.so
7f5ed1d0b000-7f5ed1d0c000 rw-p 0000b000 08:07 3542411                    /usr/lib/jvm/java-8-oracle/jre/lib/amd64/libprism_es2.so
7f5ed1d0c000-7f5ed1d0f000 ---p 00000000 00:00 0 
7f5ed1d0f000-7f5ed1e0d000 rw-p 00000000 00:00 0 
7f5ed1e0d000-7f5ed1e0e000 ---p 00000000 00:00 0 
7f5ed1e0e000-7f5ed1f0e000 rw-p 00000000 00:00 0 
7f5ed1f0e000-7f5ed1f11000 ---p 00000000 00:00 0 
7f5ed1f11000-7f5ed200f000 rw-p 00000000 00:00 0 
7f5ed200f000-7f5ed2012000 ---p 00000000 00:00 0 
7f5ed2012000-7f5ed2110000 rw-p 00000000 00:00 0 
7f5ed2110000-7f5ed2113000 ---p 00000000 00:00 0 
7f5ed2113000-7f5ed2211000 rw-p 00000000 00:00 0 
7f5ed2211000-7f5ed2214000 ---p 00000000 00:00 0 
7f5ed2214000-7f5ed2312000 rw-p 00000000 00:00 0 
7f5ed2312000-7f5ed2315000 ---p 00000000 00:00 0 
7f5ed2315000-7f5ed2413000 rw-p 00000000 00:00 0 
7f5ed2413000-7f5ed26ef000 r--p 00000000 08:07 2752627                    /usr/lib/locale/locale-archive
7f5ed26ef000-7f5ed26f2000 ---p 00000000 00:00 0 
7f5ed26f2000-7f5ed27f0000 rw-p 00000000 00:00 0 
7f5ed27f0000-7f5ed27f3000 ---p 00000000 00:00 0 
7f5ed27f3000-7f5ed28f1000 rw-p 00000000 00:00 0 
7f5ed28f1000-7f5ed28f2000 ---p 00000000 00:00 0 
7f5ed28f2000-7f5ed4000000 rw-p 00000000 00:00 0 
7f5ed4000000-7f5ed4021000 rw-p 00000000 00:00 0 
7f5ed4021000-7f5ed8000000 ---p 00000000 00:00 0 
7f5ed8000000-7f5ed8001000 r--s 00000000 08:07 7340101                    /var/cache/fontconfig/30829fa25452a46451e813d634d7f916-le64.cache-6
7f5ed8001000-7f5ed8002000 r--s 00000000 08:07 7340091                    /var/cache/fontconfig/0c9eb80ebd1c36541ebe2852d3bb0c49-le64.cache-6
7f5ed8002000-7f5ed8003000 r--s 00000000 08:07 7340098                    /var/cache/fontconfig/22368d551a680bfe5a62c02760edf4ea-le64.cache-6
7f5ed8003000-7f5ed8004000 r--s 00000000 08:07 7340112                    /var/cache/fontconfig/4d9c95eba1cb85bbcf2878543262124a-le64.cache-6
7f5ed8004000-7f5ed8008000 r--s 00000000 08:07 7346497                    /var/cache/fontconfig/7ef2298fde41cc6eeb7af42e48b7d293-le64.cache-6
7f5ed8008000-7f5ed801d000 r--s 00233000 08:07 4468825                    /home/deven/Desktop/mylib/dist/run811750244/lib/jfoenix.jar
7f5ed801d000-7f5ed8024000 r--s 0008a000 08:07 4468821                    /home/deven/Desktop/mylib/dist/run811750244/lib/derbyclient.jar
7f5ed8024000-7f5ed8037000 rw-s 00000000 00:06 457                        /dev/nvidiactl
7f5ed8037000-7f5ed8077000 rw-s 00000000 00:06 457                        /dev/nvidiactl
7f5ed8077000-7f5ed80b7000 rw-s 00000000 00:06 457                        /dev/nvidiactl
7f5ed80b7000-7f5ed8290000 r--s 03d64000 08:07 3282543                    /usr/lib/jvm/java-8-oracle/jre/lib/rt.jar
7f5ed8290000-7f5edc000000 rw-p 00000000 00:00 0 
7f5edc000000-7f5edc021000 rw-p 00000000 00:00 0 
7f5edc021000-7f5ee0000000 ---p 00000000 00:00 0 
7f5ee0000000-7f5ee0021000 rw-p 00000000 00:00 0 
7f5ee0021000-7f5ee4000000 ---p 00000000 00:00 0 
7f5ee4000000-7f5ee4021000 rw-p 00000000 00:00 0 
7f5ee4021000-7f5ee8000000 ---p 00000000 00:00 0 
7f5ee8000000-7f5ee8001000 r--s 00000000 08:07 7340128                    /var/cache/fontconfig/85e0a52ce643a7ba2ae53e5d6949cead-le64.cache-6
7f5ee8001000-7f5ee8006000 r--s 00034000 08:07 4468824                    /home/deven/Desktop/mylib/dist/run811750244/lib/gson-2.8.1.jar
7f5ee8006000-7f5ee8026000 rw-s 00000000 00:06 457                        /dev/nvidiactl
7f5ee8026000-7f5ee80bc000 r--s 0110a000 08:07 3411547                    /usr/lib/jvm/java-8-oracle/jre/lib/ext/jfxrt.jar
7f5ee80bc000-7f5ee8594000 rw-p 00000000 00:00 0 
7f5ee8594000-7f5ee8595000 ---p 00000000 00:00 0 
7f5ee8595000-7f5ee8695000 rw-p 00000000 00:00 0 
7f5ee8695000-7f5ee8696000 ---p 00000000 00:00 0 
7f5ee8696000-7f5ee8796000 rw-p 00000000 00:00 0 
7f5ee8796000-7f5ee8797000 ---p 00000000 00:00 0 
7f5ee8797000-7f5ee8897000 rw-p 00000000 00:00 0 
7f5ee8897000-7f5ee8898000 ---p 00000000 00:00 0 
7f5ee8898000-7f5ee89b7000 rw-p 00000000 00:00 0 
7f5ee89b7000-7f5ee8c28000 ---p 00000000 00:00 0 
7f5ee8c28000-7f5ee8c47000 rw-p 00000000 00:00 0 
7f5ee8c47000-7f5ee8eb7000 ---p 00000000 00:00 0 
7f5ee8eb7000-7f5ee8ed1000 rw-p 00000000 00:00 0 
7f5ee8ed1000-7f5ee8fff000 ---p 00000000 00:00 0 
7f5ee8fff000-7f5ee9000000 rw-p 00000000 00:00 0 
7f5ee9000000-7f5ee9890000 rwxp 00000000 00:00 0 
7f5ee9890000-7f5ef8000000 ---p 00000000 00:00 0 
7f5ef8000000-7f5ef854e000 rw-p 00000000 00:00 0 
7f5ef854e000-7f5efc000000 ---p 00000000 00:00 0 
7f5efc000000-7f5efc001000 r--s 00000000 08:07 7340109                    /var/cache/fontconfig/49f0de54bdd920fe4f0dfd4cbac43e6b-le64.cache-6
7f5efc001000-7f5efc002000 r--s 00000000 08:07 7340155                    /var/cache/fontconfig/f6e6e0a5c3d2f6ae0c0c2e0ecd42a997-le64.cache-6
7f5efc002000-7f5efc003000 r--s 00000000 08:07 7340110                    /var/cache/fontconfig/4b2eda6bb976bda485cb2176619421d5-le64.cache-6
7f5efc003000-7f5efc005000 r--s 00004000 08:07 4468822                    /home/deven/Desktop/mylib/dist/run811750244/lib/fontawesomefx-commons-8.15.jar
7f5efc005000-7f5efc025000 rw-s 00000000 00:06 457                        /dev/nvidiactl
7f5efc025000-7f5efc065000 rw-s 00000000 00:06 457                        /dev/nvidiactl
7f5efc078000-7f5efc082000 r--s 00116000 08:07 3411553                    /usr/lib/jvm/java-8-oracle/jre/lib/ext/localedata.jar
7f5efc082000-7f5efc085000 r--s 0001a000 08:07 3282554                    /usr/lib/jvm/java-8-oracle/jre/lib/jce.jar
7f5efc085000-7f5efc11e000 rw-p 00000000 00:00 0 
7f5efc11e000-7f5efc4bb000 ---p 00000000 00:00 0 
7f5efc4bb000-7f5efc4d6000 r-xp 00000000 08:07 3542403                    /usr/lib/jvm/java-8-oracle/jre/lib/amd64/libzip.so
7f5efc4d6000-7f5efc6d6000 ---p 0001b000 08:07 3542403                    /usr/lib/jvm/java-8-oracle/jre/lib/amd64/libzip.so
7f5efc6d6000-7f5efc6d7000 rw-p 0001b000 08:07 3542403                    /usr/lib/jvm/java-8-oracle/jre/lib/amd64/libzip.so
7f5efc6d7000-7f5efc6e2000 r-xp 00000000 08:07 1572957                    /lib/x86_64-linux-gnu/libnss_files-2.26.so
7f5efc6e2000-7f5efc8e1000 ---p 0000b000 08:07 1572957                    /lib/x86_64-linux-gnu/libnss_files-2.26.so
7f5efc8e1000-7f5efc8e2000 r--p 0000a000 08:07 1572957                    /lib/x86_64-linux-gnu/libnss_files-2.26.so
7f5efc8e2000-7f5efc8e3000 rw-p 0000b000 08:07 1572957                    /lib/x86_64-linux-gnu/libnss_files-2.26.so
7f5efc8e3000-7f5efc8e9000 rw-p 00000000 00:00 0 
7f5efc8e9000-7f5efc8f4000 r-xp 00000000 08:07 1572959                    /lib/x86_64-linux-gnu/libnss_nis-2.26.so
7f5efc8f4000-7f5efcaf3000 ---p 0000b000 08:07 1572959                    /lib/x86_64-linux-gnu/libnss_nis-2.26.so
7f5efcaf3000-7f5efcaf4000 r--p 0000a000 08:07 1572959                    /lib/x86_64-linux-gnu/libnss_nis-2.26.so
7f5efcaf4000-7f5efcaf5000 rw-p 0000b000 08:07 1572959                    /lib/x86_64-linux-gnu/libnss_nis-2.26.so
7f5efcaf5000-7f5efcb0c000 r-xp 00000000 08:07 1572954                    /lib/x86_64-linux-gnu/libnsl-2.26.so
7f5efcb0c000-7f5efcd0b000 ---p 00017000 08:07 1572954                    /lib/x86_64-linux-gnu/libnsl-2.26.so
7f5efcd0b000-7f5efcd0c000 r--p 00016000 08:07 1572954                    /lib/x86_64-linux-gnu/libnsl-2.26.so
7f5efcd0c000-7f5efcd0d000 rw-p 00017000 08:07 1572954                    /lib/x86_64-linux-gnu/libnsl-2.26.so
7f5efcd0d000-7f5efcd0f000 rw-p 00000000 00:00 0 
7f5efcd0f000-7f5efcd17000 r-xp 00000000 08:07 1572955                    /lib/x86_64-linux-gnu/libnss_compat-2.26.so
7f5efcd17000-7f5efcf16000 ---p 00008000 08:07 1572955                    /lib/x86_64-linux-gnu/libnss_compat-2.26.so
7f5efcf16000-7f5efcf17000 r--p 00007000 08:07 1572955                    /lib/x86_64-linux-gnu/libnss_compat-2.26.so
7f5efcf17000-7f5efcf18000 rw-p 00008000 08:07 1572955                    /lib/x86_64-linux-gnu/libnss_compat-2.26.so
7f5efcf18000-7f5efcf43000 r-xp 00000000 08:07 3542397                    /usr/lib/jvm/java-8-oracle/jre/lib/amd64/libjava.so
7f5efcf43000-7f5efd142000 ---p 0002b000 08:07 3542397                    /usr/lib/jvm/java-8-oracle/jre/lib/amd64/libjava.so
7f5efd142000-7f5efd144000 rw-p 0002a000 08:07 3542397                    /usr/lib/jvm/java-8-oracle/jre/lib/amd64/libjava.so
7f5efd144000-7f5efd151000 r-xp 00000000 08:07 3542402                    /usr/lib/jvm/java-8-oracle/jre/lib/amd64/libverify.so
7f5efd151000-7f5efd351000 ---p 0000d000 08:07 3542402                    /usr/lib/jvm/java-8-oracle/jre/lib/amd64/libverify.so
7f5efd351000-7f5efd353000 rw-p 0000d000 08:07 3542402                    /usr/lib/jvm/java-8-oracle/jre/lib/amd64/libverify.so
7f5efd353000-7f5efd35a000 r-xp 00000000 08:07 1577453                    /lib/x86_64-linux-gnu/librt-2.26.so
7f5efd35a000-7f5efd559000 ---p 00007000 08:07 1577453                    /lib/x86_64-linux-gnu/librt-2.26.so
7f5efd559000-7f5efd55a000 r--p 00006000 08:07 1577453                    /lib/x86_64-linux-gnu/librt-2.26.so
7f5efd55a000-7f5efd55b000 rw-p 00007000 08:07 1577453                    /lib/x86_64-linux-gnu/librt-2.26.so
7f5efd55b000-7f5efd6b0000 r-xp 00000000 08:07 1572951                    /lib/x86_64-linux-gnu/libm-2.26.so
7f5efd6b0000-7f5efd8af000 ---p 00155000 08:07 1572951                    /lib/x86_64-linux-gnu/libm-2.26.so
7f5efd8af000-7f5efd8b0000 r--p 00154000 08:07 1572951                    /lib/x86_64-linux-gnu/libm-2.26.so
7f5efd8b0000-7f5efd8b1000 rw-p 00155000 08:07 1572951                    /lib/x86_64-linux-gnu/libm-2.26.so
7f5efd8b1000-7f5efe58a000 r-xp 00000000 08:07 3542430                    /usr/lib/jvm/java-8-oracle/jre/lib/amd64/server/libjvm.so
7f5efe58a000-7f5efe789000 ---p 00cd9000 08:07 3542430                    /usr/lib/jvm/java-8-oracle/jre/lib/amd64/server/libjvm.so
7f5efe789000-7f5efe862000 rw-p 00cd8000 08:07 3542430                    /usr/lib/jvm/java-8-oracle/jre/lib/amd64/server/libjvm.so
7f5efe862000-7f5efe8ae000 rw-p 00000000 00:00 0 
7f5efe8ae000-7f5efea84000 r-xp 00000000 08:07 1572947                    /lib/x86_64-linux-gnu/libc-2.26.so
7f5efea84000-7f5efec84000 ---p 001d6000 08:07 1572947                    /lib/x86_64-linux-gnu/libc-2.26.so
7f5efec84000-7f5efec88000 r--p 001d6000 08:07 1572947                    /lib/x86_64-linux-gnu/libc-2.26.so
7f5efec88000-7f5efec8a000 rw-p 001da000 08:07 1572947                    /lib/x86_64-linux-gnu/libc-2.26.so
7f5efec8a000-7f5efec8e000 rw-p 00000000 00:00 0 
7f5efec8e000-7f5efec91000 r-xp 00000000 08:07 1572950                    /lib/x86_64-linux-gnu/libdl-2.26.so
7f5efec91000-7f5efee90000 ---p 00003000 08:07 1572950                    /lib/x86_64-linux-gnu/libdl-2.26.so
7f5efee90000-7f5efee91000 r--p 00002000 08:07 1572950                    /lib/x86_64-linux-gnu/libdl-2.26.so
7f5efee91000-7f5efee92000 rw-p 00003000 08:07 1572950                    /lib/x86_64-linux-gnu/libdl-2.26.so
7f5efee92000-7f5efeea8000 r-xp 00000000 08:07 3542379                    /usr/lib/jvm/java-8-oracle/jre/lib/amd64/jli/libjli.so
7f5efeea8000-7f5eff0a7000 ---p 00016000 08:07 3542379                    /usr/lib/jvm/java-8-oracle/jre/lib/amd64/jli/libjli.so
7f5eff0a7000-7f5eff0a8000 rw-p 00015000 08:07 3542379                    /usr/lib/jvm/java-8-oracle/jre/lib/amd64/jli/libjli.so
7f5eff0a8000-7f5eff0c2000 r-xp 00000000 08:07 1572962                    /lib/x86_64-linux-gnu/libpthread-2.26.so
7f5eff0c2000-7f5eff2c1000 ---p 0001a000 08:07 1572962                    /lib/x86_64-linux-gnu/libpthread-2.26.so
7f5eff2c1000-7f5eff2c2000 r--p 00019000 08:07 1572962                    /lib/x86_64-linux-gnu/libpthread-2.26.so
7f5eff2c2000-7f5eff2c3000 rw-p 0001a000 08:07 1572962                    /lib/x86_64-linux-gnu/libpthread-2.26.so
7f5eff2c3000-7f5eff2c7000 rw-p 00000000 00:00 0 
7f5eff2c7000-7f5eff2ee000 r-xp 00000000 08:07 1572870                    /lib/x86_64-linux-gnu/ld-2.26.so
7f5eff2ee000-7f5eff2ef000 r--s 00021000 08:07 4468823                    /home/deven/Desktop/mylib/dist/run811750244/lib/fontawesomefx-fontawesome-4.7.0-5.jar
7f5eff2ef000-7f5eff2ff000 rw-s 00000000 00:06 458                        /dev/nvidia0
7f5eff2ff000-7f5eff3d0000 rw-p 00000000 00:00 0 
7f5eff3d0000-7f5eff3d3000 ---p 00000000 00:00 0 
7f5eff3d3000-7f5eff4d3000 rw-p 00000000 00:00 0 
7f5eff4d3000-7f5eff4d5000 r--s 0000d000 08:07 4468819                    /home/deven/Desktop/mylib/dist/run811750244/lib/commons-codec-1.4.jar
7f5eff4d5000-7f5eff4d7000 rw-s 00000000 08:07 524886                     /tmp/.glzDlnFJ (deleted)
7f5eff4d7000-7f5eff4d8000 rw-s 00000000 00:06 457                        /dev/nvidiactl
7f5eff4d8000-7f5eff4dc000 rw-s 00000000 00:06 457                        /dev/nvidiactl
7f5eff4dc000-7f5eff4dd000 rw-s 00000000 00:06 458                        /dev/nvidia0
7f5eff4dd000-7f5eff4de000 rw-s 00000000 00:06 458                        /dev/nvidia0
7f5eff4de000-7f5eff4df000 rw-s 00000000 00:06 458                        /dev/nvidia0
7f5eff4df000-7f5eff4e0000 rw-s 00000000 00:06 457                        /dev/nvidiactl
7f5eff4e0000-7f5eff4e2000 r--s 00019000 08:07 4468816                    /home/deven/Desktop/mylib/dist/run811750244/Library Assistant.jar
7f5eff4e2000-7f5eff4ea000 rw-s 00000000 08:07 524885                     /tmp/hsperfdata_deven/15839
7f5eff4ea000-7f5eff4eb000 rw-p 00000000 00:00 0 
7f5eff4eb000-7f5eff4ec000 r--p 00000000 00:00 0 
7f5eff4ec000-7f5eff4ee000 rw-p 00000000 00:00 0 
7f5eff4ee000-7f5eff4ef000 r--p 00027000 08:07 1572870                    /lib/x86_64-linux-gnu/ld-2.26.so
7f5eff4ef000-7f5eff4f0000 rw-p 00028000 08:07 1572870                    /lib/x86_64-linux-gnu/ld-2.26.so
7f5eff4f0000-7f5eff4f1000 rw-p 00000000 00:00 0 
7ffd7e619000-7ffd7e63a000 rw-p 00000000 00:00 0                          [stack]
7ffd7e7b3000-7ffd7e7b6000 r--p 00000000 00:00 0                          [vvar]
7ffd7e7b6000-7ffd7e7b8000 r-xp 00000000 00:00 0                          [vdso]
ffffffffff600000-ffffffffff601000 r-xp 00000000 00:00 0                  [vsyscall]

VM Arguments:
jvm_args: -Dfile.encoding=UTF-8 
java_command: /home/deven/Desktop/mylib/dist/run811750244/Library Assistant.jar
java_class_path (initial): /home/deven/Desktop/mylib/dist/run811750244/Library Assistant.jar
Launcher Type: SUN_STANDARD

Environment Variables:
PATH=/usr/local/sbin:/usr/local/bin:/usr/sbin:/usr/bin:/sbin:/bin:/usr/games:/usr/local/games:/snap/bin
USERNAME=deven
LD_LIBRARY_PATH=/usr/lib/jvm/java-8-oracle/jre/lib/amd64:/usr/lib/jvm/java-8-oracle/jre/lib/i386:
SHELL=/bin/bash
DISPLAY=:1

Signal Handlers:
SIGSEGV: [libjvm.so+0xad01e0], sa_mask[0]=11111111011111111101111111111110, sa_flags=SA_RESTART|SA_SIGINFO
SIGBUS: [libjvm.so+0xad01e0], sa_mask[0]=11111111011111111101111111111110, sa_flags=SA_RESTART|SA_SIGINFO
SIGFPE: [libjvm.so+0x927fb0], sa_mask[0]=11111111011111111101111111111110, sa_flags=SA_RESTART|SA_SIGINFO
SIGPIPE: SIG_IGN, sa_mask[0]=00000000000010000000000000000000, sa_flags=SA_RESTART
SIGXFSZ: [libjvm.so+0x927fb0], sa_mask[0]=11111111011111111101111111111110, sa_flags=SA_RESTART|SA_SIGINFO
SIGILL: [libjvm.so+0x927fb0], sa_mask[0]=11111111011111111101111111111110, sa_flags=SA_RESTART|SA_SIGINFO
SIGUSR1: SIG_DFL, sa_mask[0]=00000000000000000000000000000000, sa_flags=none
SIGUSR2: [libjvm.so+0x9297f0], sa_mask[0]=00100000000000000000000000000000, sa_flags=SA_RESTART|SA_SIGINFO
SIGHUP: [libjvm.so+0x92abf0], sa_mask[0]=11111111011111111101111111111110, sa_flags=SA_RESTART|SA_SIGINFO
SIGINT: SIG_IGN, sa_mask[0]=00000000000000000000000000000000, sa_flags=none
SIGTERM: [libjvm.so+0x92abf0], sa_mask[0]=11111111011111111101111111111110, sa_flags=SA_RESTART|SA_SIGINFO
SIGQUIT: [libjvm.so+0x92abf0], sa_mask[0]=11111111011111111101111111111110, sa_flags=SA_RESTART|SA_SIGINFO


---------------  S Y S T E M  ---------------

OS:DISTRIB_ID=Ubuntu
DISTRIB_RELEASE=17.10
DISTRIB_CODENAME=artful
DISTRIB_DESCRIPTION="Ubuntu 17.10"

uname:Linux 4.13.0-32-generic #35-Ubuntu SMP Thu Jan 25 09:13:46 UTC 2018 x86_64
libc:glibc 2.26 NPTL 2.26 
rlimit: STACK 8192k, CORE 0k, NPROC 30939, NOFILE 1048576, AS infinity
load average:1.76 1.31 1.20

/proc/meminfo:
MemTotal:        8051588 kB
MemFree:         3739212 kB
MemAvailable:    5079916 kB
Buffers:          114784 kB
Cached:          1416224 kB
SwapCached:            0 kB
Active:          3069336 kB
Inactive:         880352 kB
Active(anon):    2316728 kB
Inactive(anon):   110708 kB
Active(file):     752608 kB
Inactive(file):   769644 kB
Unevictable:          32 kB
Mlocked:              32 kB
SwapTotal:       2097148 kB
SwapFree:        2097148 kB
Dirty:             15516 kB
Writeback:             0 kB
AnonPages:       2418800 kB
Mapped:           482412 kB
Shmem:            111848 kB
Slab:             146480 kB
SReclaimable:      85692 kB
SUnreclaim:        60788 kB
KernelStack:       12464 kB
PageTables:        52396 kB
NFS_Unstable:          0 kB
Bounce:                0 kB
WritebackTmp:          0 kB
CommitLimit:     6122940 kB
Committed_AS:    8030564 kB
VmallocTotal:   34359738367 kB
VmallocUsed:           0 kB
VmallocChunk:          0 kB
HardwareCorrupted:     0 kB
AnonHugePages:         0 kB
ShmemHugePages:        0 kB
ShmemPmdMapped:        0 kB
CmaTotal:              0 kB
CmaFree:               0 kB
HugePages_Total:       0
HugePages_Free:        0
HugePages_Rsvd:        0
HugePages_Surp:        0
Hugepagesize:       2048 kB
DirectMap4k:      314996 kB
DirectMap2M:     6907904 kB
DirectMap1G:     1048576 kB


CPU:total 4 (initial active 4) (4 cores per cpu, 1 threads per core) family 6 model 158 stepping 9, cmov, cx8, fxsr, mmx, sse, sse2, sse3, ssse3, sse4.1, sse4.2, popcnt, avx, avx2, aes, clmul, erms, 3dnowpref, lzcnt, tsc, tscinvbit, bmi1, bmi2, adx

/proc/cpuinfo:
processor	: 0
vendor_id	: GenuineIntel
cpu family	: 6
model		: 158
model name	: Intel(R) Core(TM) i5-7300HQ CPU @ 2.50GHz
stepping	: 9
microcode	: 0x5e
cpu MHz		: 2500.000
cache size	: 6144 KB
physical id	: 0
siblings	: 4
core id		: 0
cpu cores	: 4
apicid		: 0
initial apicid	: 0
fpu		: yes
fpu_exception	: yes
cpuid level	: 22
wp		: yes
flags		: fpu vme de pse tsc msr pae mce cx8 apic sep mtrr pge mca cmov pat pse36 clflush dts acpi mmx fxsr sse sse2 ss ht tm pbe syscall nx pdpe1gb rdtscp lm constant_tsc art arch_perfmon pebs bts rep_good nopl xtopology nonstop_tsc cpuid aperfmperf tsc_known_freq pni pclmulqdq dtes64 monitor ds_cpl vmx est tm2 ssse3 sdbg fma cx16 xtpr pdcm pcid sse4_1 sse4_2 x2apic movbe popcnt tsc_deadline_timer aes xsave avx f16c rdrand lahf_lm abm 3dnowprefetch cpuid_fault epb invpcid_single pti intel_pt tpr_shadow vnmi flexpriority ept vpid fsgsbase tsc_adjust bmi1 avx2 smep bmi2 erms invpcid mpx rdseed adx smap clflushopt xsaveopt xsavec xgetbv1 xsaves dtherm ida arat pln pts hwp hwp_notify hwp_act_window hwp_epp
bugs		: cpu_meltdown spectre_v1 spectre_v2
bogomips	: 4992.00
clflush size	: 64
cache_alignment	: 64
address sizes	: 39 bits physical, 48 bits virtual
power management:

processor	: 1
vendor_id	: GenuineIntel
cpu family	: 6
model		: 158
model name	: Intel(R) Core(TM) i5-7300HQ CPU @ 2.50GHz
stepping	: 9
microcode	: 0x5e
cpu MHz		: 2500.000
cache size	: 6144 KB
physical id	: 0
siblings	: 4
core id		: 1
cpu cores	: 4
apicid		: 2
initial apicid	: 2
fpu		: yes
fpu_exception	: yes
cpuid level	: 22
wp		: yes
flags		: fpu vme de pse tsc msr pae mce cx8 apic sep mtrr pge mca cmov pat pse36 clflush dts acpi mmx fxsr sse sse2 ss ht tm pbe syscall nx pdpe1gb rdtscp lm constant_tsc art arch_perfmon pebs bts rep_good nopl xtopology nonstop_tsc cpuid aperfmperf tsc_known_freq pni pclmulqdq dtes64 monitor ds_cpl vmx est tm2 ssse3 sdbg fma cx16 xtpr pdcm pcid sse4_1 sse4_2 x2apic movbe popcnt tsc_deadline_timer aes xsave avx f16c rdrand lahf_lm abm 3dnowprefetch cpuid_fault epb invpcid_single pti intel_pt tpr_shadow vnmi flexpriority ept vpid fsgsbase tsc_adjust bmi1 avx2 smep bmi2 erms invpcid mpx rdseed adx smap clflushopt xsaveopt xsavec xgetbv1 xsaves dtherm ida arat pln pts hwp hwp_notify hwp_act_window hwp_epp
bugs		: cpu_meltdown spectre_v1 spectre_v2
bogomips	: 4992.00
clflush size	: 64
cache_alignment	: 64
address sizes	: 39 bits physical, 48 bits virtual
power management:

processor	: 2
vendor_id	: GenuineIntel
cpu family	: 6
model		: 158
model name	: Intel(R) Core(TM) i5-7300HQ CPU @ 2.50GHz
stepping	: 9
microcode	: 0x5e
cpu MHz		: 2500.000
cache size	: 6144 KB
physical id	: 0
siblings	: 4
core id		: 2
cpu cores	: 4
apicid		: 4
initial apicid	: 4
fpu		: yes
fpu_exception	: yes
cpuid level	: 22
wp		: yes
flags		: fpu vme de pse tsc msr pae mce cx8 apic sep mtrr pge mca cmov pat pse36 clflush dts acpi mmx fxsr sse sse2 ss ht tm pbe syscall nx pdpe1gb rdtscp lm constant_tsc art arch_perfmon pebs bts rep_good nopl xtopology nonstop_tsc cpuid aperfmperf tsc_known_freq pni pclmulqdq dtes64 monitor ds_cpl vmx est tm2 ssse3 sdbg fma cx16 xtpr pdcm pcid sse4_1 sse4_2 x2apic movbe popcnt tsc_deadline_timer aes xsave avx f16c rdrand lahf_lm abm 3dnowprefetch cpuid_fault epb invpcid_single pti intel_pt tpr_shadow vnmi flexpriority ept vpid fsgsbase tsc_adjust bmi1 avx2 smep bmi2 erms invpcid mpx rdseed adx smap clflushopt xsaveopt xsavec xgetbv1 xsaves dtherm ida arat pln pts hwp hwp_notify hwp_act_window hwp_epp
bugs		: cpu_meltdown spectre_v1 spectre_v2
bogomips	: 4992.00
clflush size	: 64
cache_alignment	: 64
address sizes	: 39 bits physical, 48 bits virtual
power management:

processor	: 3
vendor_id	: GenuineIntel
cpu family	: 6
model		: 158
model name	: Intel(R) Core(TM) i5-7300HQ CPU @ 2.50GHz
stepping	: 9
microcode	: 0x5e
cpu MHz		: 2500.000
cache size	: 6144 KB
physical id	: 0
siblings	: 4
core id		: 3
cpu cores	: 4
apicid		: 6
initial apicid	: 6
fpu		: yes
fpu_exception	: yes
cpuid level	: 22
wp		: yes
flags		: fpu vme de pse tsc msr pae mce cx8 apic sep mtrr pge mca cmov pat pse36 clflush dts acpi mmx fxsr sse sse2 ss ht tm pbe syscall nx pdpe1gb rdtscp lm constant_tsc art arch_perfmon pebs bts rep_good nopl xtopology nonstop_tsc cpuid aperfmperf tsc_known_freq pni pclmulqdq dtes64 monitor ds_cpl vmx est tm2 ssse3 sdbg fma cx16 xtpr pdcm pcid sse4_1 sse4_2 x2apic movbe popcnt tsc_deadline_timer aes xsave avx f16c rdrand lahf_lm abm 3dnowprefetch cpuid_fault epb invpcid_single pti intel_pt tpr_shadow vnmi flexpriority ept vpid fsgsbase tsc_adjust bmi1 avx2 smep bmi2 erms invpcid mpx rdseed adx smap clflushopt xsaveopt xsavec xgetbv1 xsaves dtherm ida arat pln pts hwp hwp_notify hwp_act_window hwp_epp
bugs		: cpu_meltdown spectre_v1 spectre_v2
bogomips	: 4992.00
clflush size	: 64
cache_alignment	: 64
address sizes	: 39 bits physical, 48 bits virtual
power management:



Memory: 4k page, physical 8051588k(3739212k free), swap 2097148k(2097148k free)

vm_info: Java HotSpot(TM) 64-Bit Server VM (25.161-b12) for linux-amd64 JRE (1.8.0_161-b12), built on Dec 19 2017 16:12:43 by "java_re" with gcc 4.3.0 20080428 (Red Hat 4.3.0-8)

time: Sat Feb 17 00:24:45 2018
elapsed time: 5 seconds (0d 0h 0m 5s)

