#
# A fatal error has been detected by the Java Runtime Environment:
#
#  SIGSEGV (0xb) at pc=0x00007fdb1f73e788, pid=15895, tid=0x00007fdabe74e700
#
# JRE version: Java(TM) SE Runtime Environment (8.0_161-b12) (build 1.8.0_161-b12)
# Java VM: Java HotSpot(TM) 64-Bit Server VM (25.161-b12 mixed mode linux-amd64 compressed oops)
# Problematic frame:
# V  [libjvm.so+0x6d7788]  jni_invoke_nonstatic(JNIEnv_*, JavaValue*, _jobject*, JNICallType, _jmethodID*, JNI_ArgumentPusher*, Thread*)+0x38
#
# Failed to write core dump. Core dumps have been disabled. To enable core dumping, try "ulimit -c unlimited" before starting Java again
#
# If you would like to submit a bug report, please visit:
#   http://bugreport.java.com/bugreport/crash.jsp
#

---------------  T H R E A D  ---------------

Current thread (0x00007fdb18377000):  JavaThread "JavaFX Application Thread" [_thread_in_vm, id=15915, stack(0x00007fdabe64e000,0x00007fdabe74f000)]

siginfo: si_signo: 11 (SIGSEGV), si_code: 128 (SI_KERNEL), si_addr: 0x0000000000000000

Registers:
RAX=0x00007fdabe74d470, RBX=0x00007fdabe74d380, RCX=0x0000000000000001, RDX=0x4a2f736c6f72746e
RSP=0x00007fdabe74d1d0, RBP=0x00007fdabe74d350, RSI=0x00007fdabe74d3e0, RDI=0x00007fdb183771f8
R8 =0x00007fdb182c5a68, R9 =0x00007fdabe74d380, R10=0x00007fdab0000d30, R11=0x00007fdb09490f60
R12=0x00007fdb18377000, R13=0x00007fdb182c5a68, R14=0x0000000000000001, R15=0x00007fdb183771f8
RIP=0x00007fdb1f73e788, EFLAGS=0x0000000000010202, CSGSFS=0x002b000000000033, ERR=0x0000000000000000
  TRAPNO=0x000000000000000d

Top of Stack: (sp=0x00007fdabe74d1d0)
0x00007fdabe74d1d0:   00007fdabe74d8d0 00007fdabe74d4f0
0x00007fdabe74d1e0:   00007fdabe74d230 00007fdabe74d2b0
0x00007fdabe74d1f0:   00007fdabe74d380 00007fdabe74d3e0
0x00007fdabe74d200:   00007fdb183771f8 00007fdb1f75e290
0x00007fdabe74d210:   00007fdad8044710 00007fdad8044720
0x00007fdabe74d220:   00007fdad8044af8 00000000000003d8
0x00007fdabe74d230:   0000000000000000 000000008553e558
0x00007fdabe74d240:   00007fdb0000006f 00007fdb0000000a
0x00007fdabe74d250:   00000000d8387998 0000000000000000
0x00007fdabe74d260:   0000000000000000 0000000000000000
0x00007fdabe74d270:   00007fdb1c754c30 0000000100000100
0x00007fdabe74d280:   0000000000000000 00007fdabe74d238
0x00007fdabe74d290:   00007fdabe74d279 0000000800000005
0x00007fdabe74d2a0:   00007fdabe74d200 00007fdb183777a0
0x00007fdabe74d2b0:   00007fdb1ffd1e70 00007fdb20b0a720
0x00007fdabe74d2c0:   0000000018377720 00007fdb18377000
0x00007fdabe74d2d0:   0000000000000000 00007fdb1f73eb5b
0x00007fdabe74d2e0:   00007fdb1c75ed78 00007fdb18377000
0x00007fdabe74d2f0:   00007fdb1c75ed78 00007fdb18377000
0x00007fdabe74d300:   00007fdabe74d490 00007fdb1c75ed78
0x00007fdabe74d310:   00007fdb1c75ed78 00007fdb1c75ed78
0x00007fdabe74d320:   00007fdad8044710 00007fdabe74d380
0x00007fdabe74d330:   00007fdb18377000 00007fdabe74d3c0
0x00007fdabe74d340:   00007fdb182c5a68 00007fdb183771f8
0x00007fdabe74d350:   00007fdabe74d440 00007fdb1f742f2f
0x00007fdabe74d360:   00007fdb18377000 00007fdafaaac4d4
0x00007fdabe74d370:   00007fdabe74d458 4a2f736c6f72746e
0x00007fdabe74d380:   00007fdb1ffd2af0 00007fdb20b0a720
0x00007fdabe74d390:   0000000000000000 00007fda00000063
0x00007fdabe74d3a0:   0000000000000000 0000003000000018
0x00007fdabe74d3b0:   00007fdabe74d530 00007fdabe74d470
0x00007fdabe74d3c0:   00007fdb18377000 0000000000000000 

Instructions: (pc=0x00007fdb1f73e788)
0x00007fdb1f73e768:   00 00 48 85 d2 48 89 bd b0 fe ff ff 48 89 b5 a8
0x00007fdb1f73e778:   fe ff ff 4c 89 8d a0 fe ff ff 0f 84 78 09 00 00
0x00007fdb1f73e788:   4c 8b 22 4d 85 e4 0f 84 6c 09 00 00 48 8b 45 10
0x00007fdb1f73e798:   48 8b 98 38 01 00 00 48 83 7b 18 f7 0f 87 16 07 

Register to memory mapping:

RAX=0x00007fdabe74d470 is pointing into the stack for thread: 0x00007fdb18377000
RBX=0x00007fdabe74d380 is pointing into the stack for thread: 0x00007fdb18377000
RCX=0x0000000000000001 is an unknown value
RDX=0x4a2f736c6f72746e is an unknown value
RSP=0x00007fdabe74d1d0 is pointing into the stack for thread: 0x00007fdb18377000
RBP=0x00007fdabe74d350 is pointing into the stack for thread: 0x00007fdb18377000
RSI=0x00007fdabe74d3e0 is pointing into the stack for thread: 0x00007fdb18377000
RDI=0x00007fdb183771f8 is an unknown value
R8 =0x00007fdb182c5a68 is an unknown value
R9 =0x00007fdabe74d380 is pointing into the stack for thread: 0x00007fdb18377000
R10=0x00007fdab0000d30 is an unknown value
R11=0x00007fdb09490f60 is at entry_point+32 in (nmethod*)0x00007fdb09490dd0
R12=0x00007fdb18377000 is a thread
R13=0x00007fdb182c5a68 is an unknown value
R14=0x0000000000000001 is an unknown value
R15=0x00007fdb183771f8 is an unknown value


Stack: [0x00007fdabe64e000,0x00007fdabe74f000],  sp=0x00007fdabe74d1d0,  free space=1020k
Native frames: (J=compiled Java code, j=interpreted, Vv=VM code, C=native code)
V  [libjvm.so+0x6d7788]  jni_invoke_nonstatic(JNIEnv_*, JavaValue*, _jobject*, JNICallType, _jmethodID*, JNI_ArgumentPusher*, Thread*)+0x38
V  [libjvm.so+0x6dbf2f]  jni_CallVoidMethodV+0x10f
C  [libglass.so+0x18641]  JNIEnv_::CallVoidMethod(_jobject*, _jmethodID*, ...)+0x81
C  [libglass.so+0x14f0f]  WindowContextBase::process_key(_GdkEventKey*)+0x20f
C  [libglass.so+0x19f60]  WindowContextBase::im_filter_keypress(_GdkEventKey*)+0x1c0
C  [libglass.so+0x1a91c]  process_events(_GdkEvent*, void*)+0x22c
C  [libgdk-x11-2.0.so.0+0x5af0c]

Java frames: (J=compiled Java code, j=interpreted, Vv=VM code)
j  com.sun.glass.ui.gtk.GtkApplication._runLoop(Ljava/lang/Runnable;Z)V+0
j  com.sun.glass.ui.gtk.GtkApplication.lambda$null$48(Ljava/lang/Runnable;Z)V+7
j  com.sun.glass.ui.gtk.GtkApplication$$Lambda$41.run()V+12
j  java.lang.Thread.run()V+11
v  ~StubRoutines::call_stub

---------------  P R O C E S S  ---------------

Java Threads: ( => current thread )
  0x00007fdaa012e800 JavaThread "derby.rawStoreDaemon" daemon [_thread_blocked, id=15920, stack(0x00007fdaaccf5000,0x00007fdaacdf6000)]
  0x00007fdaa00e5800 JavaThread "Timer-0" daemon [_thread_blocked, id=15919, stack(0x00007fdabc26e000,0x00007fdabc36f000)]
  0x00007fdab0297800 JavaThread "Prism Font Disposer" daemon [_thread_blocked, id=15917, stack(0x00007fdabd2e8000,0x00007fdabd3e9000)]
  0x00007fdb1837a800 JavaThread "JavaFX-Launcher" [_thread_blocked, id=15916, stack(0x00007fdabe54d000,0x00007fdabe64e000)]
=>0x00007fdb18377000 JavaThread "JavaFX Application Thread" [_thread_in_vm, id=15915, stack(0x00007fdabe64e000,0x00007fdabe74f000)]
  0x00007fdb18374000 JavaThread "Thread-1" daemon [_thread_blocked, id=15914, stack(0x00007fdabe74f000,0x00007fdabe850000)]
  0x00007fdb182b0800 JavaThread "QuantumRenderer-0" daemon [_thread_blocked, id=15913, stack(0x00007fdafb51c000,0x00007fdafb61d000)]
  0x00007fdb18188800 JavaThread "Service Thread" daemon [_thread_blocked, id=15911, stack(0x00007fdafb71e000,0x00007fdafb81f000)]
  0x00007fdb18185800 JavaThread "C1 CompilerThread2" daemon [_thread_blocked, id=15910, stack(0x00007fdafb81f000,0x00007fdafb920000)]
  0x00007fdb18183800 JavaThread "C2 CompilerThread1" daemon [_thread_blocked, id=15909, stack(0x00007fdafb920000,0x00007fdafba21000)]
  0x00007fdb18180800 JavaThread "C2 CompilerThread0" daemon [_thread_in_native, id=15908, stack(0x00007fdafba21000,0x00007fdafbb22000)]
  0x00007fdb1817f000 JavaThread "Signal Dispatcher" daemon [_thread_blocked, id=15907, stack(0x00007fdafbb22000,0x00007fdafbc23000)]
  0x00007fdb1814c800 JavaThread "Finalizer" daemon [_thread_blocked, id=15906, stack(0x00007fdafbeff000,0x00007fdafc000000)]
  0x00007fdb18148000 JavaThread "Reference Handler" daemon [_thread_blocked, id=15905, stack(0x00007fdb0008e000,0x00007fdb0018f000)]
  0x00007fdb1800b800 JavaThread "main" [_thread_blocked, id=15898, stack(0x00007fdb20b86000,0x00007fdb20c87000)]

Other Threads:
  0x00007fdb18140800 VMThread [stack: 0x00007fdb0018f000,0x00007fdb00290000] [id=15904]
  0x00007fdb1818d800 WatcherThread [stack: 0x00007fdafb61d000,0x00007fdafb71e000] [id=15912]

VM state:not at safepoint (normal execution)

VM Mutex/Monitor currently owned by a thread: None

Heap:
 PSYoungGen      total 36864K, used 8894K [0x00000000d7100000, 0x00000000da480000, 0x0000000100000000)
  eden space 31744K, 11% used [0x00000000d7100000,0x00000000d74b39a0,0x00000000d9000000)
  from space 5120K, 99% used [0x00000000d9000000,0x00000000d94fbfb8,0x00000000d9500000)
  to   space 5120K, 0% used [0x00000000d9f80000,0x00000000d9f80000,0x00000000da480000)
 ParOldGen       total 63488K, used 10627K [0x0000000085200000, 0x0000000089000000, 0x00000000d7100000)
  object space 63488K, 16% used [0x0000000085200000,0x0000000085c60c48,0x0000000089000000)
 Metaspace       used 29459K, capacity 30664K, committed 30896K, reserved 1075200K
  class space    used 4127K, capacity 4519K, committed 4528K, reserved 1048576K

Card table byte_map: [0x00007fdb1d4d9000,0x00007fdb1d8b1000] byte_map_base: 0x00007fdb1d0b0000

Marking Bits: (ParMarkBitMap*) 0x00007fdb20036920
 Begin Bits: [0x00007fdb00290000, 0x00007fdb02148000)
 End Bits:   [0x00007fdb02148000, 0x00007fdb04000000)

Polling page: 0x00007fdb20ca1000

CodeCache: size=245760Kb used=8664Kb max_used=8681Kb free=237095Kb
 bounds [0x00007fdb09000000, 0x00007fdb09880000, 0x00007fdb18000000]
 total_blobs=3787 nmethods=2920 adapters=780
 compilation: enabled

Compilation events (10 events):
Event: 5.050 Thread 0x00007fdb18180800 nmethod 2812 0x00007fdb098762d0 code [0x00007fdb098764e0, 0x00007fdb09876e88]
Event: 5.050 Thread 0x00007fdb18180800 2921       4       java.io.FilterInputStream::read (8 bytes)
Event: 5.052 Thread 0x00007fdb18180800 nmethod 2921 0x00007fdb09877b50 code [0x00007fdb09877cc0, 0x00007fdb09878148]
Event: 5.052 Thread 0x00007fdb18180800 2778       4       com.sun.javafx.css.CompoundSelector::applies (144 bytes)
Event: 5.054 Thread 0x00007fdb18185800 2922       3       com.sun.javafx.iio.common.RoughScaler::putSourceScanline (261 bytes)
Event: 5.054 Thread 0x00007fdb18185800 nmethod 2922 0x00007fdb09873b50 code [0x00007fdb09873da0, 0x00007fdb098747d8]
Event: 5.054 Thread 0x00007fdb18185800 2920       3       com.sun.javafx.iio.png.PNGImageLoader2::doSubFilter (35 bytes)
Event: 5.055 Thread 0x00007fdb18185800 nmethod 2920 0x00007fdb09873650 code [0x00007fdb098737c0, 0x00007fdb09873a10]
Event: 5.055 Thread 0x00007fdb18185800 2919       1       com.sun.javafx.event.BasicEventDispatcher::getPreviousDispatcher (5 bytes)
Event: 5.055 Thread 0x00007fdb18185800 nmethod 2919 0x00007fdb09873390 code [0x00007fdb098734e0, 0x00007fdb098735f0]

GC Heap History (8 events):
Event: 0.814 GC heap before
{Heap before GC invocations=1 (full 0):
 PSYoungGen      total 36864K, used 31744K [0x00000000d7100000, 0x00000000d9a00000, 0x0000000100000000)
  eden space 31744K, 100% used [0x00000000d7100000,0x00000000d9000000,0x00000000d9000000)
  from space 5120K, 0% used [0x00000000d9500000,0x00000000d9500000,0x00000000d9a00000)
  to   space 5120K, 0% used [0x00000000d9000000,0x00000000d9000000,0x00000000d9500000)
 ParOldGen       total 84992K, used 0K [0x0000000085200000, 0x000000008a500000, 0x00000000d7100000)
  object space 84992K, 0% used [0x0000000085200000,0x0000000085200000,0x000000008a500000)
 Metaspace       used 16032K, capacity 16654K, committed 16896K, reserved 1062912K
  class space    used 2332K, capacity 2507K, committed 2560K, reserved 1048576K
Event: 0.821 GC heap after
Heap after GC invocations=1 (full 0):
 PSYoungGen      total 36864K, used 5109K [0x00000000d7100000, 0x00000000d9a00000, 0x0000000100000000)
  eden space 31744K, 0% used [0x00000000d7100000,0x00000000d7100000,0x00000000d9000000)
  from space 5120K, 99% used [0x00000000d9000000,0x00000000d94fd690,0x00000000d9500000)
  to   space 5120K, 0% used [0x00000000d9500000,0x00000000d9500000,0x00000000d9a00000)
 ParOldGen       total 84992K, used 397K [0x0000000085200000, 0x000000008a500000, 0x00000000d7100000)
  object space 84992K, 0% used [0x0000000085200000,0x00000000852636d8,0x000000008a500000)
 Metaspace       used 16032K, capacity 16654K, committed 16896K, reserved 1062912K
  class space    used 2332K, capacity 2507K, committed 2560K, reserved 1048576K
}
Event: 1.064 GC heap before
{Heap before GC invocations=2 (full 0):
 PSYoungGen      total 36864K, used 19478K [0x00000000d7100000, 0x00000000d9a00000, 0x0000000100000000)
  eden space 31744K, 45% used [0x00000000d7100000,0x00000000d7f08340,0x00000000d9000000)
  from space 5120K, 99% used [0x00000000d9000000,0x00000000d94fd690,0x00000000d9500000)
  to   space 5120K, 0% used [0x00000000d9500000,0x00000000d9500000,0x00000000d9a00000)
 ParOldGen       total 84992K, used 397K [0x0000000085200000, 0x000000008a500000, 0x00000000d7100000)
  object space 84992K, 0% used [0x0000000085200000,0x00000000852636d8,0x000000008a500000)
 Metaspace       used 20526K, capacity 21190K, committed 21296K, reserved 1067008K
  class space    used 2901K, capacity 3097K, committed 3120K, reserved 1048576K
Event: 1.071 GC heap after
Heap after GC invocations=2 (full 0):
 PSYoungGen      total 36864K, used 5092K [0x00000000d7100000, 0x00000000db900000, 0x0000000100000000)
  eden space 31744K, 0% used [0x00000000d7100000,0x00000000d7100000,0x00000000d9000000)
  from space 5120K, 99% used [0x00000000d9500000,0x00000000d99f9060,0x00000000d9a00000)
  to   space 5120K, 0% used [0x00000000d9000000,0x00000000d9000000,0x00000000d9500000)
 ParOldGen       total 84992K, used 3651K [0x0000000085200000, 0x000000008a500000, 0x00000000d7100000)
  object space 84992K, 4% used [0x0000000085200000,0x0000000085590c70,0x000000008a500000)
 Metaspace       used 20526K, capacity 21190K, committed 21296K, reserved 1067008K
  class space    used 2901K, capacity 3097K, committed 3120K, reserved 1048576K
}
Event: 1.071 GC heap before
{Heap before GC invocations=3 (full 1):
 PSYoungGen      total 36864K, used 5092K [0x00000000d7100000, 0x00000000db900000, 0x0000000100000000)
  eden space 31744K, 0% used [0x00000000d7100000,0x00000000d7100000,0x00000000d9000000)
  from space 5120K, 99% used [0x00000000d9500000,0x00000000d99f9060,0x00000000d9a00000)
  to   space 5120K, 0% used [0x00000000d9000000,0x00000000d9000000,0x00000000d9500000)
 ParOldGen       total 84992K, used 3651K [0x0000000085200000, 0x000000008a500000, 0x00000000d7100000)
  object space 84992K, 4% used [0x0000000085200000,0x0000000085590c70,0x000000008a500000)
 Metaspace       used 20526K, capacity 21190K, committed 21296K, reserved 1067008K
  class space    used 2901K, capacity 3097K, committed 3120K, reserved 1048576K
Event: 1.101 GC heap after
Heap after GC invocations=3 (full 1):
 PSYoungGen      total 36864K, used 0K [0x00000000d7100000, 0x00000000db900000, 0x0000000100000000)
  eden space 31744K, 0% used [0x00000000d7100000,0x00000000d7100000,0x00000000d9000000)
  from space 5120K, 0% used [0x00000000d9500000,0x00000000d9500000,0x00000000d9a00000)
  to   space 5120K, 0% used [0x00000000d9000000,0x00000000d9000000,0x00000000d9500000)
 ParOldGen       total 63488K, used 8316K [0x0000000085200000, 0x0000000089000000, 0x00000000d7100000)
  object space 63488K, 13% used [0x0000000085200000,0x0000000085a1f138,0x0000000089000000)
 Metaspace       used 20526K, capacity 21190K, committed 21296K, reserved 1067008K
  class space    used 2901K, capacity 3097K, committed 3120K, reserved 1048576K
}
Event: 4.947 GC heap before
{Heap before GC invocations=4 (full 1):
 PSYoungGen      total 36864K, used 31744K [0x00000000d7100000, 0x00000000db900000, 0x0000000100000000)
  eden space 31744K, 100% used [0x00000000d7100000,0x00000000d9000000,0x00000000d9000000)
  from space 5120K, 0% used [0x00000000d9500000,0x00000000d9500000,0x00000000d9a00000)
  to   space 5120K, 0% used [0x00000000d9000000,0x00000000d9000000,0x00000000d9500000)
 ParOldGen       total 63488K, used 8316K [0x0000000085200000, 0x0000000089000000, 0x00000000d7100000)
  object space 63488K, 13% used [0x0000000085200000,0x0000000085a1f138,0x0000000089000000)
 Metaspace       used 29161K, capacity 30216K, committed 30384K, reserved 1075200K
  class space    used 4077K, capacity 4455K, committed 4528K, reserved 1048576K
Event: 4.958 GC heap after
Heap after GC invocations=4 (full 1):
 PSYoungGen      total 36864K, used 5103K [0x00000000d7100000, 0x00000000da480000, 0x0000000100000000)
  eden space 31744K, 0% used [0x00000000d7100000,0x00000000d7100000,0x00000000d9000000)
  from space 5120K, 99% used [0x00000000d9000000,0x00000000d94fbfb8,0x00000000d9500000)
  to   space 5120K, 0% used [0x00000000d9f80000,0x00000000d9f80000,0x00000000da480000)
 ParOldGen       total 63488K, used 10627K [0x0000000085200000, 0x0000000089000000, 0x00000000d7100000)
  object space 63488K, 16% used [0x0000000085200000,0x0000000085c60c48,0x0000000089000000)
 Metaspace       used 29161K, capacity 30216K, committed 30384K, reserved 1075200K
  class space    used 4077K, capacity 4455K, committed 4528K, reserved 1048576K
}

Deoptimization events (10 events):
Event: 0.897 Thread 0x00007fdb18377000 Uncommon trap: reason=class_check action=maybe_recompile pc=0x00007fdb093d24cc method=java.io.FilterInputStream.read()I @ 4
Event: 0.897 Thread 0x00007fdb18377000 Uncommon trap: reason=class_check action=maybe_recompile pc=0x00007fdb093d24cc method=java.io.FilterInputStream.read()I @ 4
Event: 0.902 Thread 0x00007fdb18377000 Uncommon trap: reason=class_check action=maybe_recompile pc=0x00007fdb093d24cc method=java.io.FilterInputStream.read()I @ 4
Event: 0.934 Thread 0x00007fdab03b8000 Uncommon trap: reason=unstable_if action=reinterpret pc=0x00007fdb092c66f0 method=java.lang.AbstractStringBuilder.append(Ljava/lang/String;)Ljava/lang/AbstractStringBuilder; @ 1
Event: 0.954 Thread 0x00007fdb18377000 Uncommon trap: reason=unstable_if action=reinterpret pc=0x00007fdb0934b8bc method=jdk.internal.org.objectweb.asm.Type.getArgumentsAndReturnSizes(Ljava/lang/String;)I @ 47
Event: 1.298 Thread 0x00007fdab03b8000 Uncommon trap: reason=unstable_if action=reinterpret pc=0x00007fdb09221178 method=java.lang.AbstractStringBuilder.append(Ljava/lang/String;)Ljava/lang/AbstractStringBuilder; @ 1
Event: 2.218 Thread 0x00007fdab03b8000 Uncommon trap: reason=unstable_if action=reinterpret pc=0x00007fdb093828d4 method=java.lang.ClassLoader.checkName(Ljava/lang/String;)Z @ 36
Event: 2.219 Thread 0x00007fdab03b8000 Uncommon trap: reason=unstable_if action=reinterpret pc=0x00007fdb0941c2c0 method=java.util.concurrent.ConcurrentHashMap.putVal(Ljava/lang/Object;Ljava/lang/Object;Z)Ljava/lang/Object; @ 181
Event: 4.707 Thread 0x00007fdb18377000 Uncommon trap: reason=range_check action=make_not_entrant pc=0x00007fdb096ad040 method=sun.reflect.generics.parser.SignatureParser.current()C @ 34
Event: 4.892 Thread 0x00007fdb18377000 Uncommon trap: reason=unstable_if action=reinterpret pc=0x00007fdb095732f8 method=java.lang.StrictMath.floorOrCeil(DDDD)D @ 38

Classes redefined (0 events):
No events

Internal exceptions (10 events):
Event: 1.128 Thread 0x00007fdab03b8000 Exception <a 'java/lang/ArrayIndexOutOfBoundsException'> (0x00000000d727bb28) thrown at [/HUDSON/workspace/8-2-build-linux-amd64/jdk8u161/10277/hotspot/src/share/vm/runtime/sharedRuntime.cpp, line 605]
Event: 1.141 Thread 0x00007fdab03b8000 Exception <a 'java/lang/ArrayIndexOutOfBoundsException'> (0x00000000d72a39a8) thrown at [/HUDSON/workspace/8-2-build-linux-amd64/jdk8u161/10277/hotspot/src/share/vm/runtime/sharedRuntime.cpp, line 605]
Event: 1.141 Thread 0x00007fdab03b8000 Exception <a 'java/lang/ArrayIndexOutOfBoundsException'> (0x00000000d72a4b98) thrown at [/HUDSON/workspace/8-2-build-linux-amd64/jdk8u161/10277/hotspot/src/share/vm/runtime/sharedRuntime.cpp, line 605]
Event: 1.141 Thread 0x00007fdab03b8000 Exception <a 'java/lang/ArrayIndexOutOfBoundsException'> (0x00000000d72a6130) thrown at [/HUDSON/workspace/8-2-build-linux-amd64/jdk8u161/10277/hotspot/src/share/vm/runtime/sharedRuntime.cpp, line 605]
Event: 1.147 Thread 0x00007fdab03b8000 Exception <a 'java/lang/ArrayIndexOutOfBoundsException'> (0x00000000d72cbe68) thrown at [/HUDSON/workspace/8-2-build-linux-amd64/jdk8u161/10277/hotspot/src/share/vm/runtime/sharedRuntime.cpp, line 605]
Event: 1.150 Thread 0x00007fdab03b8000 Exception <a 'java/lang/ArrayIndexOutOfBoundsException'> (0x00000000d72da268) thrown at [/HUDSON/workspace/8-2-build-linux-amd64/jdk8u161/10277/hotspot/src/share/vm/runtime/sharedRuntime.cpp, line 605]
Event: 1.298 Thread 0x00007fdab03b8000 Implicit null exception at 0x00007fdb09220db6 to 0x00007fdb09221161
Event: 4.663 Thread 0x00007fdb18377000 Exception <a 'java/lang/ArrayIndexOutOfBoundsException'> (0x00000000d84a8738) thrown at [/HUDSON/workspace/8-2-build-linux-amd64/jdk8u161/10277/hotspot/src/share/vm/runtime/sharedRuntime.cpp, line 605]
Event: 4.664 Thread 0x00007fdb18377000 Exception <a 'java/lang/ArrayIndexOutOfBoundsException'> (0x00000000d84aa948) thrown at [/HUDSON/workspace/8-2-build-linux-amd64/jdk8u161/10277/hotspot/src/share/vm/runtime/sharedRuntime.cpp, line 605]
Event: 4.708 Thread 0x00007fdb18377000 Exception <a 'java/lang/ArrayIndexOutOfBoundsException': 65> (0x00000000d863aff0) thrown at [/HUDSON/workspace/8-2-build-linux-amd64/jdk8u161/10277/hotspot/src/share/vm/interpreter/interpreterRuntime.cpp, line 366]

Events (10 events):
Event: 5.043 loading class javafx/scene/shape/ArcTo$3
Event: 5.043 loading class javafx/scene/shape/ArcTo$3 done
Event: 5.043 loading class javafx/scene/shape/ArcTo$6
Event: 5.043 loading class javafx/scene/shape/ArcTo$6 done
Event: 5.043 loading class javafx/scene/shape/ArcTo$7
Event: 5.043 loading class javafx/scene/shape/ArcTo$7 done
Event: 5.043 loading class javafx/scene/shape/ArcTo$1
Event: 5.043 loading class javafx/scene/shape/ArcTo$1 done
Event: 5.043 loading class javafx/scene/shape/ArcTo$2
Event: 5.043 loading class javafx/scene/shape/ArcTo$2 done


Dynamic libraries:
00400000-00401000 r-xp 00000000 08:07 3282432                            /usr/lib/jvm/java-8-oracle/jre/bin/java
00600000-00601000 rw-p 00000000 08:07 3282432                            /usr/lib/jvm/java-8-oracle/jre/bin/java
02567000-02588000 rw-p 00000000 00:00 0                                  [heap]
40834000-408d5000 rw-p 00000000 00:00 0 
416c9000-416cb000 r-xs 00000000 08:07 524886                             /tmp/.gltjlBoT (deleted)
85200000-89000000 rw-p 00000000 00:00 0 
89000000-d7100000 ---p 00000000 00:00 0 
d7100000-da480000 rw-p 00000000 00:00 0 
da480000-100000000 ---p 00000000 00:00 0 
100000000-10046c000 rw-p 00000000 00:00 0 
10046c000-140000000 ---p 00000000 00:00 0 
7fda98000000-7fda98021000 rw-p 00000000 00:00 0 
7fda98021000-7fda9c000000 ---p 00000000 00:00 0 
7fdaa0000000-7fdaa024e000 rw-p 00000000 00:00 0 
7fdaa024e000-7fdaa4000000 ---p 00000000 00:00 0 
7fdaa4000000-7fdaa4021000 rw-p 00000000 00:00 0 
7fdaa4021000-7fdaa8000000 ---p 00000000 00:00 0 
7fdaa8000000-7fdaa8021000 rw-p 00000000 00:00 0 
7fdaa8021000-7fdaac000000 ---p 00000000 00:00 0 
7fdaac6f5000-7fdaac8b5000 rw-p 00000000 00:00 0 
7fdaac8b5000-7fdaac8f5000 ---p 00000000 00:00 0 
7fdaac8f5000-7fdaacaf5000 rw-p 00000000 00:00 0 
7fdaacaf5000-7fdaaccf5000 rw-p 00000000 00:00 0 
7fdaaccf5000-7fdaaccf8000 ---p 00000000 00:00 0 
7fdaaccf8000-7fdaacdf6000 rw-p 00000000 00:00 0 
7fdaacdf6000-7fdaacdff000 r-xp 00000000 08:07 3542415                    /usr/lib/jvm/java-8-oracle/jre/lib/amd64/libmanagement.so
7fdaacdff000-7fdaacffe000 ---p 00009000 08:07 3542415                    /usr/lib/jvm/java-8-oracle/jre/lib/amd64/libmanagement.so
7fdaacffe000-7fdaacfff000 rw-p 00008000 08:07 3542415                    /usr/lib/jvm/java-8-oracle/jre/lib/amd64/libmanagement.so
7fdaacfff000-7fdab0000000 rw-p 00000000 00:00 0 
7fdab0000000-7fdab0963000 rw-p 00000000 00:00 0 
7fdab0963000-7fdab4000000 ---p 00000000 00:00 0 
7fdab4000000-7fdab4021000 rw-p 00000000 00:00 0 
7fdab4021000-7fdab8000000 ---p 00000000 00:00 0 
7fdab8000000-7fdab8021000 rw-p 00000000 00:00 0 
7fdab8021000-7fdabc000000 ---p 00000000 00:00 0 
7fdabc06e000-7fdabc26e000 rw-p 00000000 00:00 0 
7fdabc26e000-7fdabc271000 ---p 00000000 00:00 0 
7fdabc271000-7fdabc36f000 rw-p 00000000 00:00 0 
7fdabc36f000-7fdabc56f000 rw-s 00000000 00:06 457                        /dev/nvidiactl
7fdabc56f000-7fdabc96f000 rw-s 00000000 00:06 457                        /dev/nvidiactl
7fdabc96f000-7fdabcb6f000 rw-s 00000000 00:06 457                        /dev/nvidiactl
7fdabcb6f000-7fdabcd6f000 rw-p 00000000 00:00 0 
7fdabcd6f000-7fdabcd72000 ---p 00000000 00:00 0 
7fdabcd72000-7fdabce70000 rw-p 00000000 00:00 0 
7fdabce70000-7fdabced0000 rw-s 00000000 00:05 12025860                   /SYSV00000000 (deleted)
7fdabced0000-7fdabcee3000 r--s 00345000 08:07 3282547                    /usr/lib/jvm/java-8-oracle/jre/lib/resources.jar
7fdabcee3000-7fdabd0e3000 rw-p 00000000 00:00 0 
7fdabd0e3000-7fdabd0e8000 r--s 00084000 08:07 3282440                    /usr/lib/jvm/java-8-oracle/jre/lib/jfr.jar
7fdabd0e8000-7fdabd2e8000 rw-p 00000000 00:00 0 
7fdabd2e8000-7fdabd2eb000 ---p 00000000 00:00 0 
7fdabd2eb000-7fdabd3e9000 rw-p 00000000 00:00 0 
7fdabd3e9000-7fdabd4a2000 r--p 00000000 08:07 3801698                    /usr/share/fonts/truetype/dejavu/DejaVuSans.ttf
7fdabd4a2000-7fdabd4de000 r--p 00000000 08:07 3282581                    /usr/lib/jvm/java-8-oracle/jre/lib/fonts/LucidaTypewriterRegular.ttf
7fdabd4de000-7fdabd4f2000 r--p 00000000 08:07 3282575                    /usr/lib/jvm/java-8-oracle/jre/lib/fonts/LucidaBrightItalic.ttf
7fdabd4f2000-7fdabd505000 r--p 00000000 08:07 3282580                    /usr/lib/jvm/java-8-oracle/jre/lib/fonts/LucidaBrightDemiItalic.ttf
7fdabd505000-7fdabd55a000 r--p 00000000 08:07 3282577                    /usr/lib/jvm/java-8-oracle/jre/lib/fonts/LucidaBrightRegular.ttf
7fdabd55a000-7fdabd5a8000 r--p 00000000 08:07 3282578                    /usr/lib/jvm/java-8-oracle/jre/lib/fonts/LucidaSansDemiBold.ttf
7fdabd5a8000-7fdabd5bb000 r--p 00000000 08:07 3282583                    /usr/lib/jvm/java-8-oracle/jre/lib/fonts/LucidaBrightDemiBold.ttf
7fdabd5bb000-7fdabd666000 r--p 00000000 08:07 3282576                    /usr/lib/jvm/java-8-oracle/jre/lib/fonts/LucidaSansRegular.ttf
7fdabd666000-7fdabd6a0000 r--p 00000000 08:07 3282582                    /usr/lib/jvm/java-8-oracle/jre/lib/fonts/LucidaTypewriterBold.ttf
7fdabd6a0000-7fdabd6a4000 r-xp 00000000 08:07 3542362                    /usr/lib/jvm/java-8-oracle/jre/lib/amd64/libjavafx_font_pango.so
7fdabd6a4000-7fdabd8a3000 ---p 00004000 08:07 3542362                    /usr/lib/jvm/java-8-oracle/jre/lib/amd64/libjavafx_font_pango.so
7fdabd8a3000-7fdabd8a4000 rw-p 00003000 08:07 3542362                    /usr/lib/jvm/java-8-oracle/jre/lib/amd64/libjavafx_font_pango.so
7fdabd8a4000-7fdabd8cd000 r--p 00000000 08:07 524898                     /tmp/+JXF841761413979721710.tmp
7fdabd8cd000-7fdabd8d2000 r--s 0009d000 08:07 3282548                    /usr/lib/jvm/java-8-oracle/jre/lib/jsse.jar
7fdabd8d2000-7fdabdad2000 rw-p 00000000 00:00 0 
7fdabdad2000-7fdabdae8000 r-xp 00000000 08:07 3542407                    /usr/lib/jvm/java-8-oracle/jre/lib/amd64/libnet.so
7fdabdae8000-7fdabdce8000 ---p 00016000 08:07 3542407                    /usr/lib/jvm/java-8-oracle/jre/lib/amd64/libnet.so
7fdabdce8000-7fdabdce9000 rw-p 00016000 08:07 3542407                    /usr/lib/jvm/java-8-oracle/jre/lib/amd64/libnet.so
7fdabdce9000-7fdabdcfa000 r-xp 00000000 08:07 3542410                    /usr/lib/jvm/java-8-oracle/jre/lib/amd64/libnio.so
7fdabdcfa000-7fdabdef9000 ---p 00011000 08:07 3542410                    /usr/lib/jvm/java-8-oracle/jre/lib/amd64/libnio.so
7fdabdef9000-7fdabdefa000 rw-p 00010000 08:07 3542410                    /usr/lib/jvm/java-8-oracle/jre/lib/amd64/libnio.so
7fdabdefa000-7fdabdf05000 r--s 00000000 08:07 7340130                    /var/cache/fontconfig/945677eb7aeaf62f1d50efc3fb3ec7d8-le64.cache-6
7fdabdf05000-7fdabdf0b000 r--s 00000000 08:07 7340099                    /var/cache/fontconfig/2cd17615ca594fa2959ae173292e504c-le64.cache-6
7fdabdf0b000-7fdabdf0c000 r--s 00000000 08:07 7340092                    /var/cache/fontconfig/0d8c3b2ac0904cb8a57a757ad11a4a08-le64.cache-6
7fdabdf0c000-7fdabdf21000 r--s 00000000 08:07 7340088                    /var/cache/fontconfig/04aabc0a78ac019cf9454389977116d2-le64.cache-6
7fdabdf21000-7fdabdf22000 r--s 00000000 08:07 7340096                    /var/cache/fontconfig/1ac9eb803944fde146138c791f5cc56a-le64.cache-6
7fdabdf22000-7fdabdf26000 r--s 00000000 08:07 7340105                    /var/cache/fontconfig/385c0604a188198f04d133e54aba7fe7-le64.cache-6
7fdabdf26000-7fdabdf27000 r--s 00000000 08:07 7340149                    /var/cache/fontconfig/dc05db6664285cc2f12bf69c139ae4c3-le64.cache-6
7fdabdf27000-7fdabdf29000 r--s 00000000 08:07 7340093                    /var/cache/fontconfig/14a5e22175779b556eaa434240950366-le64.cache-6
7fdabdf29000-7fdabdf2a000 r--s 00000000 08:07 7340122                    /var/cache/fontconfig/660208299946a285a940457d1287da33-le64.cache-6
7fdabdf2a000-7fdabdf2c000 r--s 00000000 08:07 7340113                    /var/cache/fontconfig/4f3e3037c9980c83b53a9351efadef62-le64.cache-6
7fdabdf2c000-7fdabdf2f000 r--s 00000000 08:07 7340126                    /var/cache/fontconfig/767a8244fc0220cfb567a839d0392e0b-le64.cache-6
7fdabdf2f000-7fdabdf30000 r--s 00000000 08:07 7344708                    /var/cache/fontconfig/4794a0821666d79190d59a36cb4f44b5-le64.cache-6
7fdabdf30000-7fdabdf31000 r--s 00000000 08:07 7340090                    /var/cache/fontconfig/0bd3dc0958fa2205aaaa8ebb13e2872b-le64.cache-6
7fdabdf31000-7fdabdf37000 r--s 00000000 08:07 7340129                    /var/cache/fontconfig/8801497958630a81b71ace7c5f9b32a8-le64.cache-6
7fdabdf37000-7fdabdf3a000 r--s 00000000 08:07 7340134                    /var/cache/fontconfig/a015930274ffcd967d2ca1b57da47cc7-le64.cache-6
7fdabdf3a000-7fdabdf3b000 r--s 00000000 08:07 7340138                    /var/cache/fontconfig/b872e6e592da6075ffa4ab0a1fcc0c75-le64.cache-6
7fdabdf3b000-7fdabdf3c000 r--s 00000000 08:07 7340154                    /var/cache/fontconfig/f6d4eedfaab2589bde49f7a3ff831d22-le64.cache-6
7fdabdf3c000-7fdabdf3d000 r--s 00000000 08:07 7340120                    /var/cache/fontconfig/589f83ef4c36d296ce6e1c846f468f08-le64.cache-6
7fdabdf3d000-7fdabdf3e000 r--s 00000000 08:07 7340140                    /var/cache/fontconfig/bab58bb527bb656aaa9f116d68a48d89-le64.cache-6
7fdabdf3e000-7fdabdf3f000 r--s 00000000 08:07 7340097                    /var/cache/fontconfig/2171a34dccabdb6bcbbc728186263178-le64.cache-6
7fdabdf3f000-7fdabdf40000 r--s 00000000 08:07 7340141                    /var/cache/fontconfig/c5c45a61289222e0d30b1a26ef4effbe-le64.cache-6
7fdabdf40000-7fdabdf41000 r--s 00000000 08:07 7340136                    /var/cache/fontconfig/aec30016f93e1b46d1a973dce0d74068-le64.cache-6
7fdabdf41000-7fdabdf42000 r--s 00000000 08:07 7340106                    /var/cache/fontconfig/3f589640d34b7dc9042c8d453f7c8b9c-le64.cache-6
7fdabdf42000-7fdabdf43000 r--s 00000000 08:07 7340094                    /var/cache/fontconfig/16c2fda60d1b4b719f4b3d06fd951d25-le64.cache-6
7fdabdf43000-7fdabdf44000 r--s 00000000 08:07 7340135                    /var/cache/fontconfig/a48eab177a16e4f3713381162db2f3e9-le64.cache-6
7fdabdf44000-7fdabdf45000 r--s 00000000 08:07 7340116                    /var/cache/fontconfig/564b2e68ac9bc4e36a6f7f6d6125ec1c-le64.cache-6
7fdabdf45000-7fdabdf4a000 r-xp 00000000 08:07 3542365                    /usr/lib/jvm/java-8-oracle/jre/lib/amd64/libjavafx_font_freetype.so
7fdabdf4a000-7fdabe149000 ---p 00005000 08:07 3542365                    /usr/lib/jvm/java-8-oracle/jre/lib/amd64/libjavafx_font_freetype.so
7fdabe149000-7fdabe14a000 rw-p 00004000 08:07 3542365                    /usr/lib/jvm/java-8-oracle/jre/lib/amd64/libjavafx_font_freetype.so
7fdabe14a000-7fdabe14d000 r-xp 00000000 08:07 3542408                    /usr/lib/jvm/java-8-oracle/jre/lib/amd64/libjavafx_font.so
7fdabe14d000-7fdabe34c000 ---p 00003000 08:07 3542408                    /usr/lib/jvm/java-8-oracle/jre/lib/amd64/libjavafx_font.so
7fdabe34c000-7fdabe34d000 rw-p 00002000 08:07 3542408                    /usr/lib/jvm/java-8-oracle/jre/lib/amd64/libjavafx_font.so
7fdabe34d000-7fdabe54d000 rw-p 00000000 00:00 0 
7fdabe54d000-7fdabe550000 ---p 00000000 00:00 0 
7fdabe550000-7fdabe64e000 rw-p 00000000 00:00 0 
7fdabe64e000-7fdabe651000 ---p 00000000 00:00 0 
7fdabe651000-7fdabe74f000 rw-p 00000000 00:00 0 
7fdabe74f000-7fdabe752000 ---p 00000000 00:00 0 
7fdabe752000-7fdabe850000 rw-p 00000000 00:00 0 
7fdabe850000-7fdabe857000 r-xp 00000000 08:07 2761297                    /usr/lib/x86_64-linux-gnu/libogg.so.0.8.2
7fdabe857000-7fdabea57000 ---p 00007000 08:07 2761297                    /usr/lib/x86_64-linux-gnu/libogg.so.0.8.2
7fdabea57000-7fdabea58000 r--p 00007000 08:07 2761297                    /usr/lib/x86_64-linux-gnu/libogg.so.0.8.2
7fdabea58000-7fdabea59000 rw-p 00008000 08:07 2761297                    /usr/lib/x86_64-linux-gnu/libogg.so.0.8.2
7fdabea59000-7fdabea83000 r-xp 00000000 08:07 2761592                    /usr/lib/x86_64-linux-gnu/libvorbis.so.0.4.8
7fdabea83000-7fdabec82000 ---p 0002a000 08:07 2761592                    /usr/lib/x86_64-linux-gnu/libvorbis.so.0.4.8
7fdabec82000-7fdabec83000 r--p 00029000 08:07 2761592                    /usr/lib/x86_64-linux-gnu/libvorbis.so.0.4.8
7fdabec83000-7fdabec84000 rw-p 0002a000 08:07 2761592                    /usr/lib/x86_64-linux-gnu/libvorbis.so.0.4.8
7fdabec84000-7fdabec8d000 r-xp 00000000 08:07 2761191                    /usr/lib/x86_64-linux-gnu/libltdl.so.7.3.1
7fdabec8d000-7fdabee8c000 ---p 00009000 08:07 2761191                    /usr/lib/x86_64-linux-gnu/libltdl.so.7.3.1
7fdabee8c000-7fdabee8d000 r--p 00008000 08:07 2761191                    /usr/lib/x86_64-linux-gnu/libltdl.so.7.3.1
7fdabee8d000-7fdabee8e000 rw-p 00009000 08:07 2761191                    /usr/lib/x86_64-linux-gnu/libltdl.so.7.3.1
7fdabee8e000-7fdabeea2000 r-xp 00000000 08:07 2761526                    /usr/lib/x86_64-linux-gnu/libtdb.so.1.3.13
7fdabeea2000-7fdabf0a2000 ---p 00014000 08:07 2761526                    /usr/lib/x86_64-linux-gnu/libtdb.so.1.3.13
7fdabf0a2000-7fdabf0a3000 r--p 00014000 08:07 2761526                    /usr/lib/x86_64-linux-gnu/libtdb.so.1.3.13
7fdabf0a3000-7fdabf0a4000 rw-p 00015000 08:07 2761526                    /usr/lib/x86_64-linux-gnu/libtdb.so.1.3.13
7fdabf0a4000-7fdabf0ab000 r-xp 00000000 08:07 2761596                    /usr/lib/x86_64-linux-gnu/libvorbisfile.so.3.3.7
7fdabf0ab000-7fdabf2ab000 ---p 00007000 08:07 2761596                    /usr/lib/x86_64-linux-gnu/libvorbisfile.so.3.3.7
7fdabf2ab000-7fdabf2ac000 r--p 00007000 08:07 2761596                    /usr/lib/x86_64-linux-gnu/libvorbisfile.so.3.3.7
7fdabf2ac000-7fdabf2ad000 rw-p 00008000 08:07 2761596                    /usr/lib/x86_64-linux-gnu/libvorbisfile.so.3.3.7
7fdabf2ad000-7fdabf2bd000 r-xp 00000000 08:07 2760621                    /usr/lib/x86_64-linux-gnu/libcanberra.so.0.2.5
7fdabf2bd000-7fdabf4bd000 ---p 00010000 08:07 2760621                    /usr/lib/x86_64-linux-gnu/libcanberra.so.0.2.5
7fdabf4bd000-7fdabf4be000 r--p 00010000 08:07 2760621                    /usr/lib/x86_64-linux-gnu/libcanberra.so.0.2.5
7fdabf4be000-7fdabf4bf000 rw-p 00011000 08:07 2760621                    /usr/lib/x86_64-linux-gnu/libcanberra.so.0.2.5
7fdabf4bf000-7fdabf4c3000 r-xp 00000000 08:07 2760617                    /usr/lib/x86_64-linux-gnu/libcanberra-gtk.so.0.1.9
7fdabf4c3000-7fdabf6c2000 ---p 00004000 08:07 2760617                    /usr/lib/x86_64-linux-gnu/libcanberra-gtk.so.0.1.9
7fdabf6c2000-7fdabf6c3000 r--p 00003000 08:07 2760617                    /usr/lib/x86_64-linux-gnu/libcanberra-gtk.so.0.1.9
7fdabf6c3000-7fdabf6c4000 rw-p 00004000 08:07 2760617                    /usr/lib/x86_64-linux-gnu/libcanberra-gtk.so.0.1.9
7fdabf6c4000-7fdabf6c9000 r-xp 00000000 08:07 3018050                    /usr/lib/x86_64-linux-gnu/gtk-2.0/modules/libcanberra-gtk-module.so
7fdabf6c9000-7fdabf8c8000 ---p 00005000 08:07 3018050                    /usr/lib/x86_64-linux-gnu/gtk-2.0/modules/libcanberra-gtk-module.so
7fdabf8c8000-7fdabf8c9000 r--p 00004000 08:07 3018050                    /usr/lib/x86_64-linux-gnu/gtk-2.0/modules/libcanberra-gtk-module.so
7fdabf8c9000-7fdabf8ca000 rw-p 00005000 08:07 3018050                    /usr/lib/x86_64-linux-gnu/gtk-2.0/modules/libcanberra-gtk-module.so
7fdabf8ca000-7fdabf8fa000 r-xp 00000000 08:07 3018032                    /usr/lib/x86_64-linux-gnu/gtk-2.0/2.10.0/engines/libmurrine.so
7fdabf8fa000-7fdabfafa000 ---p 00030000 08:07 3018032                    /usr/lib/x86_64-linux-gnu/gtk-2.0/2.10.0/engines/libmurrine.so
7fdabfafa000-7fdabfafb000 r--p 00030000 08:07 3018032                    /usr/lib/x86_64-linux-gnu/gtk-2.0/2.10.0/engines/libmurrine.so
7fdabfafb000-7fdabfafc000 rw-p 00031000 08:07 3018032                    /usr/lib/x86_64-linux-gnu/gtk-2.0/2.10.0/engines/libmurrine.so
7fdabfafc000-7fdabfb10000 r-xp 00000000 08:07 1577558                    /lib/x86_64-linux-gnu/libgpg-error.so.0.22.0
7fdabfb10000-7fdabfd0f000 ---p 00014000 08:07 1577558                    /lib/x86_64-linux-gnu/libgpg-error.so.0.22.0
7fdabfd0f000-7fdabfd10000 r--p 00013000 08:07 1577558                    /lib/x86_64-linux-gnu/libgpg-error.so.0.22.0
7fdabfd10000-7fdabfd11000 rw-p 00014000 08:07 1577558                    /lib/x86_64-linux-gnu/libgpg-error.so.0.22.0
7fdabfd11000-7fdabfd28000 r-xp 00000000 08:07 2761199                    /usr/lib/x86_64-linux-gnu/liblz4.so.1.7.1
7fdabfd28000-7fdabff27000 ---p 00017000 08:07 2761199                    /usr/lib/x86_64-linux-gnu/liblz4.so.1.7.1
7fdabff27000-7fdabff28000 r--p 00016000 08:07 2761199                    /usr/lib/x86_64-linux-gnu/liblz4.so.1.7.1
7fdabff28000-7fdabff29000 rw-p 00017000 08:07 2761199                    /usr/lib/x86_64-linux-gnu/liblz4.so.1.7.1
7fdabff29000-7fdabff4d000 r-xp 00000000 08:07 1577577                    /lib/x86_64-linux-gnu/liblzma.so.5.2.2
7fdabff4d000-7fdac014d000 ---p 00024000 08:07 1577577                    /lib/x86_64-linux-gnu/liblzma.so.5.2.2
7fdac014d000-7fdac014e000 r--p 00024000 08:07 1577577                    /lib/x86_64-linux-gnu/liblzma.so.5.2.2
7fdac014e000-7fdac014f000 rw-p 00025000 08:07 1577577                    /lib/x86_64-linux-gnu/liblzma.so.5.2.2
7fdac014f000-7fdac0255000 r-xp 00000000 08:07 1577554                    /lib/x86_64-linux-gnu/libgcrypt.so.20.1.8
7fdac0255000-7fdac0454000 ---p 00106000 08:07 1577554                    /lib/x86_64-linux-gnu/libgcrypt.so.20.1.8
7fdac0454000-7fdac0456000 r--p 00105000 08:07 1577554                    /lib/x86_64-linux-gnu/libgcrypt.so.20.1.8
7fdac0456000-7fdac045c000 rw-p 00107000 08:07 1577554                    /lib/x86_64-linux-gnu/libgcrypt.so.20.1.8
7fdac045c000-7fdac045d000 rw-p 00000000 00:00 0 
7fdac045d000-7fdac04de000 r-xp 00000000 08:07 1574589                    /lib/x86_64-linux-gnu/libsystemd.so.0.19.0
7fdac04de000-7fdac06dd000 ---p 00081000 08:07 1574589                    /lib/x86_64-linux-gnu/libsystemd.so.0.19.0
7fdac06dd000-7fdac06e0000 r--p 00080000 08:07 1574589                    /lib/x86_64-linux-gnu/libsystemd.so.0.19.0
7fdac06e0000-7fdac06e1000 rw-p 00083000 08:07 1574589                    /lib/x86_64-linux-gnu/libsystemd.so.0.19.0
7fdac06e1000-7fdac06e2000 rw-p 00000000 00:00 0 
7fdac06e2000-7fdac072c000 r-xp 00000000 08:07 1577530                    /lib/x86_64-linux-gnu/libdbus-1.so.3.14.13
7fdac072c000-7fdac092c000 ---p 0004a000 08:07 1577530                    /lib/x86_64-linux-gnu/libdbus-1.so.3.14.13
7fdac092c000-7fdac092d000 r--p 0004a000 08:07 1577530                    /lib/x86_64-linux-gnu/libdbus-1.so.3.14.13
7fdac092d000-7fdac092e000 rw-p 0004b000 08:07 1577530                    /lib/x86_64-linux-gnu/libdbus-1.so.3.14.13
7fdac092e000-7fdac095a000 r-xp 00000000 08:07 2760567                    /usr/lib/x86_64-linux-gnu/libatspi.so.0.0.1
7fdac095a000-7fdac0b5a000 ---p 0002c000 08:07 2760567                    /usr/lib/x86_64-linux-gnu/libatspi.so.0.0.1
7fdac0b5a000-7fdac0b5d000 r--p 0002c000 08:07 2760567                    /usr/lib/x86_64-linux-gnu/libatspi.so.0.0.1
7fdac0b5d000-7fdac0b5e000 rw-p 0002f000 08:07 2760567                    /usr/lib/x86_64-linux-gnu/libatspi.so.0.0.1
7fdac0b5e000-7fdac0b8b000 r-xp 00000000 08:07 2760563                    /usr/lib/x86_64-linux-gnu/libatk-bridge-2.0.so.0.0.0
7fdac0b8b000-7fdac0d8a000 ---p 0002d000 08:07 2760563                    /usr/lib/x86_64-linux-gnu/libatk-bridge-2.0.so.0.0.0
7fdac0d8a000-7fdac0d8b000 r--p 0002c000 08:07 2760563                    /usr/lib/x86_64-linux-gnu/libatk-bridge-2.0.so.0.0.0
7fdac0d8b000-7fdac0d8d000 rw-p 0002d000 08:07 2760563                    /usr/lib/x86_64-linux-gnu/libatk-bridge-2.0.so.0.0.0
7fdac0d8d000-7fdac0d8e000 r-xp 00000000 08:07 3018049                    /usr/lib/x86_64-linux-gnu/gtk-2.0/modules/libatk-bridge.so
7fdac0d8e000-7fdac0f8d000 ---p 00001000 08:07 3018049                    /usr/lib/x86_64-linux-gnu/gtk-2.0/modules/libatk-bridge.so
7fdac0f8d000-7fdac0f8e000 r--p 00000000 08:07 3018049                    /usr/lib/x86_64-linux-gnu/gtk-2.0/modules/libatk-bridge.so
7fdac0f8e000-7fdac0f8f000 rw-p 00001000 08:07 3018049                    /usr/lib/x86_64-linux-gnu/gtk-2.0/modules/libatk-bridge.so
7fdac0f8f000-7fdac0f96000 r-xp 00000000 08:07 2760865                    /usr/lib/x86_64-linux-gnu/libgailutil.so.18.0.1
7fdac0f96000-7fdac1195000 ---p 00007000 08:07 2760865                    /usr/lib/x86_64-linux-gnu/libgailutil.so.18.0.1
7fdac1195000-7fdac1196000 r--p 00006000 08:07 2760865                    /usr/lib/x86_64-linux-gnu/libgailutil.so.18.0.1
7fdac1196000-7fdac1197000 rw-p 00007000 08:07 2760865                    /usr/lib/x86_64-linux-gnu/libgailutil.so.18.0.1
7fdac1197000-7fdac11e4000 r-xp 00000000 08:07 3018052                    /usr/lib/x86_64-linux-gnu/gtk-2.0/modules/libgail.so
7fdac11e4000-7fdac13e4000 ---p 0004d000 08:07 3018052                    /usr/lib/x86_64-linux-gnu/gtk-2.0/modules/libgail.so
7fdac13e4000-7fdac13e5000 r--p 0004d000 08:07 3018052                    /usr/lib/x86_64-linux-gnu/gtk-2.0/modules/libgail.so
7fdac13e5000-7fdac13e7000 rw-p 0004e000 08:07 3018052                    /usr/lib/x86_64-linux-gnu/gtk-2.0/modules/libgail.so
7fdac13e7000-7fdac1410000 r-xp 00000000 08:07 3542383                    /usr/lib/jvm/java-8-oracle/jre/lib/amd64/libglass.so
7fdac1410000-7fdac160f000 ---p 00029000 08:07 3542383                    /usr/lib/jvm/java-8-oracle/jre/lib/amd64/libglass.so
7fdac160f000-7fdac1612000 rw-p 00028000 08:07 3542383                    /usr/lib/jvm/java-8-oracle/jre/lib/amd64/libglass.so
7fdac1612000-7fdac1692000 rw-s 00000000 00:06 457                        /dev/nvidiactl
7fdac1692000-7fdac1712000 rw-s 00000000 00:06 457                        /dev/nvidiactl
7fdac1749000-7fdac17f6000 r--p 00000000 08:07 3801697                    /usr/share/fonts/truetype/dejavu/DejaVuSans-Bold.ttf
7fdac17f6000-7fdac1812000 r--s 00393000 08:07 3411546                    /usr/lib/jvm/java-8-oracle/jre/lib/ext/cldrdata.jar
7fdac1812000-7fdac1825000 r-xp 00000000 08:07 1577510                    /lib/x86_64-linux-gnu/libbsd.so.0.8.6
7fdac1825000-7fdac1a24000 ---p 00013000 08:07 1577510                    /lib/x86_64-linux-gnu/libbsd.so.0.8.6
7fdac1a24000-7fdac1a25000 r--p 00012000 08:07 1577510                    /lib/x86_64-linux-gnu/libbsd.so.0.8.6
7fdac1a25000-7fdac1a26000 rw-p 00013000 08:07 1577510                    /lib/x86_64-linux-gnu/libbsd.so.0.8.6
7fdac1a26000-7fdac1a27000 rw-p 00000000 00:00 0 
7fdac1a27000-7fdac1a2b000 r-xp 00000000 08:07 1577689                    /lib/x86_64-linux-gnu/libuuid.so.1.3.0
7fdac1a2b000-7fdac1c2a000 ---p 00004000 08:07 1577689                    /lib/x86_64-linux-gnu/libuuid.so.1.3.0
7fdac1c2a000-7fdac1c2b000 r--p 00003000 08:07 1577689                    /lib/x86_64-linux-gnu/libuuid.so.1.3.0
7fdac1c2b000-7fdac1c2c000 rw-p 00004000 08:07 1577689                    /lib/x86_64-linux-gnu/libuuid.so.1.3.0
7fdac1c2c000-7fdac1c32000 r-xp 00000000 08:07 2760698                    /usr/lib/x86_64-linux-gnu/libdatrie.so.1.3.3
7fdac1c32000-7fdac1e31000 ---p 00006000 08:07 2760698                    /usr/lib/x86_64-linux-gnu/libdatrie.so.1.3.3
7fdac1e31000-7fdac1e32000 r--p 00005000 08:07 2760698                    /usr/lib/x86_64-linux-gnu/libdatrie.so.1.3.3
7fdac1e32000-7fdac1e33000 rw-p 00006000 08:07 2760698                    /usr/lib/x86_64-linux-gnu/libdatrie.so.1.3.3
7fdac1e33000-7fdac1e38000 r-xp 00000000 08:07 2760485                    /usr/lib/x86_64-linux-gnu/libXdmcp.so.6.0.0
7fdac1e38000-7fdac2037000 ---p 00005000 08:07 2760485                    /usr/lib/x86_64-linux-gnu/libXdmcp.so.6.0.0
7fdac2037000-7fdac2038000 r--p 00004000 08:07 2760485                    /usr/lib/x86_64-linux-gnu/libXdmcp.so.6.0.0
7fdac2038000-7fdac2039000 rw-p 00005000 08:07 2760485                    /usr/lib/x86_64-linux-gnu/libXdmcp.so.6.0.0
7fdac2039000-7fdac203b000 r-xp 00000000 08:07 2760474                    /usr/lib/x86_64-linux-gnu/libXau.so.6.0.0
7fdac203b000-7fdac223b000 ---p 00002000 08:07 2760474                    /usr/lib/x86_64-linux-gnu/libXau.so.6.0.0
7fdac223b000-7fdac223c000 r--p 00002000 08:07 2760474                    /usr/lib/x86_64-linux-gnu/libXau.so.6.0.0
7fdac223c000-7fdac223d000 rw-p 00003000 08:07 2760474                    /usr/lib/x86_64-linux-gnu/libXau.so.6.0.0
7fdac223d000-7fdac365b000 r-xp 00000000 08:07 6451782                    /usr/lib/nvidia-390/libnvidia-glcore.so.390.25
7fdac365b000-7fdac367c000 rwxp 0141e000 08:07 6451782                    /usr/lib/nvidia-390/libnvidia-glcore.so.390.25
7fdac367c000-7fdac3a74000 r-xp 0143f000 08:07 6451782                    /usr/lib/nvidia-390/libnvidia-glcore.so.390.25
7fdac3a74000-7fdac3c74000 ---p 01837000 08:07 6451782                    /usr/lib/nvidia-390/libnvidia-glcore.so.390.25
7fdac3c74000-7fdac3fe7000 rw-p 01837000 08:07 6451782                    /usr/lib/nvidia-390/libnvidia-glcore.so.390.25
7fdac3fe7000-7fdac4000000 rw-p 00000000 00:00 0 
7fdac4000000-7fdac49a6000 rw-p 00000000 00:00 0 
7fdac49a6000-7fdac8000000 ---p 00000000 00:00 0 
7fdac8000000-7fdac8006000 r--s 00000000 08:07 7340100                    /var/cache/fontconfig/3047814df9a2f067bd2d96a2b9c36e5a-le64.cache-6
7fdac8006000-7fdac800e000 r--s 00000000 08:07 7345942                    /var/cache/fontconfig/bf3b770c553c462765856025a94f1ce6-le64.cache-6
7fdac800e000-7fdac800f000 r--s 00000000 08:07 7340117                    /var/cache/fontconfig/56cf4f4769d0f4abc89a4895d7bd3ae1-le64.cache-6
7fdac800f000-7fdac8010000 r--s 00000000 08:07 7340139                    /var/cache/fontconfig/b9d506c9ac06c20b433354fa67a72993-le64.cache-6
7fdac8010000-7fdac8016000 r--s 00000000 08:07 7340137                    /var/cache/fontconfig/b47c4e1ecd0709278f4910c18777a504-le64.cache-6
7fdac8016000-7fdac8029000 r--s 00000000 08:07 7340146                    /var/cache/fontconfig/d52a8644073d54c13679302ca1180695-le64.cache-6
7fdac8029000-7fdac802a000 r--s 00000000 08:07 7340103                    /var/cache/fontconfig/370e5b74bf5dafc30834de68e24a87a4-le64.cache-6
7fdac802a000-7fdac802b000 r--s 00000000 08:07 7340124                    /var/cache/fontconfig/6b2c5944714ca7831b25bed9e85cb5c8-le64.cache-6
7fdac802b000-7fdac802c000 r--s 00000000 08:07 7340145                    /var/cache/fontconfig/d5178ab6d91b49bf20a416737dcea9e8-le64.cache-6
7fdac802c000-7fdac802f000 r--s 00000000 08:07 7340153                    /var/cache/fontconfig/f259c2cffa685e28062317905db73c4a-le64.cache-6
7fdac802f000-7fdac803d000 r--s 00000000 08:07 7340132                    /var/cache/fontconfig/9b89f8e3dae116d678bbf48e5f21f69b-le64.cache-6
7fdac803d000-7fdac806c000 r--s 002e5000 08:07 4468828                    /home/deven/Desktop/mylib/dist/run1253003462/lib/derby.jar
7fdac806c000-7fdac8171000 rw-s 00000000 00:06 457                        /dev/nvidiactl
7fdac8171000-7fdac819c000 r-xp 00000000 08:07 2760972                    /usr/lib/x86_64-linux-gnu/libgraphite2.so.3.0.1
7fdac819c000-7fdac839b000 ---p 0002b000 08:07 2760972                    /usr/lib/x86_64-linux-gnu/libgraphite2.so.3.0.1
7fdac839b000-7fdac839d000 r--p 0002a000 08:07 2760972                    /usr/lib/x86_64-linux-gnu/libgraphite2.so.3.0.1
7fdac839d000-7fdac839e000 rw-p 0002c000 08:07 2760972                    /usr/lib/x86_64-linux-gnu/libgraphite2.so.3.0.1
7fdac839e000-7fdac83e2000 r-xp 00000000 08:07 1577506                    /lib/x86_64-linux-gnu/libblkid.so.1.1.0
7fdac83e2000-7fdac85e1000 ---p 00044000 08:07 1577506                    /lib/x86_64-linux-gnu/libblkid.so.1.1.0
7fdac85e1000-7fdac85e5000 r--p 00043000 08:07 1577506                    /lib/x86_64-linux-gnu/libblkid.so.1.1.0
7fdac85e5000-7fdac85e6000 rw-p 00047000 08:07 1577506                    /lib/x86_64-linux-gnu/libblkid.so.1.1.0
7fdac85e6000-7fdac85e7000 rw-p 00000000 00:00 0 
7fdac85e7000-7fdac85ea000 r-xp 00000000 08:07 6451789                    /usr/lib/nvidia-390/tls/libnvidia-tls.so.390.25
7fdac85ea000-7fdac87ea000 ---p 00003000 08:07 6451789                    /usr/lib/nvidia-390/tls/libnvidia-tls.so.390.25
7fdac87ea000-7fdac87eb000 rw-p 00003000 08:07 6451789                    /usr/lib/nvidia-390/tls/libnvidia-tls.so.390.25
7fdac87eb000-7fdac885b000 r-xp 00000000 08:07 1577638                    /lib/x86_64-linux-gnu/libpcre.so.3.13.3
7fdac885b000-7fdac8a5b000 ---p 00070000 08:07 1577638                    /lib/x86_64-linux-gnu/libpcre.so.3.13.3
7fdac8a5b000-7fdac8a5c000 r--p 00070000 08:07 1577638                    /lib/x86_64-linux-gnu/libpcre.so.3.13.3
7fdac8a5c000-7fdac8a5d000 rw-p 00071000 08:07 1577638                    /lib/x86_64-linux-gnu/libpcre.so.3.13.3
7fdac8a5d000-7fdac8a64000 r-xp 00000000 08:07 2760809                    /usr/lib/x86_64-linux-gnu/libffi.so.6.0.4
7fdac8a64000-7fdac8c63000 ---p 00007000 08:07 2760809                    /usr/lib/x86_64-linux-gnu/libffi.so.6.0.4
7fdac8c63000-7fdac8c64000 r--p 00006000 08:07 2760809                    /usr/lib/x86_64-linux-gnu/libffi.so.6.0.4
7fdac8c64000-7fdac8c65000 rw-p 00007000 08:07 2760809                    /usr/lib/x86_64-linux-gnu/libffi.so.6.0.4
7fdac8c65000-7fdac8c8d000 r-xp 00000000 08:07 1577545                    /lib/x86_64-linux-gnu/libexpat.so.1.6.5
7fdac8c8d000-7fdac8e8d000 ---p 00028000 08:07 1577545                    /lib/x86_64-linux-gnu/libexpat.so.1.6.5
7fdac8e8d000-7fdac8e8f000 r--p 00028000 08:07 1577545                    /lib/x86_64-linux-gnu/libexpat.so.1.6.5
7fdac8e8f000-7fdac8e90000 rw-p 0002a000 08:07 1577545                    /lib/x86_64-linux-gnu/libexpat.so.1.6.5
7fdac8e90000-7fdac8e98000 r-xp 00000000 08:07 2761534                    /usr/lib/x86_64-linux-gnu/libthai.so.0.3.0
7fdac8e98000-7fdac9097000 ---p 00008000 08:07 2761534                    /usr/lib/x86_64-linux-gnu/libthai.so.0.3.0
7fdac9097000-7fdac9098000 r--p 00007000 08:07 2761534                    /usr/lib/x86_64-linux-gnu/libthai.so.0.3.0
7fdac9098000-7fdac9099000 rw-p 00008000 08:07 2761534                    /usr/lib/x86_64-linux-gnu/libthai.so.0.3.0
7fdac9099000-7fdac90bf000 r-xp 00000000 08:07 2761719                    /usr/lib/x86_64-linux-gnu/libxcb.so.1.1.0
7fdac90bf000-7fdac92be000 ---p 00026000 08:07 2761719                    /usr/lib/x86_64-linux-gnu/libxcb.so.1.1.0
7fdac92be000-7fdac92bf000 r--p 00025000 08:07 2761719                    /usr/lib/x86_64-linux-gnu/libxcb.so.1.1.0
7fdac92bf000-7fdac92c0000 rw-p 00026000 08:07 2761719                    /usr/lib/x86_64-linux-gnu/libxcb.so.1.1.0
7fdac92c0000-7fdac92cc000 r-xp 00000000 08:07 2761701                    /usr/lib/x86_64-linux-gnu/libxcb-render.so.0.0.0
7fdac92cc000-7fdac94cb000 ---p 0000c000 08:07 2761701                    /usr/lib/x86_64-linux-gnu/libxcb-render.so.0.0.0
7fdac94cb000-7fdac94cc000 r--p 0000b000 08:07 2761701                    /usr/lib/x86_64-linux-gnu/libxcb-render.so.0.0.0
7fdac94cc000-7fdac94cd000 rw-p 0000c000 08:07 2761701                    /usr/lib/x86_64-linux-gnu/libxcb-render.so.0.0.0
7fdac94cd000-7fdac94cf000 r-xp 00000000 08:07 2761707                    /usr/lib/x86_64-linux-gnu/libxcb-shm.so.0.0.0
7fdac94cf000-7fdac96ce000 ---p 00002000 08:07 2761707                    /usr/lib/x86_64-linux-gnu/libxcb-shm.so.0.0.0
7fdac96ce000-7fdac96cf000 r--p 00001000 08:07 2761707                    /usr/lib/x86_64-linux-gnu/libxcb-shm.so.0.0.0
7fdac96cf000-7fdac96d0000 rw-p 00002000 08:07 2761707                    /usr/lib/x86_64-linux-gnu/libxcb-shm.so.0.0.0
7fdac96d0000-7fdac9701000 r-xp 00000000 08:07 2761358                    /usr/lib/x86_64-linux-gnu/libpng16.so.16.34.0
7fdac9701000-7fdac9900000 ---p 00031000 08:07 2761358                    /usr/lib/x86_64-linux-gnu/libpng16.so.16.34.0
7fdac9900000-7fdac9901000 r--p 00030000 08:07 2761358                    /usr/lib/x86_64-linux-gnu/libpng16.so.16.34.0
7fdac9901000-7fdac9902000 rw-p 00031000 08:07 2761358                    /usr/lib/x86_64-linux-gnu/libpng16.so.16.34.0
7fdac9902000-7fdac99a0000 r-xp 00000000 08:07 2761352                    /usr/lib/x86_64-linux-gnu/libpixman-1.so.0.34.0
7fdac99a0000-7fdac9b9f000 ---p 0009e000 08:07 2761352                    /usr/lib/x86_64-linux-gnu/libpixman-1.so.0.34.0
7fdac9b9f000-7fdac9ba7000 r--p 0009d000 08:07 2761352                    /usr/lib/x86_64-linux-gnu/libpixman-1.so.0.34.0
7fdac9ba7000-7fdac9ba8000 rw-p 000a5000 08:07 2761352                    /usr/lib/x86_64-linux-gnu/libpixman-1.so.0.34.0
7fdac9ba8000-7fdac9c3a000 r-xp 00000000 08:07 2761057                    /usr/lib/x86_64-linux-gnu/libharfbuzz.so.0.10400.2
7fdac9c3a000-7fdac9e39000 ---p 00092000 08:07 2761057                    /usr/lib/x86_64-linux-gnu/libharfbuzz.so.0.10400.2
7fdac9e39000-7fdac9e3b000 r--p 00091000 08:07 2761057                    /usr/lib/x86_64-linux-gnu/libharfbuzz.so.0.10400.2
7fdac9e3b000-7fdac9e3c000 rw-p 00093000 08:07 2761057                    /usr/lib/x86_64-linux-gnu/libharfbuzz.so.0.10400.2
7fdac9e3c000-7fdac9e8a000 r-xp 00000000 08:07 1577586                    /lib/x86_64-linux-gnu/libmount.so.1.1.0
7fdac9e8a000-7fdaca08a000 ---p 0004e000 08:07 1577586                    /lib/x86_64-linux-gnu/libmount.so.1.1.0
7fdaca08a000-7fdaca08c000 r--p 0004e000 08:07 1577586                    /lib/x86_64-linux-gnu/libmount.so.1.1.0
7fdaca08c000-7fdaca08d000 rw-p 00050000 08:07 1577586                    /lib/x86_64-linux-gnu/libmount.so.1.1.0
7fdaca08d000-7fdaca08e000 rw-p 00000000 00:00 0 
7fdaca08e000-7fdaca0a4000 r-xp 00000000 08:07 1577406                    /lib/x86_64-linux-gnu/libresolv-2.26.so
7fdaca0a4000-7fdaca2a4000 ---p 00016000 08:07 1577406                    /lib/x86_64-linux-gnu/libresolv-2.26.so
7fdaca2a4000-7fdaca2a5000 r--p 00016000 08:07 1577406                    /lib/x86_64-linux-gnu/libresolv-2.26.so
7fdaca2a5000-7fdaca2a6000 rw-p 00017000 08:07 1577406                    /lib/x86_64-linux-gnu/libresolv-2.26.so
7fdaca2a6000-7fdaca2a8000 rw-p 00000000 00:00 0 
7fdaca2a8000-7fdaca2cd000 r-xp 00000000 08:07 1577665                    /lib/x86_64-linux-gnu/libselinux.so.1
7fdaca2cd000-7fdaca4cc000 ---p 00025000 08:07 1577665                    /lib/x86_64-linux-gnu/libselinux.so.1
7fdaca4cc000-7fdaca4cd000 r--p 00024000 08:07 1577665                    /lib/x86_64-linux-gnu/libselinux.so.1
7fdaca4cd000-7fdaca4ce000 rw-p 00025000 08:07 1577665                    /lib/x86_64-linux-gnu/libselinux.so.1
7fdaca4ce000-7fdaca4d0000 rw-p 00000000 00:00 0 
7fdaca4d0000-7fdaca4ec000 r-xp 00000000 08:07 1577693                    /lib/x86_64-linux-gnu/libz.so.1.2.11
7fdaca4ec000-7fdaca6eb000 ---p 0001c000 08:07 1577693                    /lib/x86_64-linux-gnu/libz.so.1.2.11
7fdaca6eb000-7fdaca6ec000 r--p 0001b000 08:07 1577693                    /lib/x86_64-linux-gnu/libz.so.1.2.11
7fdaca6ec000-7fdaca6ed000 rw-p 0001c000 08:07 1577693                    /lib/x86_64-linux-gnu/libz.so.1.2.11
7fdaca6ed000-7fdaca6fe000 r-xp 00000000 08:07 2760487                    /usr/lib/x86_64-linux-gnu/libXext.so.6.4.0
7fdaca6fe000-7fdaca8fd000 ---p 00011000 08:07 2760487                    /usr/lib/x86_64-linux-gnu/libXext.so.6.4.0
7fdaca8fd000-7fdaca8fe000 r--p 00010000 08:07 2760487                    /usr/lib/x86_64-linux-gnu/libXext.so.6.4.0
7fdaca8fe000-7fdaca8ff000 rw-p 00011000 08:07 2760487                    /usr/lib/x86_64-linux-gnu/libXext.so.6.4.0
7fdaca8ff000-7fdaca901000 r-xp 00000000 08:07 2760483                    /usr/lib/x86_64-linux-gnu/libXdamage.so.1.1.0
7fdaca901000-7fdacab00000 ---p 00002000 08:07 2760483                    /usr/lib/x86_64-linux-gnu/libXdamage.so.1.1.0
7fdacab00000-7fdacab01000 r--p 00001000 08:07 2760483                    /usr/lib/x86_64-linux-gnu/libXdamage.so.1.1.0
7fdacab01000-7fdacab02000 rw-p 00002000 08:07 2760483                    /usr/lib/x86_64-linux-gnu/libXdamage.so.1.1.0
7fdacab02000-7fdacab04000 r-xp 00000000 08:07 2760479                    /usr/lib/x86_64-linux-gnu/libXcomposite.so.1.0.0
7fdacab04000-7fdacad03000 ---p 00002000 08:07 2760479                    /usr/lib/x86_64-linux-gnu/libXcomposite.so.1.0.0
7fdacad03000-7fdacad04000 r--p 00001000 08:07 2760479                    /usr/lib/x86_64-linux-gnu/libXcomposite.so.1.0.0
7fdacad04000-7fdacad05000 rw-p 00002000 08:07 2760479                    /usr/lib/x86_64-linux-gnu/libXcomposite.so.1.0.0
7fdacad05000-7fdacad0e000 r-xp 00000000 08:07 2753553                    /usr/lib/x86_64-linux-gnu/libXcursor.so.1.0.2
7fdacad0e000-7fdacaf0d000 ---p 00009000 08:07 2753553                    /usr/lib/x86_64-linux-gnu/libXcursor.so.1.0.2
7fdacaf0d000-7fdacaf0e000 r--p 00008000 08:07 2753553                    /usr/lib/x86_64-linux-gnu/libXcursor.so.1.0.2
7fdacaf0e000-7fdacaf0f000 rw-p 00009000 08:07 2753553                    /usr/lib/x86_64-linux-gnu/libXcursor.so.1.0.2
7fdacaf0f000-7fdacaf19000 r-xp 00000000 08:07 2760507                    /usr/lib/x86_64-linux-gnu/libXrandr.so.2.2.0
7fdacaf19000-7fdacb118000 ---p 0000a000 08:07 2760507                    /usr/lib/x86_64-linux-gnu/libXrandr.so.2.2.0
7fdacb118000-7fdacb119000 r--p 00009000 08:07 2760507                    /usr/lib/x86_64-linux-gnu/libXrandr.so.2.2.0
7fdacb119000-7fdacb11a000 rw-p 0000a000 08:07 2760507                    /usr/lib/x86_64-linux-gnu/libXrandr.so.2.2.0
7fdacb11a000-7fdacb129000 r-xp 00000000 08:07 2760497                    /usr/lib/x86_64-linux-gnu/libXi.so.6.1.0
7fdacb129000-7fdacb328000 ---p 0000f000 08:07 2760497                    /usr/lib/x86_64-linux-gnu/libXi.so.6.1.0
7fdacb328000-7fdacb329000 r--p 0000e000 08:07 2760497                    /usr/lib/x86_64-linux-gnu/libXi.so.6.1.0
7fdacb329000-7fdacb32a000 rw-p 0000f000 08:07 2760497                    /usr/lib/x86_64-linux-gnu/libXi.so.6.1.0
7fdacb32a000-7fdacb32c000 r-xp 00000000 08:07 2760499                    /usr/lib/x86_64-linux-gnu/libXinerama.so.1.0.0
7fdacb32c000-7fdacb52b000 ---p 00002000 08:07 2760499                    /usr/lib/x86_64-linux-gnu/libXinerama.so.1.0.0
7fdacb52b000-7fdacb52c000 r--p 00001000 08:07 2760499                    /usr/lib/x86_64-linux-gnu/libXinerama.so.1.0.0
7fdacb52c000-7fdacb52d000 rw-p 00002000 08:07 2760499                    /usr/lib/x86_64-linux-gnu/libXinerama.so.1.0.0
7fdacb52d000-7fdacb536000 r-xp 00000000 08:07 2760509                    /usr/lib/x86_64-linux-gnu/libXrender.so.1.3.0
7fdacb536000-7fdacb735000 ---p 00009000 08:07 2760509                    /usr/lib/x86_64-linux-gnu/libXrender.so.1.3.0
7fdacb735000-7fdacb736000 r--p 00008000 08:07 2760509                    /usr/lib/x86_64-linux-gnu/libXrender.so.1.3.0
7fdacb736000-7fdacb737000 rw-p 00009000 08:07 2760509                    /usr/lib/x86_64-linux-gnu/libXrender.so.1.3.0
7fdacb737000-7fdacb73c000 r-xp 00000000 08:07 2760489                    /usr/lib/x86_64-linux-gnu/libXfixes.so.3.1.0
7fdacb73c000-7fdacb93b000 ---p 00005000 08:07 2760489                    /usr/lib/x86_64-linux-gnu/libXfixes.so.3.1.0
7fdacb93b000-7fdacb93c000 r--p 00004000 08:07 2760489                    /usr/lib/x86_64-linux-gnu/libXfixes.so.3.1.0
7fdacb93c000-7fdacb93d000 rw-p 00005000 08:07 2760489                    /usr/lib/x86_64-linux-gnu/libXfixes.so.3.1.0
7fdacb93d000-7fdacbab5000 r-xp 00000000 08:07 2761510                    /usr/lib/x86_64-linux-gnu/libstdc++.so.6.0.24
7fdacbab5000-7fdacbcb4000 ---p 00178000 08:07 2761510                    /usr/lib/x86_64-linux-gnu/libstdc++.so.6.0.24
7fdacbcb4000-7fdacbcbe000 r--p 00177000 08:07 2761510                    /usr/lib/x86_64-linux-gnu/libstdc++.so.6.0.24
7fdacbcbe000-7fdacbcc0000 rw-p 00181000 08:07 2761510                    /usr/lib/x86_64-linux-gnu/libstdc++.so.6.0.24
7fdacbcc0000-7fdacbcc3000 rw-p 00000000 00:00 0 
7fdacbcc3000-7fdacbd8c000 r-xp 00000000 08:07 6451765                    /usr/lib/nvidia-390/libGL.so.390.25
7fdacbd8c000-7fdacbdc0000 rwxp 000c9000 08:07 6451765                    /usr/lib/nvidia-390/libGL.so.390.25
7fdacbdc0000-7fdacbdd4000 r-xp 000fd000 08:07 6451765                    /usr/lib/nvidia-390/libGL.so.390.25
7fdacbdd4000-7fdacbfd4000 ---p 00111000 08:07 6451765                    /usr/lib/nvidia-390/libGL.so.390.25
7fdacbfd4000-7fdacbff9000 rw-p 00111000 08:07 6451765                    /usr/lib/nvidia-390/libGL.so.390.25
7fdacbff9000-7fdacc000000 rw-p 00000000 00:00 0 
7fdacc000000-7fdacc021000 rw-p 00000000 00:00 0 
7fdacc021000-7fdad0000000 ---p 00000000 00:00 0 
7fdad0000000-7fdad0021000 rw-p 00000000 00:00 0 
7fdad0021000-7fdad4000000 ---p 00000000 00:00 0 
7fdad4000000-7fdad456f000 rw-p 00000000 00:00 0 
7fdad456f000-7fdad8000000 ---p 00000000 00:00 0 
7fdad8000000-7fdad8497000 rw-p 00000000 00:00 0 
7fdad8497000-7fdadc000000 ---p 00000000 00:00 0 
7fdadc000000-7fdadc021000 rw-p 00000000 00:00 0 
7fdadc021000-7fdae0000000 ---p 00000000 00:00 0 
7fdae0000000-7fdae0616000 rw-p 00000000 00:00 0 
7fdae0616000-7fdae4000000 ---p 00000000 00:00 0 
7fdae4000000-7fdae4021000 rw-p 00000000 00:00 0 
7fdae4021000-7fdae8000000 ---p 00000000 00:00 0 
7fdae8000000-7fdae8021000 rw-p 00000000 00:00 0 
7fdae8021000-7fdaec000000 ---p 00000000 00:00 0 
7fdaec000000-7fdaec021000 rw-p 00000000 00:00 0 
7fdaec021000-7fdaf0000000 ---p 00000000 00:00 0 
7fdaf0000000-7fdaf0021000 rw-p 00000000 00:00 0 
7fdaf0021000-7fdaf4000000 ---p 00000000 00:00 0 
7fdaf4000000-7fdaf4021000 rw-p 00000000 00:00 0 
7fdaf4021000-7fdaf8000000 ---p 00000000 00:00 0 
7fdaf8000000-7fdaf8002000 r--s 00000000 08:07 7340114                    /var/cache/fontconfig/550f3886151c940c12a5ed35f6a00586-le64.cache-6
7fdaf8002000-7fdaf8005000 r--s 00000000 08:07 7340123                    /var/cache/fontconfig/674d1711f2d1d2a09646eb0bdcadee49-le64.cache-6
7fdaf8005000-7fdaf8012000 r--s 00000000 08:07 7348021                    /var/cache/fontconfig/e13b20fdb08344e0e664864cc2ede53d-le64.cache-6
7fdaf8012000-7fdaf8092000 rw-s 00000000 00:06 457                        /dev/nvidiactl
7fdaf8092000-7fdaf80d2000 rw-s 00000000 00:06 457                        /dev/nvidiactl
7fdaf80d2000-7fdaf80f2000 rw-s 00000000 00:06 457                        /dev/nvidiactl
7fdaf80f2000-7fdaf8108000 r-xp 00000000 08:07 1577552                    /lib/x86_64-linux-gnu/libgcc_s.so.1
7fdaf8108000-7fdaf8307000 ---p 00016000 08:07 1577552                    /lib/x86_64-linux-gnu/libgcc_s.so.1
7fdaf8307000-7fdaf8308000 r--p 00015000 08:07 1577552                    /lib/x86_64-linux-gnu/libgcc_s.so.1
7fdaf8308000-7fdaf8309000 rw-p 00016000 08:07 1577552                    /lib/x86_64-linux-gnu/libgcc_s.so.1
7fdaf8309000-7fdaf830e000 r-xp 00000000 08:07 2760525                    /usr/lib/x86_64-linux-gnu/libXxf86vm.so.1.0.0
7fdaf830e000-7fdaf850d000 ---p 00005000 08:07 2760525                    /usr/lib/x86_64-linux-gnu/libXxf86vm.so.1.0.0
7fdaf850d000-7fdaf850e000 r--p 00004000 08:07 2760525                    /usr/lib/x86_64-linux-gnu/libXxf86vm.so.1.0.0
7fdaf850e000-7fdaf850f000 rw-p 00005000 08:07 2760525                    /usr/lib/x86_64-linux-gnu/libXxf86vm.so.1.0.0
7fdaf850f000-7fdaf8643000 r-xp 00000000 08:07 2760470                    /usr/lib/x86_64-linux-gnu/libX11.so.6.3.0
7fdaf8643000-7fdaf8843000 ---p 00134000 08:07 2760470                    /usr/lib/x86_64-linux-gnu/libX11.so.6.3.0
7fdaf8843000-7fdaf8844000 r--p 00134000 08:07 2760470                    /usr/lib/x86_64-linux-gnu/libX11.so.6.3.0
7fdaf8844000-7fdaf8848000 rw-p 00135000 08:07 2760470                    /usr/lib/x86_64-linux-gnu/libX11.so.6.3.0
7fdaf8848000-7fdaf884d000 r-xp 00000000 08:07 2760515                    /usr/lib/x86_64-linux-gnu/libXtst.so.6.1.0
7fdaf884d000-7fdaf8a4c000 ---p 00005000 08:07 2760515                    /usr/lib/x86_64-linux-gnu/libXtst.so.6.1.0
7fdaf8a4c000-7fdaf8a4d000 r--p 00004000 08:07 2760515                    /usr/lib/x86_64-linux-gnu/libXtst.so.6.1.0
7fdaf8a4d000-7fdaf8a4e000 rw-p 00005000 08:07 2760515                    /usr/lib/x86_64-linux-gnu/libXtst.so.6.1.0
7fdaf8a4e000-7fdaf8b5f000 r-xp 00000000 08:07 1577556                    /lib/x86_64-linux-gnu/libglib-2.0.so.0.5400.1
7fdaf8b5f000-7fdaf8d5f000 ---p 00111000 08:07 1577556                    /lib/x86_64-linux-gnu/libglib-2.0.so.0.5400.1
7fdaf8d5f000-7fdaf8d60000 r--p 00111000 08:07 1577556                    /lib/x86_64-linux-gnu/libglib-2.0.so.0.5400.1
7fdaf8d60000-7fdaf8d61000 rw-p 00112000 08:07 1577556                    /lib/x86_64-linux-gnu/libglib-2.0.so.0.5400.1
7fdaf8d61000-7fdaf8d62000 rw-p 00000000 00:00 0 
7fdaf8d62000-7fdaf8d63000 r-xp 00000000 08:07 2761024                    /usr/lib/x86_64-linux-gnu/libgthread-2.0.so.0.5400.1
7fdaf8d63000-7fdaf8f62000 ---p 00001000 08:07 2761024                    /usr/lib/x86_64-linux-gnu/libgthread-2.0.so.0.5400.1
7fdaf8f62000-7fdaf8f63000 r--p 00000000 08:07 2761024                    /usr/lib/x86_64-linux-gnu/libgthread-2.0.so.0.5400.1
7fdaf8f63000-7fdaf8f64000 rw-p 00001000 08:07 2761024                    /usr/lib/x86_64-linux-gnu/libgthread-2.0.so.0.5400.1
7fdaf8f64000-7fdaf8f67000 r-xp 00000000 08:07 2760929                    /usr/lib/x86_64-linux-gnu/libgmodule-2.0.so.0.5400.1
7fdaf8f67000-7fdaf9166000 ---p 00003000 08:07 2760929                    /usr/lib/x86_64-linux-gnu/libgmodule-2.0.so.0.5400.1
7fdaf9166000-7fdaf9167000 r--p 00002000 08:07 2760929                    /usr/lib/x86_64-linux-gnu/libgmodule-2.0.so.0.5400.1
7fdaf9167000-7fdaf9168000 rw-p 00003000 08:07 2760929                    /usr/lib/x86_64-linux-gnu/libgmodule-2.0.so.0.5400.1
7fdaf9168000-7fdaf91ba000 r-xp 00000000 08:07 2760953                    /usr/lib/x86_64-linux-gnu/libgobject-2.0.so.0.5400.1
7fdaf91ba000-7fdaf93ba000 ---p 00052000 08:07 2760953                    /usr/lib/x86_64-linux-gnu/libgobject-2.0.so.0.5400.1
7fdaf93ba000-7fdaf93bb000 r--p 00052000 08:07 2760953                    /usr/lib/x86_64-linux-gnu/libgobject-2.0.so.0.5400.1
7fdaf93bb000-7fdaf93bc000 rw-p 00053000 08:07 2760953                    /usr/lib/x86_64-linux-gnu/libgobject-2.0.so.0.5400.1
7fdaf93bc000-7fdaf93f9000 r-xp 00000000 08:07 2760823                    /usr/lib/x86_64-linux-gnu/libfontconfig.so.1.9.0
7fdaf93f9000-7fdaf95f8000 ---p 0003d000 08:07 2760823                    /usr/lib/x86_64-linux-gnu/libfontconfig.so.1.9.0
7fdaf95f8000-7fdaf95fa000 r--p 0003c000 08:07 2760823                    /usr/lib/x86_64-linux-gnu/libfontconfig.so.1.9.0
7fdaf95fa000-7fdaf95ff000 rw-p 0003e000 08:07 2760823                    /usr/lib/x86_64-linux-gnu/libfontconfig.so.1.9.0
7fdaf95ff000-7fdaf96ab000 r-xp 00000000 08:07 2760855                    /usr/lib/x86_64-linux-gnu/libfreetype.so.6.14.0
7fdaf96ab000-7fdaf98aa000 ---p 000ac000 08:07 2760855                    /usr/lib/x86_64-linux-gnu/libfreetype.so.6.14.0
7fdaf98aa000-7fdaf98b1000 r--p 000ab000 08:07 2760855                    /usr/lib/x86_64-linux-gnu/libfreetype.so.6.14.0
7fdaf98b1000-7fdaf98b2000 rw-p 000b2000 08:07 2760855                    /usr/lib/x86_64-linux-gnu/libfreetype.so.6.14.0
7fdaf98b2000-7fdaf98fd000 r-xp 00000000 08:07 2761322                    /usr/lib/x86_64-linux-gnu/libpango-1.0.so.0.4000.12
7fdaf98fd000-7fdaf9afc000 ---p 0004b000 08:07 2761322                    /usr/lib/x86_64-linux-gnu/libpango-1.0.so.0.4000.12
7fdaf9afc000-7fdaf9aff000 r--p 0004a000 08:07 2761322                    /usr/lib/x86_64-linux-gnu/libpango-1.0.so.0.4000.12
7fdaf9aff000-7fdaf9b00000 rw-p 0004d000 08:07 2761322                    /usr/lib/x86_64-linux-gnu/libpango-1.0.so.0.4000.12
7fdaf9b00000-7fdaf9c0b000 r-xp 00000000 08:07 2760611                    /usr/lib/x86_64-linux-gnu/libcairo.so.2.11400.10
7fdaf9c0b000-7fdaf9e0b000 ---p 0010b000 08:07 2760611                    /usr/lib/x86_64-linux-gnu/libcairo.so.2.11400.10
7fdaf9e0b000-7fdaf9e0e000 r--p 0010b000 08:07 2760611                    /usr/lib/x86_64-linux-gnu/libcairo.so.2.11400.10
7fdaf9e0e000-7fdaf9e0f000 rw-p 0010e000 08:07 2760611                    /usr/lib/x86_64-linux-gnu/libcairo.so.2.11400.10
7fdaf9e0f000-7fdaf9e11000 rw-p 00000000 00:00 0 
7fdaf9e11000-7fdaf9e1d000 r-xp 00000000 08:07 2761324                    /usr/lib/x86_64-linux-gnu/libpangocairo-1.0.so.0.4000.12
7fdaf9e1d000-7fdafa01c000 ---p 0000c000 08:07 2761324                    /usr/lib/x86_64-linux-gnu/libpangocairo-1.0.so.0.4000.12
7fdafa01c000-7fdafa01d000 r--p 0000b000 08:07 2761324                    /usr/lib/x86_64-linux-gnu/libpangocairo-1.0.so.0.4000.12
7fdafa01d000-7fdafa01e000 rw-p 0000c000 08:07 2761324                    /usr/lib/x86_64-linux-gnu/libpangocairo-1.0.so.0.4000.12
7fdafa01e000-7fdafa040000 r-xp 00000000 08:07 2752571                    /usr/lib/x86_64-linux-gnu/libgdk_pixbuf-2.0.so.0.3611.0
7fdafa040000-7fdafa240000 ---p 00022000 08:07 2752571                    /usr/lib/x86_64-linux-gnu/libgdk_pixbuf-2.0.so.0.3611.0
7fdafa240000-7fdafa241000 r--p 00022000 08:07 2752571                    /usr/lib/x86_64-linux-gnu/libgdk_pixbuf-2.0.so.0.3611.0
7fdafa241000-7fdafa242000 rw-p 00023000 08:07 2752571                    /usr/lib/x86_64-linux-gnu/libgdk_pixbuf-2.0.so.0.3611.0
7fdafa242000-7fdafa256000 r-xp 00000000 08:07 2761326                    /usr/lib/x86_64-linux-gnu/libpangoft2-1.0.so.0.4000.12
7fdafa256000-7fdafa456000 ---p 00014000 08:07 2761326                    /usr/lib/x86_64-linux-gnu/libpangoft2-1.0.so.0.4000.12
7fdafa456000-7fdafa457000 r--p 00014000 08:07 2761326                    /usr/lib/x86_64-linux-gnu/libpangoft2-1.0.so.0.4000.12
7fdafa457000-7fdafa458000 rw-p 00015000 08:07 2761326                    /usr/lib/x86_64-linux-gnu/libpangoft2-1.0.so.0.4000.12
7fdafa458000-7fdafa5e9000 r-xp 00000000 08:07 2760913                    /usr/lib/x86_64-linux-gnu/libgio-2.0.so.0.5400.1
7fdafa5e9000-7fdafa7e9000 ---p 00191000 08:07 2760913                    /usr/lib/x86_64-linux-gnu/libgio-2.0.so.0.5400.1
7fdafa7e9000-7fdafa7f0000 r--p 00191000 08:07 2760913                    /usr/lib/x86_64-linux-gnu/libgio-2.0.so.0.5400.1
7fdafa7f0000-7fdafa7f1000 rw-p 00198000 08:07 2760913                    /usr/lib/x86_64-linux-gnu/libgio-2.0.so.0.5400.1
7fdafa7f1000-7fdafa7f3000 rw-p 00000000 00:00 0 
7fdafa7f3000-7fdafa816000 r-xp 00000000 08:07 2760561                    /usr/lib/x86_64-linux-gnu/libatk-1.0.so.0.22609.1
7fdafa816000-7fdafaa15000 ---p 00023000 08:07 2760561                    /usr/lib/x86_64-linux-gnu/libatk-1.0.so.0.22609.1
7fdafaa15000-7fdafaa18000 r--p 00022000 08:07 2760561                    /usr/lib/x86_64-linux-gnu/libatk-1.0.so.0.22609.1
7fdafaa18000-7fdafaa19000 rw-p 00025000 08:07 2760561                    /usr/lib/x86_64-linux-gnu/libatk-1.0.so.0.22609.1
7fdafaa19000-7fdafaac8000 r-xp 00000000 08:07 2760891                    /usr/lib/x86_64-linux-gnu/libgdk-x11-2.0.so.0.2400.31
7fdafaac8000-7fdafacc8000 ---p 000af000 08:07 2760891                    /usr/lib/x86_64-linux-gnu/libgdk-x11-2.0.so.0.2400.31
7fdafacc8000-7fdafaccc000 r--p 000af000 08:07 2760891                    /usr/lib/x86_64-linux-gnu/libgdk-x11-2.0.so.0.2400.31
7fdafaccc000-7fdafacce000 rw-p 000b3000 08:07 2760891                    /usr/lib/x86_64-linux-gnu/libgdk-x11-2.0.so.0.2400.31
7fdafacce000-7fdafb103000 r-xp 00000000 08:07 2761028                    /usr/lib/x86_64-linux-gnu/libgtk-x11-2.0.so.0.2400.31
7fdafb103000-7fdafb302000 ---p 00435000 08:07 2761028                    /usr/lib/x86_64-linux-gnu/libgtk-x11-2.0.so.0.2400.31
7fdafb302000-7fdafb309000 r--p 00434000 08:07 2761028                    /usr/lib/x86_64-linux-gnu/libgtk-x11-2.0.so.0.2400.31
7fdafb309000-7fdafb30d000 rw-p 0043b000 08:07 2761028                    /usr/lib/x86_64-linux-gnu/libgtk-x11-2.0.so.0.2400.31
7fdafb30d000-7fdafb310000 rw-p 00000000 00:00 0 
7fdafb310000-7fdafb31c000 r-xp 00000000 08:07 3542411                    /usr/lib/jvm/java-8-oracle/jre/lib/amd64/libprism_es2.so
7fdafb31c000-7fdafb51b000 ---p 0000c000 08:07 3542411                    /usr/lib/jvm/java-8-oracle/jre/lib/amd64/libprism_es2.so
7fdafb51b000-7fdafb51c000 rw-p 0000b000 08:07 3542411                    /usr/lib/jvm/java-8-oracle/jre/lib/amd64/libprism_es2.so
7fdafb51c000-7fdafb51f000 ---p 00000000 00:00 0 
7fdafb51f000-7fdafb61d000 rw-p 00000000 00:00 0 
7fdafb61d000-7fdafb61e000 ---p 00000000 00:00 0 
7fdafb61e000-7fdafb71e000 rw-p 00000000 00:00 0 
7fdafb71e000-7fdafb721000 ---p 00000000 00:00 0 
7fdafb721000-7fdafb81f000 rw-p 00000000 00:00 0 
7fdafb81f000-7fdafb822000 ---p 00000000 00:00 0 
7fdafb822000-7fdafb920000 rw-p 00000000 00:00 0 
7fdafb920000-7fdafb923000 ---p 00000000 00:00 0 
7fdafb923000-7fdafba21000 rw-p 00000000 00:00 0 
7fdafba21000-7fdafba24000 ---p 00000000 00:00 0 
7fdafba24000-7fdafbb22000 rw-p 00000000 00:00 0 
7fdafbb22000-7fdafbb25000 ---p 00000000 00:00 0 
7fdafbb25000-7fdafbc23000 rw-p 00000000 00:00 0 
7fdafbc23000-7fdafbeff000 r--p 00000000 08:07 2752627                    /usr/lib/locale/locale-archive
7fdafbeff000-7fdafbf02000 ---p 00000000 00:00 0 
7fdafbf02000-7fdafc000000 rw-p 00000000 00:00 0 
7fdafc000000-7fdafc021000 rw-p 00000000 00:00 0 
7fdafc021000-7fdb00000000 ---p 00000000 00:00 0 
7fdb00000000-7fdb00001000 r--s 00000000 08:07 7340115                    /var/cache/fontconfig/551ecf3b0e8b0bca0f25c0944f561853-le64.cache-6
7fdb00001000-7fdb00002000 r--s 00000000 08:07 7340107                    /var/cache/fontconfig/3f7329c5293ffd510edef78f73874cfd-le64.cache-6
7fdb00002000-7fdb00006000 r--s 00000000 08:07 7347078                    /var/cache/fontconfig/d589a48862398ed80a3d6066f4f56f4c-le64.cache-6
7fdb00006000-7fdb00007000 r--s 00000000 08:07 7340101                    /var/cache/fontconfig/30829fa25452a46451e813d634d7f916-le64.cache-6
7fdb00007000-7fdb00008000 r--s 00000000 08:07 7340091                    /var/cache/fontconfig/0c9eb80ebd1c36541ebe2852d3bb0c49-le64.cache-6
7fdb00008000-7fdb00009000 r--s 00000000 08:07 7340098                    /var/cache/fontconfig/22368d551a680bfe5a62c02760edf4ea-le64.cache-6
7fdb00009000-7fdb0000a000 r--s 00000000 08:07 7340112                    /var/cache/fontconfig/4d9c95eba1cb85bbcf2878543262124a-le64.cache-6
7fdb0000a000-7fdb0000e000 r--s 00000000 08:07 7346497                    /var/cache/fontconfig/7ef2298fde41cc6eeb7af42e48b7d293-le64.cache-6
7fdb0000e000-7fdb0004e000 rw-s 00000000 00:06 457                        /dev/nvidiactl
7fdb0004e000-7fdb0008e000 rw-s 00000000 00:06 457                        /dev/nvidiactl
7fdb0008e000-7fdb00091000 ---p 00000000 00:00 0 
7fdb00091000-7fdb0018f000 rw-p 00000000 00:00 0 
7fdb0018f000-7fdb00190000 ---p 00000000 00:00 0 
7fdb00190000-7fdb04000000 rw-p 00000000 00:00 0 
7fdb04000000-7fdb0402b000 rw-p 00000000 00:00 0 
7fdb0402b000-7fdb08000000 ---p 00000000 00:00 0 
7fdb08000000-7fdb08001000 r--s 00000000 08:07 7340128                    /var/cache/fontconfig/85e0a52ce643a7ba2ae53e5d6949cead-le64.cache-6
7fdb08001000-7fdb08016000 r--s 00233000 08:07 4468833                    /home/deven/Desktop/mylib/dist/run1253003462/lib/jfoenix.jar
7fdb08016000-7fdb0801b000 r--s 00034000 08:07 4468832                    /home/deven/Desktop/mylib/dist/run1253003462/lib/gson-2.8.1.jar
7fdb0801b000-7fdb0803b000 rw-s 00000000 00:06 457                        /dev/nvidiactl
7fdb0804e000-7fdb08058000 r--s 00116000 08:07 3411553                    /usr/lib/jvm/java-8-oracle/jre/lib/ext/localedata.jar
7fdb08058000-7fdb0805b000 r--s 0001a000 08:07 3282554                    /usr/lib/jvm/java-8-oracle/jre/lib/jce.jar
7fdb0805b000-7fdb080f1000 r--s 0110a000 08:07 3411547                    /usr/lib/jvm/java-8-oracle/jre/lib/ext/jfxrt.jar
7fdb080f1000-7fdb09000000 rw-p 00000000 00:00 0 
7fdb09000000-7fdb09880000 rwxp 00000000 00:00 0 
7fdb09880000-7fdb18000000 ---p 00000000 00:00 0 
7fdb18000000-7fdb1851e000 rw-p 00000000 00:00 0 
7fdb1851e000-7fdb1c000000 ---p 00000000 00:00 0 
7fdb1c000000-7fdb1c001000 r--s 00000000 08:07 7340109                    /var/cache/fontconfig/49f0de54bdd920fe4f0dfd4cbac43e6b-le64.cache-6
7fdb1c001000-7fdb1c002000 r--s 00000000 08:07 7340155                    /var/cache/fontconfig/f6e6e0a5c3d2f6ae0c0c2e0ecd42a997-le64.cache-6
7fdb1c002000-7fdb1c003000 r--s 00000000 08:07 7340110                    /var/cache/fontconfig/4b2eda6bb976bda485cb2176619421d5-le64.cache-6
7fdb1c003000-7fdb1c005000 r--s 00004000 08:07 4468830                    /home/deven/Desktop/mylib/dist/run1253003462/lib/fontawesomefx-commons-8.15.jar
7fdb1c005000-7fdb1c00c000 r--s 0008a000 08:07 4468829                    /home/deven/Desktop/mylib/dist/run1253003462/lib/derbyclient.jar
7fdb1c00c000-7fdb1c01f000 rw-s 00000000 00:06 457                        /dev/nvidiactl
7fdb1c01f000-7fdb1c1f8000 r--s 03d64000 08:07 3282543                    /usr/lib/jvm/java-8-oracle/jre/lib/rt.jar
7fdb1c1f8000-7fdb1ce45000 rw-p 00000000 00:00 0 
7fdb1ce45000-7fdb1ce46000 ---p 00000000 00:00 0 
7fdb1ce46000-7fdb1cf46000 rw-p 00000000 00:00 0 
7fdb1cf46000-7fdb1cf47000 ---p 00000000 00:00 0 
7fdb1cf47000-7fdb1d047000 rw-p 00000000 00:00 0 
7fdb1d047000-7fdb1d048000 ---p 00000000 00:00 0 
7fdb1d048000-7fdb1d148000 rw-p 00000000 00:00 0 
7fdb1d148000-7fdb1d149000 ---p 00000000 00:00 0 
7fdb1d149000-7fdb1d268000 rw-p 00000000 00:00 0 
7fdb1d268000-7fdb1d4d9000 ---p 00000000 00:00 0 
7fdb1d4d9000-7fdb1d4f8000 rw-p 00000000 00:00 0 
7fdb1d4f8000-7fdb1d768000 ---p 00000000 00:00 0 
7fdb1d768000-7fdb1d783000 rw-p 00000000 00:00 0 
7fdb1d783000-7fdb1d8b0000 ---p 00000000 00:00 0 
7fdb1d8b0000-7fdb1d8d3000 rw-p 00000000 00:00 0 
7fdb1d8d3000-7fdb1dc71000 ---p 00000000 00:00 0 
7fdb1dc71000-7fdb1dc8c000 r-xp 00000000 08:07 3542403                    /usr/lib/jvm/java-8-oracle/jre/lib/amd64/libzip.so
7fdb1dc8c000-7fdb1de8c000 ---p 0001b000 08:07 3542403                    /usr/lib/jvm/java-8-oracle/jre/lib/amd64/libzip.so
7fdb1de8c000-7fdb1de8d000 rw-p 0001b000 08:07 3542403                    /usr/lib/jvm/java-8-oracle/jre/lib/amd64/libzip.so
7fdb1de8d000-7fdb1de98000 r-xp 00000000 08:07 1572957                    /lib/x86_64-linux-gnu/libnss_files-2.26.so
7fdb1de98000-7fdb1e097000 ---p 0000b000 08:07 1572957                    /lib/x86_64-linux-gnu/libnss_files-2.26.so
7fdb1e097000-7fdb1e098000 r--p 0000a000 08:07 1572957                    /lib/x86_64-linux-gnu/libnss_files-2.26.so
7fdb1e098000-7fdb1e099000 rw-p 0000b000 08:07 1572957                    /lib/x86_64-linux-gnu/libnss_files-2.26.so
7fdb1e099000-7fdb1e09f000 rw-p 00000000 00:00 0 
7fdb1e09f000-7fdb1e0aa000 r-xp 00000000 08:07 1572959                    /lib/x86_64-linux-gnu/libnss_nis-2.26.so
7fdb1e0aa000-7fdb1e2a9000 ---p 0000b000 08:07 1572959                    /lib/x86_64-linux-gnu/libnss_nis-2.26.so
7fdb1e2a9000-7fdb1e2aa000 r--p 0000a000 08:07 1572959                    /lib/x86_64-linux-gnu/libnss_nis-2.26.so
7fdb1e2aa000-7fdb1e2ab000 rw-p 0000b000 08:07 1572959                    /lib/x86_64-linux-gnu/libnss_nis-2.26.so
7fdb1e2ab000-7fdb1e2c2000 r-xp 00000000 08:07 1572954                    /lib/x86_64-linux-gnu/libnsl-2.26.so
7fdb1e2c2000-7fdb1e4c1000 ---p 00017000 08:07 1572954                    /lib/x86_64-linux-gnu/libnsl-2.26.so
7fdb1e4c1000-7fdb1e4c2000 r--p 00016000 08:07 1572954                    /lib/x86_64-linux-gnu/libnsl-2.26.so
7fdb1e4c2000-7fdb1e4c3000 rw-p 00017000 08:07 1572954                    /lib/x86_64-linux-gnu/libnsl-2.26.so
7fdb1e4c3000-7fdb1e4c5000 rw-p 00000000 00:00 0 
7fdb1e4c5000-7fdb1e4cd000 r-xp 00000000 08:07 1572955                    /lib/x86_64-linux-gnu/libnss_compat-2.26.so
7fdb1e4cd000-7fdb1e6cc000 ---p 00008000 08:07 1572955                    /lib/x86_64-linux-gnu/libnss_compat-2.26.so
7fdb1e6cc000-7fdb1e6cd000 r--p 00007000 08:07 1572955                    /lib/x86_64-linux-gnu/libnss_compat-2.26.so
7fdb1e6cd000-7fdb1e6ce000 rw-p 00008000 08:07 1572955                    /lib/x86_64-linux-gnu/libnss_compat-2.26.so
7fdb1e6ce000-7fdb1e6f9000 r-xp 00000000 08:07 3542397                    /usr/lib/jvm/java-8-oracle/jre/lib/amd64/libjava.so
7fdb1e6f9000-7fdb1e8f8000 ---p 0002b000 08:07 3542397                    /usr/lib/jvm/java-8-oracle/jre/lib/amd64/libjava.so
7fdb1e8f8000-7fdb1e8fa000 rw-p 0002a000 08:07 3542397                    /usr/lib/jvm/java-8-oracle/jre/lib/amd64/libjava.so
7fdb1e8fa000-7fdb1e907000 r-xp 00000000 08:07 3542402                    /usr/lib/jvm/java-8-oracle/jre/lib/amd64/libverify.so
7fdb1e907000-7fdb1eb07000 ---p 0000d000 08:07 3542402                    /usr/lib/jvm/java-8-oracle/jre/lib/amd64/libverify.so
7fdb1eb07000-7fdb1eb09000 rw-p 0000d000 08:07 3542402                    /usr/lib/jvm/java-8-oracle/jre/lib/amd64/libverify.so
7fdb1eb09000-7fdb1eb10000 r-xp 00000000 08:07 1577453                    /lib/x86_64-linux-gnu/librt-2.26.so
7fdb1eb10000-7fdb1ed0f000 ---p 00007000 08:07 1577453                    /lib/x86_64-linux-gnu/librt-2.26.so
7fdb1ed0f000-7fdb1ed10000 r--p 00006000 08:07 1577453                    /lib/x86_64-linux-gnu/librt-2.26.so
7fdb1ed10000-7fdb1ed11000 rw-p 00007000 08:07 1577453                    /lib/x86_64-linux-gnu/librt-2.26.so
7fdb1ed11000-7fdb1ee66000 r-xp 00000000 08:07 1572951                    /lib/x86_64-linux-gnu/libm-2.26.so
7fdb1ee66000-7fdb1f065000 ---p 00155000 08:07 1572951                    /lib/x86_64-linux-gnu/libm-2.26.so
7fdb1f065000-7fdb1f066000 r--p 00154000 08:07 1572951                    /lib/x86_64-linux-gnu/libm-2.26.so
7fdb1f066000-7fdb1f067000 rw-p 00155000 08:07 1572951                    /lib/x86_64-linux-gnu/libm-2.26.so
7fdb1f067000-7fdb1fd40000 r-xp 00000000 08:07 3542430                    /usr/lib/jvm/java-8-oracle/jre/lib/amd64/server/libjvm.so
7fdb1fd40000-7fdb1ff3f000 ---p 00cd9000 08:07 3542430                    /usr/lib/jvm/java-8-oracle/jre/lib/amd64/server/libjvm.so
7fdb1ff3f000-7fdb20018000 rw-p 00cd8000 08:07 3542430                    /usr/lib/jvm/java-8-oracle/jre/lib/amd64/server/libjvm.so
7fdb20018000-7fdb20064000 rw-p 00000000 00:00 0 
7fdb20064000-7fdb2023a000 r-xp 00000000 08:07 1572947                    /lib/x86_64-linux-gnu/libc-2.26.so
7fdb2023a000-7fdb2043a000 ---p 001d6000 08:07 1572947                    /lib/x86_64-linux-gnu/libc-2.26.so
7fdb2043a000-7fdb2043e000 r--p 001d6000 08:07 1572947                    /lib/x86_64-linux-gnu/libc-2.26.so
7fdb2043e000-7fdb20440000 rw-p 001da000 08:07 1572947                    /lib/x86_64-linux-gnu/libc-2.26.so
7fdb20440000-7fdb20444000 rw-p 00000000 00:00 0 
7fdb20444000-7fdb20447000 r-xp 00000000 08:07 1572950                    /lib/x86_64-linux-gnu/libdl-2.26.so
7fdb20447000-7fdb20646000 ---p 00003000 08:07 1572950                    /lib/x86_64-linux-gnu/libdl-2.26.so
7fdb20646000-7fdb20647000 r--p 00002000 08:07 1572950                    /lib/x86_64-linux-gnu/libdl-2.26.so
7fdb20647000-7fdb20648000 rw-p 00003000 08:07 1572950                    /lib/x86_64-linux-gnu/libdl-2.26.so
7fdb20648000-7fdb2065e000 r-xp 00000000 08:07 3542379                    /usr/lib/jvm/java-8-oracle/jre/lib/amd64/jli/libjli.so
7fdb2065e000-7fdb2085d000 ---p 00016000 08:07 3542379                    /usr/lib/jvm/java-8-oracle/jre/lib/amd64/jli/libjli.so
7fdb2085d000-7fdb2085e000 rw-p 00015000 08:07 3542379                    /usr/lib/jvm/java-8-oracle/jre/lib/amd64/jli/libjli.so
7fdb2085e000-7fdb20878000 r-xp 00000000 08:07 1572962                    /lib/x86_64-linux-gnu/libpthread-2.26.so
7fdb20878000-7fdb20a77000 ---p 0001a000 08:07 1572962                    /lib/x86_64-linux-gnu/libpthread-2.26.so
7fdb20a77000-7fdb20a78000 r--p 00019000 08:07 1572962                    /lib/x86_64-linux-gnu/libpthread-2.26.so
7fdb20a78000-7fdb20a79000 rw-p 0001a000 08:07 1572962                    /lib/x86_64-linux-gnu/libpthread-2.26.so
7fdb20a79000-7fdb20a7d000 rw-p 00000000 00:00 0 
7fdb20a7d000-7fdb20aa4000 r-xp 00000000 08:07 1572870                    /lib/x86_64-linux-gnu/ld-2.26.so
7fdb20aa4000-7fdb20aa5000 r--s 00021000 08:07 4468831                    /home/deven/Desktop/mylib/dist/run1253003462/lib/fontawesomefx-fontawesome-4.7.0-5.jar
7fdb20aa5000-7fdb20ab5000 rw-s 00000000 00:06 458                        /dev/nvidia0
7fdb20ab5000-7fdb20b86000 rw-p 00000000 00:00 0 
7fdb20b86000-7fdb20b89000 ---p 00000000 00:00 0 
7fdb20b89000-7fdb20c89000 rw-p 00000000 00:00 0 
7fdb20c89000-7fdb20c8b000 r--s 0000d000 08:07 4468827                    /home/deven/Desktop/mylib/dist/run1253003462/lib/commons-codec-1.4.jar
7fdb20c8b000-7fdb20c8d000 rw-s 00000000 08:07 524886                     /tmp/.gltjlBoT (deleted)
7fdb20c8d000-7fdb20c8e000 rw-s 00000000 00:06 457                        /dev/nvidiactl
7fdb20c8e000-7fdb20c92000 rw-s 00000000 00:06 457                        /dev/nvidiactl
7fdb20c92000-7fdb20c93000 rw-s 00000000 00:06 458                        /dev/nvidia0
7fdb20c93000-7fdb20c94000 rw-s 00000000 00:06 458                        /dev/nvidia0
7fdb20c94000-7fdb20c95000 rw-s 00000000 00:06 458                        /dev/nvidia0
7fdb20c95000-7fdb20c96000 rw-s 00000000 00:06 457                        /dev/nvidiactl
7fdb20c96000-7fdb20c98000 r--s 00019000 08:07 4468824                    /home/deven/Desktop/mylib/dist/run1253003462/Library Assistant.jar
7fdb20c98000-7fdb20ca0000 rw-s 00000000 08:07 524885                     /tmp/hsperfdata_deven/15895
7fdb20ca0000-7fdb20ca1000 rw-p 00000000 00:00 0 
7fdb20ca1000-7fdb20ca2000 r--p 00000000 00:00 0 
7fdb20ca2000-7fdb20ca4000 rw-p 00000000 00:00 0 
7fdb20ca4000-7fdb20ca5000 r--p 00027000 08:07 1572870                    /lib/x86_64-linux-gnu/ld-2.26.so
7fdb20ca5000-7fdb20ca6000 rw-p 00028000 08:07 1572870                    /lib/x86_64-linux-gnu/ld-2.26.so
7fdb20ca6000-7fdb20ca7000 rw-p 00000000 00:00 0 
7ffcb2e53000-7ffcb2e74000 rw-p 00000000 00:00 0                          [stack]
7ffcb2e9e000-7ffcb2ea1000 r--p 00000000 00:00 0                          [vvar]
7ffcb2ea1000-7ffcb2ea3000 r-xp 00000000 00:00 0                          [vdso]
ffffffffff600000-ffffffffff601000 r-xp 00000000 00:00 0                  [vsyscall]

VM Arguments:
jvm_args: -Dfile.encoding=UTF-8 
java_command: /home/deven/Desktop/mylib/dist/run1253003462/Library Assistant.jar
java_class_path (initial): /home/deven/Desktop/mylib/dist/run1253003462/Library Assistant.jar
Launcher Type: SUN_STANDARD

Environment Variables:
PATH=/usr/local/sbin:/usr/local/bin:/usr/sbin:/usr/bin:/sbin:/bin:/usr/games:/usr/local/games:/snap/bin
USERNAME=deven
LD_LIBRARY_PATH=/usr/lib/jvm/java-8-oracle/jre/lib/amd64:/usr/lib/jvm/java-8-oracle/jre/lib/i386:
SHELL=/bin/bash
DISPLAY=:1

Signal Handlers:
SIGSEGV: [libjvm.so+0xad01e0], sa_mask[0]=11111111011111111101111111111110, sa_flags=SA_RESTART|SA_SIGINFO
SIGBUS: [libjvm.so+0xad01e0], sa_mask[0]=11111111011111111101111111111110, sa_flags=SA_RESTART|SA_SIGINFO
SIGFPE: [libjvm.so+0x927fb0], sa_mask[0]=11111111011111111101111111111110, sa_flags=SA_RESTART|SA_SIGINFO
SIGPIPE: SIG_IGN, sa_mask[0]=00000000000010000000000000000000, sa_flags=SA_RESTART
SIGXFSZ: [libjvm.so+0x927fb0], sa_mask[0]=11111111011111111101111111111110, sa_flags=SA_RESTART|SA_SIGINFO
SIGILL: [libjvm.so+0x927fb0], sa_mask[0]=11111111011111111101111111111110, sa_flags=SA_RESTART|SA_SIGINFO
SIGUSR1: SIG_DFL, sa_mask[0]=00000000000000000000000000000000, sa_flags=none
SIGUSR2: [libjvm.so+0x9297f0], sa_mask[0]=00100000000000000000000000000000, sa_flags=SA_RESTART|SA_SIGINFO
SIGHUP: [libjvm.so+0x92abf0], sa_mask[0]=11111111011111111101111111111110, sa_flags=SA_RESTART|SA_SIGINFO
SIGINT: SIG_IGN, sa_mask[0]=00000000000000000000000000000000, sa_flags=none
SIGTERM: [libjvm.so+0x92abf0], sa_mask[0]=11111111011111111101111111111110, sa_flags=SA_RESTART|SA_SIGINFO
SIGQUIT: [libjvm.so+0x92abf0], sa_mask[0]=11111111011111111101111111111110, sa_flags=SA_RESTART|SA_SIGINFO


---------------  S Y S T E M  ---------------

OS:DISTRIB_ID=Ubuntu
DISTRIB_RELEASE=17.10
DISTRIB_CODENAME=artful
DISTRIB_DESCRIPTION="Ubuntu 17.10"

uname:Linux 4.13.0-32-generic #35-Ubuntu SMP Thu Jan 25 09:13:46 UTC 2018 x86_64
libc:glibc 2.26 NPTL 2.26 
rlimit: STACK 8192k, CORE 0k, NPROC 30939, NOFILE 1048576, AS infinity
load average:1.60 1.30 1.19

/proc/meminfo:
MemTotal:        8051588 kB
MemFree:         3729576 kB
MemAvailable:    5070920 kB
Buffers:          114960 kB
Cached:          1424820 kB
SwapCached:            0 kB
Active:          3071520 kB
Inactive:         888008 kB
Active(anon):    2318632 kB
Inactive(anon):   118080 kB
Active(file):     752888 kB
Inactive(file):   769928 kB
Unevictable:          32 kB
Mlocked:              32 kB
SwapTotal:       2097148 kB
SwapFree:        2097148 kB
Dirty:             14652 kB
Writeback:             0 kB
AnonPages:       2420248 kB
Mapped:           473092 kB
Shmem:            119948 kB
Slab:             146632 kB
SReclaimable:      85844 kB
SUnreclaim:        60788 kB
KernelStack:       12432 kB
PageTables:        51968 kB
NFS_Unstable:          0 kB
Bounce:                0 kB
WritebackTmp:          0 kB
CommitLimit:     6122940 kB
Committed_AS:    8039756 kB
VmallocTotal:   34359738367 kB
VmallocUsed:           0 kB
VmallocChunk:          0 kB
HardwareCorrupted:     0 kB
AnonHugePages:         0 kB
ShmemHugePages:        0 kB
ShmemPmdMapped:        0 kB
CmaTotal:              0 kB
CmaFree:               0 kB
HugePages_Total:       0
HugePages_Free:        0
HugePages_Rsvd:        0
HugePages_Surp:        0
Hugepagesize:       2048 kB
DirectMap4k:      314996 kB
DirectMap2M:     6907904 kB
DirectMap1G:     1048576 kB


CPU:total 4 (initial active 4) (4 cores per cpu, 1 threads per core) family 6 model 158 stepping 9, cmov, cx8, fxsr, mmx, sse, sse2, sse3, ssse3, sse4.1, sse4.2, popcnt, avx, avx2, aes, clmul, erms, 3dnowpref, lzcnt, tsc, tscinvbit, bmi1, bmi2, adx

/proc/cpuinfo:
processor	: 0
vendor_id	: GenuineIntel
cpu family	: 6
model		: 158
model name	: Intel(R) Core(TM) i5-7300HQ CPU @ 2.50GHz
stepping	: 9
microcode	: 0x5e
cpu MHz		: 2500.000
cache size	: 6144 KB
physical id	: 0
siblings	: 4
core id		: 0
cpu cores	: 4
apicid		: 0
initial apicid	: 0
fpu		: yes
fpu_exception	: yes
cpuid level	: 22
wp		: yes
flags		: fpu vme de pse tsc msr pae mce cx8 apic sep mtrr pge mca cmov pat pse36 clflush dts acpi mmx fxsr sse sse2 ss ht tm pbe syscall nx pdpe1gb rdtscp lm constant_tsc art arch_perfmon pebs bts rep_good nopl xtopology nonstop_tsc cpuid aperfmperf tsc_known_freq pni pclmulqdq dtes64 monitor ds_cpl vmx est tm2 ssse3 sdbg fma cx16 xtpr pdcm pcid sse4_1 sse4_2 x2apic movbe popcnt tsc_deadline_timer aes xsave avx f16c rdrand lahf_lm abm 3dnowprefetch cpuid_fault epb invpcid_single pti intel_pt tpr_shadow vnmi flexpriority ept vpid fsgsbase tsc_adjust bmi1 avx2 smep bmi2 erms invpcid mpx rdseed adx smap clflushopt xsaveopt xsavec xgetbv1 xsaves dtherm ida arat pln pts hwp hwp_notify hwp_act_window hwp_epp
bugs		: cpu_meltdown spectre_v1 spectre_v2
bogomips	: 4992.00
clflush size	: 64
cache_alignment	: 64
address sizes	: 39 bits physical, 48 bits virtual
power management:

processor	: 1
vendor_id	: GenuineIntel
cpu family	: 6
model		: 158
model name	: Intel(R) Core(TM) i5-7300HQ CPU @ 2.50GHz
stepping	: 9
microcode	: 0x5e
cpu MHz		: 2500.000
cache size	: 6144 KB
physical id	: 0
siblings	: 4
core id		: 1
cpu cores	: 4
apicid		: 2
initial apicid	: 2
fpu		: yes
fpu_exception	: yes
cpuid level	: 22
wp		: yes
flags		: fpu vme de pse tsc msr pae mce cx8 apic sep mtrr pge mca cmov pat pse36 clflush dts acpi mmx fxsr sse sse2 ss ht tm pbe syscall nx pdpe1gb rdtscp lm constant_tsc art arch_perfmon pebs bts rep_good nopl xtopology nonstop_tsc cpuid aperfmperf tsc_known_freq pni pclmulqdq dtes64 monitor ds_cpl vmx est tm2 ssse3 sdbg fma cx16 xtpr pdcm pcid sse4_1 sse4_2 x2apic movbe popcnt tsc_deadline_timer aes xsave avx f16c rdrand lahf_lm abm 3dnowprefetch cpuid_fault epb invpcid_single pti intel_pt tpr_shadow vnmi flexpriority ept vpid fsgsbase tsc_adjust bmi1 avx2 smep bmi2 erms invpcid mpx rdseed adx smap clflushopt xsaveopt xsavec xgetbv1 xsaves dtherm ida arat pln pts hwp hwp_notify hwp_act_window hwp_epp
bugs		: cpu_meltdown spectre_v1 spectre_v2
bogomips	: 4992.00
clflush size	: 64
cache_alignment	: 64
address sizes	: 39 bits physical, 48 bits virtual
power management:

processor	: 2
vendor_id	: GenuineIntel
cpu family	: 6
model		: 158
model name	: Intel(R) Core(TM) i5-7300HQ CPU @ 2.50GHz
stepping	: 9
microcode	: 0x5e
cpu MHz		: 2500.000
cache size	: 6144 KB
physical id	: 0
siblings	: 4
core id		: 2
cpu cores	: 4
apicid		: 4
initial apicid	: 4
fpu		: yes
fpu_exception	: yes
cpuid level	: 22
wp		: yes
flags		: fpu vme de pse tsc msr pae mce cx8 apic sep mtrr pge mca cmov pat pse36 clflush dts acpi mmx fxsr sse sse2 ss ht tm pbe syscall nx pdpe1gb rdtscp lm constant_tsc art arch_perfmon pebs bts rep_good nopl xtopology nonstop_tsc cpuid aperfmperf tsc_known_freq pni pclmulqdq dtes64 monitor ds_cpl vmx est tm2 ssse3 sdbg fma cx16 xtpr pdcm pcid sse4_1 sse4_2 x2apic movbe popcnt tsc_deadline_timer aes xsave avx f16c rdrand lahf_lm abm 3dnowprefetch cpuid_fault epb invpcid_single pti intel_pt tpr_shadow vnmi flexpriority ept vpid fsgsbase tsc_adjust bmi1 avx2 smep bmi2 erms invpcid mpx rdseed adx smap clflushopt xsaveopt xsavec xgetbv1 xsaves dtherm ida arat pln pts hwp hwp_notify hwp_act_window hwp_epp
bugs		: cpu_meltdown spectre_v1 spectre_v2
bogomips	: 4992.00
clflush size	: 64
cache_alignment	: 64
address sizes	: 39 bits physical, 48 bits virtual
power management:

processor	: 3
vendor_id	: GenuineIntel
cpu family	: 6
model		: 158
model name	: Intel(R) Core(TM) i5-7300HQ CPU @ 2.50GHz
stepping	: 9
microcode	: 0x5e
cpu MHz		: 2500.000
cache size	: 6144 KB
physical id	: 0
siblings	: 4
core id		: 3
cpu cores	: 4
apicid		: 6
initial apicid	: 6
fpu		: yes
fpu_exception	: yes
cpuid level	: 22
wp		: yes
flags		: fpu vme de pse tsc msr pae mce cx8 apic sep mtrr pge mca cmov pat pse36 clflush dts acpi mmx fxsr sse sse2 ss ht tm pbe syscall nx pdpe1gb rdtscp lm constant_tsc art arch_perfmon pebs bts rep_good nopl xtopology nonstop_tsc cpuid aperfmperf tsc_known_freq pni pclmulqdq dtes64 monitor ds_cpl vmx est tm2 ssse3 sdbg fma cx16 xtpr pdcm pcid sse4_1 sse4_2 x2apic movbe popcnt tsc_deadline_timer aes xsave avx f16c rdrand lahf_lm abm 3dnowprefetch cpuid_fault epb invpcid_single pti intel_pt tpr_shadow vnmi flexpriority ept vpid fsgsbase tsc_adjust bmi1 avx2 smep bmi2 erms invpcid mpx rdseed adx smap clflushopt xsaveopt xsavec xgetbv1 xsaves dtherm ida arat pln pts hwp hwp_notify hwp_act_window hwp_epp
bugs		: cpu_meltdown spectre_v1 spectre_v2
bogomips	: 4992.00
clflush size	: 64
cache_alignment	: 64
address sizes	: 39 bits physical, 48 bits virtual
power management:



Memory: 4k page, physical 8051588k(3729576k free), swap 2097148k(2097148k free)

vm_info: Java HotSpot(TM) 64-Bit Server VM (25.161-b12) for linux-amd64 JRE (1.8.0_161-b12), built on Dec 19 2017 16:12:43 by "java_re" with gcc 4.3.0 20080428 (Red Hat 4.3.0-8)

time: Sat Feb 17 00:25:00 2018
elapsed time: 5 seconds (0d 0h 0m 5s)

